{"numTotalTestSuites":116,"numPassedTestSuites":103,"numFailedTestSuites":13,"numPendingTestSuites":0,"numTotalTests":312,"numPassedTests":289,"numFailedTests":23,"numPendingTests":0,"numTodoTests":0,"snapshot":{"added":0,"failure":false,"filesAdded":0,"filesRemoved":0,"filesRemovedList":[],"filesUnmatched":0,"filesUpdated":0,"matched":0,"total":0,"unchecked":0,"uncheckedKeysByFile":[],"unmatched":0,"updated":0,"didUpdate":false},"startTime":1774297178491,"success":false,"testResults":[{"assertionResults":[{"ancestorTitles":["WeekSummaryModal"],"fullName":"WeekSummaryModal renders nothing when weekSummary is null","status":"passed","title":"renders nothing when weekSummary is null","duration":9.327540999999883,"failureMessages":[],"meta":{}},{"ancestorTitles":["WeekSummaryModal"],"fullName":"WeekSummaryModal renders nothing when showWeekSummary is false (Dialog handles open state, but if weekSummary is null it returns null anyway)","status":"passed","title":"renders nothing when showWeekSummary is false (Dialog handles open state, but if weekSummary is null it returns null anyway)","duration":1.218375000000151,"failureMessages":[],"meta":{}},{"ancestorTitles":["WeekSummaryModal"],"fullName":"WeekSummaryModal renders correctly with positive net financial data","status":"passed","title":"renders correctly with positive net financial data","duration":77.20583299999998,"failureMessages":[],"meta":{}},{"ancestorTitles":["WeekSummaryModal"],"fullName":"WeekSummaryModal renders correctly with negative net financial data","status":"passed","title":"renders correctly with negative net financial data","duration":30.914999999999964,"failureMessages":[],"meta":{}},{"ancestorTitles":["WeekSummaryModal"],"fullName":"WeekSummaryModal renders project updates, events, and headlines if they exist","status":"passed","title":"renders project updates, events, and headlines if they exist","duration":65.62516699999992,"failureMessages":[],"meta":{}},{"ancestorTitles":["WeekSummaryModal"],"fullName":"WeekSummaryModal calls closeSummary when the Continue button is clicked","status":"passed","title":"calls closeSummary when the Continue button is clicked","duration":129.20474999999988,"failureMessages":[],"meta":{}}],"startTime":1774297181058,"endTime":1774297181373.2048,"status":"passed","message":"","name":"/Users/amauricia/Documents/GitHub/Studio-Boss/src/test/WeekSummaryModal.test.tsx"},{"assertionResults":[{"ancestorTitles":["ChartStyle"],"fullName":"ChartStyle should securely escape malicious XSS payloads in color config","status":"passed","title":"should securely escape malicious XSS payloads in color config","duration":19.701624999999922,"failureMessages":[],"meta":{}}],"startTime":1774297181545,"endTime":1774297181564.7017,"status":"passed","message":"","name":"/Users/amauricia/Documents/GitHub/Studio-Boss/src/test/chart.test.tsx"},{"assertionResults":[{"ancestorTitles":["example"],"fullName":"example should pass","status":"passed","title":"should pass","duration":0.622916000000032,"failureMessages":[],"meta":{}}],"startTime":1774297183516,"endTime":1774297183516.6228,"status":"passed","message":"","name":"/Users/amauricia/Documents/GitHub/Studio-Boss/src/test/example.test.ts"},{"assertionResults":[{"ancestorTitles":["utils","formatMoney"],"fullName":"utils formatMoney formats %p as %p 1500 $2K","status":"passed","title":"formats %p as %p 1500 $2K","duration":0.7943330000000515,"failureMessages":[],"meta":{}},{"ancestorTitles":["utils","formatMoney"],"fullName":"utils formatMoney formats %p as %p 1000 $1K","status":"passed","title":"formats %p as %p 1000 $1K","duration":0.07783300000005511,"failureMessages":[],"meta":{}},{"ancestorTitles":["utils","formatMoney"],"fullName":"utils formatMoney formats %p as %p 999 undefined","status":"passed","title":"formats %p as %p 999 undefined","duration":0.04875000000004093,"failureMessages":[],"meta":{}},{"ancestorTitles":["utils","formatMoney"],"fullName":"utils formatMoney formats %p as %p 1500000 $1.5M","status":"passed","title":"formats %p as %p 1500000 $1.5M","duration":0.1049999999999045,"failureMessages":[],"meta":{}},{"ancestorTitles":["utils","formatMoney"],"fullName":"utils formatMoney formats %p as %p 1000000 $1.0M","status":"passed","title":"formats %p as %p 1000000 $1.0M","duration":0.04512499999998454,"failureMessages":[],"meta":{}},{"ancestorTitles":["utils","formatMoney"],"fullName":"utils formatMoney formats %p as %p 1500000000 $1.5B","status":"passed","title":"formats %p as %p 1500000000 $1.5B","duration":0.057999999999992724,"failureMessages":[],"meta":{}},{"ancestorTitles":["utils","formatMoney"],"fullName":"utils formatMoney formats %p as %p 1000000000 $1.0B","status":"passed","title":"formats %p as %p 1000000000 $1.0B","duration":0.03566699999998946,"failureMessages":[],"meta":{}},{"ancestorTitles":["utils","formatMoney"],"fullName":"utils formatMoney formats %p as %p -1500 -$2K","status":"passed","title":"formats %p as %p -1500 -$2K","duration":0.03183400000000347,"failureMessages":[],"meta":{}},{"ancestorTitles":["utils","formatMoney"],"fullName":"utils formatMoney formats %p as %p -1500000 -$1.5M","status":"passed","title":"formats %p as %p -1500000 -$1.5M","duration":0.2504580000000942,"failureMessages":[],"meta":{}},{"ancestorTitles":["utils","formatMoney"],"fullName":"utils formatMoney formats %p as %p -1500000000 -$1.5B","status":"passed","title":"formats %p as %p -1500000000 -$1.5B","duration":0.06629099999997834,"failureMessages":[],"meta":{}},{"ancestorTitles":["utils","formatMoney"],"fullName":"utils formatMoney formats %p as %p -500 -undefined","status":"passed","title":"formats %p as %p -500 -undefined","duration":0.0755420000000413,"failureMessages":[],"meta":{}},{"ancestorTitles":["utils","formatMoney"],"fullName":"utils formatMoney formats %p as %p 0 +0","status":"passed","title":"formats %p as %p 0 +0","duration":0.03049999999996089,"failureMessages":[],"meta":{}},{"ancestorTitles":["utils","formatMoney"],"fullName":"utils formatMoney formats %p as %p 50 undefined","status":"passed","title":"formats %p as %p 50 undefined","duration":1.3344169999999167,"failureMessages":[],"meta":{}},{"ancestorTitles":["utils","formatMoney"],"fullName":"utils formatMoney formats %p as %p 0 --0","status":"passed","title":"formats %p as %p 0 --0","duration":0.030624999999986358,"failureMessages":[],"meta":{}},{"ancestorTitles":["utils","formatMoney"],"fullName":"utils formatMoney formats %p as %p NaN $NaN","status":"passed","title":"formats %p as %p NaN $NaN","duration":0.0236250000000382,"failureMessages":[],"meta":{}},{"ancestorTitles":["utils","formatMoney"],"fullName":"utils formatMoney formats %p as %p Infinity $InfinityB","status":"passed","title":"formats %p as %p Infinity $InfinityB","duration":0.026625000000080945,"failureMessages":[],"meta":{}},{"ancestorTitles":["utils","formatMoney"],"fullName":"utils formatMoney formats %p as %p -Infinity -$InfinityB","status":"passed","title":"formats %p as %p -Infinity -$InfinityB","duration":0.0225830000000542,"failureMessages":[],"meta":{}},{"ancestorTitles":["utils","formatMoney"],"fullName":"utils formatMoney formats %p as %p 999.9 $1K","status":"passed","title":"formats %p as %p 999.9 $1K","duration":0.023957999999993262,"failureMessages":[],"meta":{}},{"ancestorTitles":["utils","formatMoney"],"fullName":"utils formatMoney formats %p as %p 999999.9 $1.0M","status":"passed","title":"formats %p as %p 999999.9 $1.0M","duration":0.023291999999969448,"failureMessages":[],"meta":{}},{"ancestorTitles":["utils","formatMoney"],"fullName":"utils formatMoney formats %p as %p 999999999.9 $1.0B","status":"passed","title":"formats %p as %p 999999999.9 $1.0B","duration":0.02308400000003985,"failureMessages":[],"meta":{}},{"ancestorTitles":["utils","getWeekDisplay"],"fullName":"utils getWeekDisplay calculates correct week and year","status":"passed","title":"calculates correct week and year","duration":0.40954099999999016,"failureMessages":[],"meta":{}},{"ancestorTitles":["utils","pick"],"fullName":"utils pick picks an element from the array","status":"passed","title":"picks an element from the array","duration":0.7800829999999905,"failureMessages":[],"meta":{}},{"ancestorTitles":["utils","randRange"],"fullName":"utils randRange returns a number within the range","status":"passed","title":"returns a number within the range","duration":0.10558300000002419,"failureMessages":[],"meta":{}},{"ancestorTitles":["utils","clamp"],"fullName":"utils clamp returns the minimum when value is below min","status":"passed","title":"returns the minimum when value is below min","duration":0.04641700000001947,"failureMessages":[],"meta":{}},{"ancestorTitles":["utils","clamp"],"fullName":"utils clamp returns the value when within range","status":"passed","title":"returns the value when within range","duration":0.03329099999996288,"failureMessages":[],"meta":{}},{"ancestorTitles":["utils","clamp"],"fullName":"utils clamp returns the maximum when value is above max","status":"passed","title":"returns the maximum when value is above max","duration":0.030333000000041466,"failureMessages":[],"meta":{}}],"startTime":1774297182031,"endTime":1774297182036.1055,"status":"passed","message":"","name":"/Users/amauricia/Documents/GitHub/Studio-Boss/src/test/engine/utils.test.ts"},{"assertionResults":[{"ancestorTitles":["saveLoad"],"fullName":"saveLoad returns null when loading an empty slot","status":"passed","title":"returns null when loading an empty slot","duration":0.8617499999999154,"failureMessages":[],"meta":{}},{"ancestorTitles":["saveLoad"],"fullName":"saveLoad handles malformed save data","status":"passed","title":"handles malformed save data","duration":0.3037500000000364,"failureMessages":[],"meta":{}},{"ancestorTitles":["saveLoad"],"fullName":"saveLoad saves and loads game state","status":"passed","title":"saves and loads game state","duration":2.0640829999999823,"failureMessages":[],"meta":{}},{"ancestorTitles":["saveLoad"],"fullName":"saveLoad retrieves save slots info","status":"passed","title":"retrieves save slots info","duration":1.200917000000004,"failureMessages":[],"meta":{}},{"ancestorTitles":["saveLoad"],"fullName":"saveLoad interacts with localStorage correctly when saving a game","status":"passed","title":"interacts with localStorage correctly when saving a game","duration":1.309500000000071,"failureMessages":[],"meta":{}},{"ancestorTitles":["saveLoad"],"fullName":"saveLoad preserves existing save slots when saving to a new slot","status":"passed","title":"preserves existing save slots when saving to a new slot","duration":1.039707999999905,"failureMessages":[],"meta":{}}],"startTime":1774297181878,"endTime":1774297181885.0398,"status":"passed","message":"","name":"/Users/amauricia/Documents/GitHub/Studio-Boss/src/test/persistence/saveLoad.test.ts"},{"assertionResults":[{"ancestorTitles":["gameStore"],"fullName":"gameStore starts with null game state","status":"passed","title":"starts with null game state","duration":0.8984580000000051,"failureMessages":[],"meta":{}},{"ancestorTitles":["gameStore"],"fullName":"gameStore creates a new game","status":"passed","title":"creates a new game","duration":2.786958000000027,"failureMessages":[],"meta":{}},{"ancestorTitles":["gameStore"],"fullName":"gameStore advances week","status":"passed","title":"advances week","duration":1.6248339999999644,"failureMessages":[],"meta":{}},{"ancestorTitles":["gameStore"],"fullName":"gameStore throws when advancing without game state","status":"passed","title":"throws when advancing without game state","duration":0.43087500000001455,"failureMessages":[],"meta":{}},{"ancestorTitles":["gameStore"],"fullName":"gameStore creates a project","status":"passed","title":"creates a project","duration":1.3900830000000042,"failureMessages":[],"meta":{}},{"ancestorTitles":["gameStore"],"fullName":"gameStore handles creating project when no game state exists","status":"passed","title":"handles creating project when no game state exists","duration":0.12212499999998272,"failureMessages":[],"meta":{}},{"ancestorTitles":["gameStore"],"fullName":"gameStore saves to slot","status":"passed","title":"saves to slot","duration":0.35350000000005366,"failureMessages":[],"meta":{}},{"ancestorTitles":["gameStore"],"fullName":"gameStore loads from slot","status":"passed","title":"loads from slot","duration":0.11141699999996035,"failureMessages":[],"meta":{}},{"ancestorTitles":["gameStore"],"fullName":"gameStore retrieves save slots","status":"passed","title":"retrieves save slots","duration":0.32195899999999256,"failureMessages":[],"meta":{}},{"ancestorTitles":["gameStore"],"fullName":"gameStore signs a contract if sufficient funds","status":"passed","title":"signs a contract if sufficient funds","duration":0.4694579999999178,"failureMessages":[],"meta":{}},{"ancestorTitles":["gameStore"],"fullName":"gameStore fails to sign contract if insufficient funds","status":"passed","title":"fails to sign contract if insufficient funds","duration":0.29416700000001583,"failureMessages":[],"meta":{}},{"ancestorTitles":["gameStore"],"fullName":"gameStore should acquire an opportunity and convert it to a project","status":"passed","title":"should acquire an opportunity and convert it to a project","duration":0.4763749999999618,"failureMessages":[],"meta":{}}],"startTime":1774297181895,"endTime":1774297181904.4763,"status":"passed","message":"","name":"/Users/amauricia/Documents/GitHub/Studio-Boss/src/test/store/gameStore.test.ts"},{"assertionResults":[{"ancestorTitles":["uiStore"],"fullName":"uiStore sets active tab","status":"passed","title":"sets active tab","duration":0.8776659999999765,"failureMessages":[],"meta":{}},{"ancestorTitles":["uiStore"],"fullName":"uiStore opens and closes create project modal","status":"passed","title":"opens and closes create project modal","duration":0.28904099999999744,"failureMessages":[],"meta":{}},{"ancestorTitles":["uiStore"],"fullName":"uiStore selects a project","status":"passed","title":"selects a project","duration":0.2965829999999414,"failureMessages":[],"meta":{}},{"ancestorTitles":["uiStore"],"fullName":"uiStore shows and closes week summary","status":"passed","title":"shows and closes week summary","duration":0.18433300000003783,"failureMessages":[],"meta":{}}],"startTime":1774297183649,"endTime":1774297183651.2966,"status":"passed","message":"","name":"/Users/amauricia/Documents/GitHub/Studio-Boss/src/test/store/uiStore.test.ts"},{"assertionResults":[{"ancestorTitles":["DiscoveryBoard"],"fullName":"DiscoveryBoard renders empty state when there are no opportunities","status":"failed","title":"renders empty state when there are no opportunities","duration":42.769000000000005,"failureMessages":["TypeError: Cannot read properties of undefined (reading 'opportunities')\n    at Module.selectOpportunities (/Users/amauricia/Documents/GitHub/Studio-Boss/src/store/selectors.ts:32:72)\n    at selector (/Users/amauricia/Documents/GitHub/Studio-Boss/src/components/discovery/DiscoveryBoard.tsx:10:43)\n    at Proxy.<anonymous> (/Users/amauricia/Documents/GitHub/Studio-Boss/src/test/components/discovery/DiscoveryBoard.test.tsx:31:16)\n    at Proxy.mockCall (file:///Users/amauricia/Documents/GitHub/Studio-Boss/node_modules/@vitest/spy/dist/index.js:96:15)\n    at Proxy.useGameStore (file:///Users/amauricia/Documents/GitHub/Studio-Boss/node_modules/tinyspy/dist/index.js:47:80)\n    at DiscoveryBoard (/Users/amauricia/Documents/GitHub/Studio-Boss/src/components/discovery/DiscoveryBoard.tsx:10:25)\n    at renderWithHooks (/Users/amauricia/Documents/GitHub/Studio-Boss/node_modules/react-dom/cjs/react-dom.development.js:15486:18)\n    at mountIndeterminateComponent (/Users/amauricia/Documents/GitHub/Studio-Boss/node_modules/react-dom/cjs/react-dom.development.js:20103:13)\n    at beginWork (/Users/amauricia/Documents/GitHub/Studio-Boss/node_modules/react-dom/cjs/react-dom.development.js:21626:16)\n    at beginWork$1 (/Users/amauricia/Documents/GitHub/Studio-Boss/node_modules/react-dom/cjs/react-dom.development.js:27465:14)"],"meta":{}},{"ancestorTitles":["DiscoveryBoard"],"fullName":"DiscoveryBoard calls openCreateProject when Create Original button is clicked","status":"failed","title":"calls openCreateProject when Create Original button is clicked","duration":2.9933330000001206,"failureMessages":["TypeError: Cannot read properties of undefined (reading 'opportunities')\n    at Module.selectOpportunities (/Users/amauricia/Documents/GitHub/Studio-Boss/src/store/selectors.ts:32:72)\n    at selector (/Users/amauricia/Documents/GitHub/Studio-Boss/src/components/discovery/DiscoveryBoard.tsx:10:43)\n    at Proxy.<anonymous> (/Users/amauricia/Documents/GitHub/Studio-Boss/src/test/components/discovery/DiscoveryBoard.test.tsx:45:16)\n    at Proxy.mockCall (file:///Users/amauricia/Documents/GitHub/Studio-Boss/node_modules/@vitest/spy/dist/index.js:96:15)\n    at Proxy.useGameStore (file:///Users/amauricia/Documents/GitHub/Studio-Boss/node_modules/tinyspy/dist/index.js:47:80)\n    at DiscoveryBoard (/Users/amauricia/Documents/GitHub/Studio-Boss/src/components/discovery/DiscoveryBoard.tsx:10:25)\n    at renderWithHooks (/Users/amauricia/Documents/GitHub/Studio-Boss/node_modules/react-dom/cjs/react-dom.development.js:15486:18)\n    at mountIndeterminateComponent (/Users/amauricia/Documents/GitHub/Studio-Boss/node_modules/react-dom/cjs/react-dom.development.js:20103:13)\n    at beginWork (/Users/amauricia/Documents/GitHub/Studio-Boss/node_modules/react-dom/cjs/react-dom.development.js:21626:16)\n    at beginWork$1 (/Users/amauricia/Documents/GitHub/Studio-Boss/node_modules/react-dom/cjs/react-dom.development.js:27465:14)"],"meta":{}},{"ancestorTitles":["DiscoveryBoard"],"fullName":"DiscoveryBoard renders opportunity cards when there are opportunities","status":"failed","title":"renders opportunity cards when there are opportunities","duration":4.340750000000071,"failureMessages":["TypeError: Cannot read properties of undefined (reading 'opportunities')\n    at Module.selectOpportunities (/Users/amauricia/Documents/GitHub/Studio-Boss/src/store/selectors.ts:32:72)\n    at selector (/Users/amauricia/Documents/GitHub/Studio-Boss/src/components/discovery/DiscoveryBoard.tsx:10:43)\n    at Proxy.<anonymous> (/Users/amauricia/Documents/GitHub/Studio-Boss/src/test/components/discovery/DiscoveryBoard.test.tsx:90:16)\n    at Proxy.mockCall (file:///Users/amauricia/Documents/GitHub/Studio-Boss/node_modules/@vitest/spy/dist/index.js:96:15)\n    at Proxy.useGameStore (file:///Users/amauricia/Documents/GitHub/Studio-Boss/node_modules/tinyspy/dist/index.js:47:80)\n    at DiscoveryBoard (/Users/amauricia/Documents/GitHub/Studio-Boss/src/components/discovery/DiscoveryBoard.tsx:10:25)\n    at renderWithHooks (/Users/amauricia/Documents/GitHub/Studio-Boss/node_modules/react-dom/cjs/react-dom.development.js:15486:18)\n    at mountIndeterminateComponent (/Users/amauricia/Documents/GitHub/Studio-Boss/node_modules/react-dom/cjs/react-dom.development.js:20103:13)\n    at beginWork (/Users/amauricia/Documents/GitHub/Studio-Boss/node_modules/react-dom/cjs/react-dom.development.js:21626:16)\n    at beginWork$1 (/Users/amauricia/Documents/GitHub/Studio-Boss/node_modules/react-dom/cjs/react-dom.development.js:27465:14)"],"meta":{}},{"ancestorTitles":["DiscoveryBoard"],"fullName":"DiscoveryBoard calls acquireOpportunity when Acquire button is clicked on a card","status":"failed","title":"calls acquireOpportunity when Acquire button is clicked on a card","duration":3.214999999999918,"failureMessages":["TypeError: Cannot read properties of undefined (reading 'opportunities')\n    at Module.selectOpportunities (/Users/amauricia/Documents/GitHub/Studio-Boss/src/store/selectors.ts:32:72)\n    at selector (/Users/amauricia/Documents/GitHub/Studio-Boss/src/components/discovery/DiscoveryBoard.tsx:10:43)\n    at Proxy.<anonymous> (/Users/amauricia/Documents/GitHub/Studio-Boss/src/test/components/discovery/DiscoveryBoard.test.tsx:126:16)\n    at Proxy.mockCall (file:///Users/amauricia/Documents/GitHub/Studio-Boss/node_modules/@vitest/spy/dist/index.js:96:15)\n    at Proxy.useGameStore (file:///Users/amauricia/Documents/GitHub/Studio-Boss/node_modules/tinyspy/dist/index.js:47:80)\n    at DiscoveryBoard (/Users/amauricia/Documents/GitHub/Studio-Boss/src/components/discovery/DiscoveryBoard.tsx:10:25)\n    at renderWithHooks (/Users/amauricia/Documents/GitHub/Studio-Boss/node_modules/react-dom/cjs/react-dom.development.js:15486:18)\n    at mountIndeterminateComponent (/Users/amauricia/Documents/GitHub/Studio-Boss/node_modules/react-dom/cjs/react-dom.development.js:20103:13)\n    at beginWork (/Users/amauricia/Documents/GitHub/Studio-Boss/node_modules/react-dom/cjs/react-dom.development.js:21626:16)\n    at beginWork$1 (/Users/amauricia/Documents/GitHub/Studio-Boss/node_modules/react-dom/cjs/react-dom.development.js:27465:14)"],"meta":{}}],"startTime":1774297179914,"endTime":1774297179967.215,"status":"failed","message":"","name":"/Users/amauricia/Documents/GitHub/Studio-Boss/src/test/components/discovery/DiscoveryBoard.test.tsx"},{"assertionResults":[{"ancestorTitles":["FinancePanel Component"],"fullName":"FinancePanel Component renders gracefully with null/empty game state","status":"passed","title":"renders gracefully with null/empty game state","duration":85.738834,"failureMessages":[],"meta":{}},{"ancestorTitles":["FinancePanel Component"],"fullName":"FinancePanel Component renders correctly with positive cash flow and active projects","status":"failed","title":"renders correctly with positive cash flow and active projects","duration":11.301832999999988,"failureMessages":["TypeError: Cannot read properties of undefined (reading 'internal')\n    at FinancePanel (/Users/amauricia/Documents/GitHub/Studio-Boss/src/components/finance/FinancePanel.tsx:13:40)\n    at renderWithHooks (/Users/amauricia/Documents/GitHub/Studio-Boss/node_modules/react-dom/cjs/react-dom.development.js:15486:18)\n    at mountIndeterminateComponent (/Users/amauricia/Documents/GitHub/Studio-Boss/node_modules/react-dom/cjs/react-dom.development.js:20103:13)\n    at beginWork (/Users/amauricia/Documents/GitHub/Studio-Boss/node_modules/react-dom/cjs/react-dom.development.js:21626:16)\n    at beginWork$1 (/Users/amauricia/Documents/GitHub/Studio-Boss/node_modules/react-dom/cjs/react-dom.development.js:27465:14)\n    at performUnitOfWork (/Users/amauricia/Documents/GitHub/Studio-Boss/node_modules/react-dom/cjs/react-dom.development.js:26599:12)\n    at workLoopSync (/Users/amauricia/Documents/GitHub/Studio-Boss/node_modules/react-dom/cjs/react-dom.development.js:26505:5)\n    at renderRootSync (/Users/amauricia/Documents/GitHub/Studio-Boss/node_modules/react-dom/cjs/react-dom.development.js:26473:7)\n    at recoverFromConcurrentError (/Users/amauricia/Documents/GitHub/Studio-Boss/node_modules/react-dom/cjs/react-dom.development.js:25889:20)\n    at performConcurrentWorkOnRoot (/Users/amauricia/Documents/GitHub/Studio-Boss/node_modules/react-dom/cjs/react-dom.development.js:25789:22)"],"meta":{}},{"ancestorTitles":["FinancePanel Component"],"fullName":"FinancePanel Component renders correctly with negative cash flow and negative cash","status":"failed","title":"renders correctly with negative cash flow and negative cash","duration":7.752458999999817,"failureMessages":["TypeError: Cannot read properties of undefined (reading 'internal')\n    at FinancePanel (/Users/amauricia/Documents/GitHub/Studio-Boss/src/components/finance/FinancePanel.tsx:13:40)\n    at renderWithHooks (/Users/amauricia/Documents/GitHub/Studio-Boss/node_modules/react-dom/cjs/react-dom.development.js:15486:18)\n    at mountIndeterminateComponent (/Users/amauricia/Documents/GitHub/Studio-Boss/node_modules/react-dom/cjs/react-dom.development.js:20103:13)\n    at beginWork (/Users/amauricia/Documents/GitHub/Studio-Boss/node_modules/react-dom/cjs/react-dom.development.js:21626:16)\n    at beginWork$1 (/Users/amauricia/Documents/GitHub/Studio-Boss/node_modules/react-dom/cjs/react-dom.development.js:27465:14)\n    at performUnitOfWork (/Users/amauricia/Documents/GitHub/Studio-Boss/node_modules/react-dom/cjs/react-dom.development.js:26599:12)\n    at workLoopSync (/Users/amauricia/Documents/GitHub/Studio-Boss/node_modules/react-dom/cjs/react-dom.development.js:26505:5)\n    at renderRootSync (/Users/amauricia/Documents/GitHub/Studio-Boss/node_modules/react-dom/cjs/react-dom.development.js:26473:7)\n    at recoverFromConcurrentError (/Users/amauricia/Documents/GitHub/Studio-Boss/node_modules/react-dom/cjs/react-dom.development.js:25889:20)\n    at performConcurrentWorkOnRoot (/Users/amauricia/Documents/GitHub/Studio-Boss/node_modules/react-dom/cjs/react-dom.development.js:25789:22)"],"meta":{}}],"startTime":1774297179847,"endTime":1774297179951.7524,"status":"failed","message":"","name":"/Users/amauricia/Documents/GitHub/Studio-Boss/src/test/components/finance/FinancePanel.test.tsx"},{"assertionResults":[{"ancestorTitles":["CreateProjectModal"],"fullName":"CreateProjectModal does not render when showCreateProject is false","status":"passed","title":"does not render when showCreateProject is false","duration":25.37979100000007,"failureMessages":[],"meta":{}},{"ancestorTitles":["CreateProjectModal"],"fullName":"CreateProjectModal renders correctly when showCreateProject is true","status":"passed","title":"renders correctly when showCreateProject is true","duration":234.50025000000005,"failureMessages":[],"meta":{}},{"ancestorTitles":["CreateProjectModal"],"fullName":"CreateProjectModal generates a title when opening with an empty title","status":"passed","title":"generates a title when opening with an empty title","duration":86.973792,"failureMessages":[],"meta":{}},{"ancestorTitles":["CreateProjectModal"],"fullName":"CreateProjectModal allows clicking Generate Random Title button","status":"passed","title":"allows clicking Generate Random Title button","duration":87.67129099999988,"failureMessages":[],"meta":{}},{"ancestorTitles":["CreateProjectModal"],"fullName":"CreateProjectModal conditionally renders TV fields when TV format is selected","status":"passed","title":"conditionally renders TV fields when TV format is selected","duration":94.33066600000006,"failureMessages":[],"meta":{}},{"ancestorTitles":["CreateProjectModal"],"fullName":"CreateProjectModal conditionally renders Unscripted fields when Unscripted format is selected","status":"passed","title":"conditionally renders Unscripted fields when Unscripted format is selected","duration":110.111625,"failureMessages":[],"meta":{}},{"ancestorTitles":["CreateProjectModal"],"fullName":"CreateProjectModal disables Greenlight button if title is empty","status":"passed","title":"disables Greenlight button if title is empty","duration":38.93929200000002,"failureMessages":[],"meta":{}},{"ancestorTitles":["CreateProjectModal"],"fullName":"CreateProjectModal submits the form correctly for a film","status":"passed","title":"submits the form correctly for a film","duration":56.45958299999984,"failureMessages":[],"meta":{}},{"ancestorTitles":["CreateProjectModal"],"fullName":"CreateProjectModal allows selecting talent","status":"passed","title":"allows selecting talent","duration":167.791917,"failureMessages":[],"meta":{}}],"startTime":1774297180094,"endTime":1774297180995.792,"status":"passed","message":"","name":"/Users/amauricia/Documents/GitHub/Studio-Boss/src/test/components/modals/CreateProjectModal.test.tsx"},{"assertionResults":[{"ancestorTitles":["CrisisModal"],"fullName":"CrisisModal renders nothing if gameState is missing","status":"passed","title":"renders nothing if gameState is missing","duration":8.709499999999935,"failureMessages":[],"meta":{}},{"ancestorTitles":["CrisisModal"],"fullName":"CrisisModal renders nothing if crisisProjectId is missing","status":"passed","title":"renders nothing if crisisProjectId is missing","duration":1.8145830000000842,"failureMessages":[],"meta":{}},{"ancestorTitles":["CrisisModal"],"fullName":"CrisisModal renders nothing if project is not found","status":"passed","title":"renders nothing if project is not found","duration":4.604583000000048,"failureMessages":[],"meta":{}},{"ancestorTitles":["CrisisModal"],"fullName":"CrisisModal renders nothing if project has no active crisis","status":"passed","title":"renders nothing if project has no active crisis","duration":0.9077080000001843,"failureMessages":[],"meta":{}},{"ancestorTitles":["CrisisModal"],"fullName":"CrisisModal renders nothing if crisis is already resolved","status":"passed","title":"renders nothing if crisis is already resolved","duration":1.4282079999998132,"failureMessages":[],"meta":{}},{"ancestorTitles":["CrisisModal"],"fullName":"CrisisModal renders the modal with crisis details correctly","status":"passed","title":"renders the modal with crisis details correctly","duration":84.25558300000012,"failureMessages":[],"meta":{}},{"ancestorTitles":["CrisisModal"],"fullName":"CrisisModal calls resolveProjectCrisis and closeCrisisModal when an option is selected","status":"passed","title":"calls resolveProjectCrisis and closeCrisisModal when an option is selected","duration":59.32704200000012,"failureMessages":[],"meta":{}}],"startTime":1774297181082,"endTime":1774297181243.3271,"status":"passed","message":"","name":"/Users/amauricia/Documents/GitHub/Studio-Boss/src/test/components/modals/CrisisModal.test.tsx"},{"assertionResults":[{"ancestorTitles":["PitchProjectModal"],"fullName":"PitchProjectModal renders correctly when open","status":"passed","title":"renders correctly when open","duration":119.54654099999993,"failureMessages":[],"meta":{}},{"ancestorTitles":["PitchProjectModal"],"fullName":"PitchProjectModal does not render if gameState or pitchingProjectId is null","status":"passed","title":"does not render if gameState or pitchingProjectId is null","duration":1.0663750000001073,"failureMessages":[],"meta":{}},{"ancestorTitles":["PitchProjectModal"],"fullName":"PitchProjectModal does not render if project is not found","status":"passed","title":"does not render if project is not found","duration":0.6170419999998558,"failureMessages":[],"meta":{}},{"ancestorTitles":["PitchProjectModal"],"fullName":"PitchProjectModal selects a buyer when clicked","status":"passed","title":"selects a buyer when clicked","duration":114.74933399999986,"failureMessages":[],"meta":{}},{"ancestorTitles":["PitchProjectModal"],"fullName":"PitchProjectModal selects a deal structure when clicked","status":"passed","title":"selects a deal structure when clicked","duration":38.772665999999845,"failureMessages":[],"meta":{}},{"ancestorTitles":["PitchProjectModal"],"fullName":"PitchProjectModal handles a successful pitch","status":"passed","title":"handles a successful pitch","duration":1548.6402079999998,"failureMessages":[],"meta":{}},{"ancestorTitles":["PitchProjectModal"],"fullName":"PitchProjectModal handles a failed pitch","status":"passed","title":"handles a failed pitch","duration":28.982708999999886,"failureMessages":[],"meta":{}},{"ancestorTitles":["PitchProjectModal"],"fullName":"PitchProjectModal calls handleClose when dialog is closed","status":"passed","title":"calls handleClose when dialog is closed","duration":24.548499999999876,"failureMessages":[],"meta":{}}],"startTime":1774297179940,"endTime":1774297181817.5486,"status":"passed","message":"","name":"/Users/amauricia/Documents/GitHub/Studio-Boss/src/test/components/modals/PitchProjectModal.test.tsx"},{"assertionResults":[{"ancestorTitles":["ProjectDetailModal"],"fullName":"ProjectDetailModal renders nothing when no project is selected","status":"passed","title":"renders nothing when no project is selected","duration":21.811042000000043,"failureMessages":[],"meta":{}},{"ancestorTitles":["ProjectDetailModal"],"fullName":"ProjectDetailModal renders project details when a project is selected","status":"passed","title":"renders project details when a project is selected","duration":199.56154199999992,"failureMessages":[],"meta":{}},{"ancestorTitles":["ProjectDetailModal"],"fullName":"ProjectDetailModal shows greenlight button when project needs greenlight","status":"passed","title":"shows greenlight button when project needs greenlight","duration":90.32404099999985,"failureMessages":[],"meta":{}},{"ancestorTitles":["ProjectDetailModal"],"fullName":"ProjectDetailModal shows marketing configuration and handles launch campaign","status":"passed","title":"shows marketing configuration and handles launch campaign","duration":52.399000000000115,"failureMessages":[],"meta":{}},{"ancestorTitles":["ProjectDetailModal"],"fullName":"ProjectDetailModal shows renew button for tv project and handles renewal","status":"passed","title":"shows renew button for tv project and handles renewal","duration":10.292042000000038,"failureMessages":[],"meta":{}},{"ancestorTitles":["ProjectDetailModal"],"fullName":"ProjectDetailModal shows develop spinoff button for high revenue projects and handles exploitation","status":"passed","title":"shows develop spinoff button for high revenue projects and handles exploitation","duration":38.09916700000008,"failureMessages":[],"meta":{}}],"startTime":1774297181114,"endTime":1774297181526.099,"status":"passed","message":"","name":"/Users/amauricia/Documents/GitHub/Studio-Boss/src/test/components/modals/ProjectDetailModal.test.tsx"},{"assertionResults":[{"ancestorTitles":["PipelineBoard"],"fullName":"PipelineBoard renders title and New Project button","status":"passed","title":"renders title and New Project button","duration":39.880125000000135,"failureMessages":[],"meta":{}},{"ancestorTitles":["PipelineBoard"],"fullName":"PipelineBoard calls openCreateProject when New Project button is clicked","status":"passed","title":"calls openCreateProject when New Project button is clicked","duration":6.570707999999968,"failureMessages":[],"meta":{}},{"ancestorTitles":["PipelineBoard"],"fullName":"PipelineBoard renders all pipeline columns","status":"passed","title":"renders all pipeline columns","duration":4.146792000000005,"failureMessages":[],"meta":{}},{"ancestorTitles":["PipelineBoard"],"fullName":"PipelineBoard distributes projects into correct columns","status":"passed","title":"distributes projects into correct columns","duration":6.063542000000098,"failureMessages":[],"meta":{}},{"ancestorTitles":["PipelineBoard"],"fullName":"PipelineBoard shows \"No projects\" message for empty columns","status":"passed","title":"shows \"No projects\" message for empty columns","duration":10.222042000000101,"failureMessages":[],"meta":{}}],"startTime":1774297181109,"endTime":1774297181176.222,"status":"passed","message":"","name":"/Users/amauricia/Documents/GitHub/Studio-Boss/src/test/components/pipeline/PipelineBoard.test.tsx"},{"assertionResults":[{"ancestorTitles":["ProjectCard"],"fullName":"ProjectCard renders basic project details correctly","status":"passed","title":"renders basic project details correctly","duration":39.2025000000001,"failureMessages":[],"meta":{}},{"ancestorTitles":["ProjectCard"],"fullName":"ProjectCard calls selectProject when the main card is clicked","status":"passed","title":"calls selectProject when the main card is clicked","duration":26.69683299999997,"failureMessages":[],"meta":{}},{"ancestorTitles":["ProjectCard"],"fullName":"ProjectCard shows Review Greenlight button for needs_greenlight status","status":"passed","title":"shows Review Greenlight button for needs_greenlight status","duration":89.1188340000001,"failureMessages":[],"meta":{}},{"ancestorTitles":["ProjectCard"],"fullName":"ProjectCard shows Plan Marketing button for marketing status","status":"passed","title":"shows Plan Marketing button for marketing status","duration":48.81212500000015,"failureMessages":[],"meta":{}},{"ancestorTitles":["ProjectCard"],"fullName":"ProjectCard shows Pitch to Network button for pitching status","status":"passed","title":"shows Pitch to Network button for pitching status","duration":68.15983400000005,"failureMessages":[],"meta":{}},{"ancestorTitles":["ProjectCard"],"fullName":"ProjectCard shows Resolve Crisis button when there is an unresolved crisis","status":"passed","title":"shows Resolve Crisis button when there is an unresolved crisis","duration":57.42116699999997,"failureMessages":[],"meta":{}},{"ancestorTitles":["ProjectCard"],"fullName":"ProjectCard renders progress text for development status","status":"passed","title":"renders progress text for development status","duration":14.51541599999996,"failureMessages":[],"meta":{}},{"ancestorTitles":["ProjectCard"],"fullName":"ProjectCard renders gross revenue for released status","status":"passed","title":"renders gross revenue for released status","duration":6.469458999999915,"failureMessages":[],"meta":{}},{"ancestorTitles":["ProjectCard"],"fullName":"ProjectCard renders TV format correctly","status":"passed","title":"renders TV format correctly","duration":2.4669169999999667,"failureMessages":[],"meta":{}}],"startTime":1774297179902,"endTime":1774297180258.4668,"status":"passed","message":"","name":"/Users/amauricia/Documents/GitHub/Studio-Boss/src/test/components/pipeline/ProjectCard.test.tsx"},{"assertionResults":[{"ancestorTitles":["RivalsPanel"],"fullName":"RivalsPanel renders correctly with an empty rivals list","status":"passed","title":"renders correctly with an empty rivals list","duration":18.32041700000002,"failureMessages":[],"meta":{}},{"ancestorTitles":["RivalsPanel"],"fullName":"RivalsPanel renders rivals correctly","status":"passed","title":"renders rivals correctly","duration":15.162707999999952,"failureMessages":[],"meta":{}},{"ancestorTitles":["RivalsPanel"],"fullName":"RivalsPanel applies correct strength styling based on strength value","status":"passed","title":"applies correct strength styling based on strength value","duration":6.562166999999931,"failureMessages":[],"meta":{}}],"startTime":1774297181099,"endTime":1774297181138.5623,"status":"passed","message":"","name":"/Users/amauricia/Documents/GitHub/Studio-Boss/src/test/components/rivals/RivalsPanel.test.tsx"},{"assertionResults":[{"ancestorTitles":["TalentPanel"],"fullName":"TalentPanel renders talent roster","status":"failed","title":"renders talent roster","duration":20.100333999999975,"failureMessages":["TypeError: Cannot read properties of undefined (reading 'talentPool')\n    at TalentPanel (/Users/amauricia/Documents/GitHub/Studio-Boss/src/components/talent/TalentPanel.tsx:9:78)\n    at renderWithHooks (/Users/amauricia/Documents/GitHub/Studio-Boss/node_modules/react-dom/cjs/react-dom.development.js:15486:18)\n    at mountIndeterminateComponent (/Users/amauricia/Documents/GitHub/Studio-Boss/node_modules/react-dom/cjs/react-dom.development.js:20103:13)\n    at beginWork (/Users/amauricia/Documents/GitHub/Studio-Boss/node_modules/react-dom/cjs/react-dom.development.js:21626:16)\n    at beginWork$1 (/Users/amauricia/Documents/GitHub/Studio-Boss/node_modules/react-dom/cjs/react-dom.development.js:27465:14)\n    at performUnitOfWork (/Users/amauricia/Documents/GitHub/Studio-Boss/node_modules/react-dom/cjs/react-dom.development.js:26599:12)\n    at workLoopSync (/Users/amauricia/Documents/GitHub/Studio-Boss/node_modules/react-dom/cjs/react-dom.development.js:26505:5)\n    at renderRootSync (/Users/amauricia/Documents/GitHub/Studio-Boss/node_modules/react-dom/cjs/react-dom.development.js:26473:7)\n    at recoverFromConcurrentError (/Users/amauricia/Documents/GitHub/Studio-Boss/node_modules/react-dom/cjs/react-dom.development.js:25889:20)\n    at performConcurrentWorkOnRoot (/Users/amauricia/Documents/GitHub/Studio-Boss/node_modules/react-dom/cjs/react-dom.development.js:25789:22)"],"meta":{}},{"ancestorTitles":["TalentPanel"],"fullName":"TalentPanel filters talent by role","status":"failed","title":"filters talent by role","duration":2.9749590000001263,"failureMessages":["TypeError: Cannot read properties of undefined (reading 'talentPool')\n    at TalentPanel (/Users/amauricia/Documents/GitHub/Studio-Boss/src/components/talent/TalentPanel.tsx:9:78)\n    at renderWithHooks (/Users/amauricia/Documents/GitHub/Studio-Boss/node_modules/react-dom/cjs/react-dom.development.js:15486:18)\n    at mountIndeterminateComponent (/Users/amauricia/Documents/GitHub/Studio-Boss/node_modules/react-dom/cjs/react-dom.development.js:20103:13)\n    at beginWork (/Users/amauricia/Documents/GitHub/Studio-Boss/node_modules/react-dom/cjs/react-dom.development.js:21626:16)\n    at beginWork$1 (/Users/amauricia/Documents/GitHub/Studio-Boss/node_modules/react-dom/cjs/react-dom.development.js:27465:14)\n    at performUnitOfWork (/Users/amauricia/Documents/GitHub/Studio-Boss/node_modules/react-dom/cjs/react-dom.development.js:26599:12)\n    at workLoopSync (/Users/amauricia/Documents/GitHub/Studio-Boss/node_modules/react-dom/cjs/react-dom.development.js:26505:5)\n    at renderRootSync (/Users/amauricia/Documents/GitHub/Studio-Boss/node_modules/react-dom/cjs/react-dom.development.js:26473:7)\n    at recoverFromConcurrentError (/Users/amauricia/Documents/GitHub/Studio-Boss/node_modules/react-dom/cjs/react-dom.development.js:25889:20)\n    at performConcurrentWorkOnRoot (/Users/amauricia/Documents/GitHub/Studio-Boss/node_modules/react-dom/cjs/react-dom.development.js:25789:22)"],"meta":{}},{"ancestorTitles":["TalentPanel"],"fullName":"TalentPanel shows empty state when no talent matches filter","status":"failed","title":"shows empty state when no talent matches filter","duration":16.809625000000096,"failureMessages":["TypeError: Cannot read properties of undefined (reading 'talentPool')\n    at TalentPanel (/Users/amauricia/Documents/GitHub/Studio-Boss/src/components/talent/TalentPanel.tsx:9:78)\n    at renderWithHooks (/Users/amauricia/Documents/GitHub/Studio-Boss/node_modules/react-dom/cjs/react-dom.development.js:15486:18)\n    at mountIndeterminateComponent (/Users/amauricia/Documents/GitHub/Studio-Boss/node_modules/react-dom/cjs/react-dom.development.js:20103:13)\n    at beginWork (/Users/amauricia/Documents/GitHub/Studio-Boss/node_modules/react-dom/cjs/react-dom.development.js:21626:16)\n    at beginWork$1 (/Users/amauricia/Documents/GitHub/Studio-Boss/node_modules/react-dom/cjs/react-dom.development.js:27465:14)\n    at performUnitOfWork (/Users/amauricia/Documents/GitHub/Studio-Boss/node_modules/react-dom/cjs/react-dom.development.js:26599:12)\n    at workLoopSync (/Users/amauricia/Documents/GitHub/Studio-Boss/node_modules/react-dom/cjs/react-dom.development.js:26505:5)\n    at renderRootSync (/Users/amauricia/Documents/GitHub/Studio-Boss/node_modules/react-dom/cjs/react-dom.development.js:26473:7)\n    at recoverFromConcurrentError (/Users/amauricia/Documents/GitHub/Studio-Boss/node_modules/react-dom/cjs/react-dom.development.js:25889:20)\n    at performConcurrentWorkOnRoot (/Users/amauricia/Documents/GitHub/Studio-Boss/node_modules/react-dom/cjs/react-dom.development.js:25789:22)"],"meta":{}}],"startTime":1774297180181,"endTime":1774297180220.8096,"status":"failed","message":"","name":"/Users/amauricia/Documents/GitHub/Studio-Boss/src/test/components/talent/TalentPanel.test.tsx"},{"assertionResults":[{"ancestorTitles":["initializeGame"],"fullName":"initializeGame initializes game state with correctly passed parameters","status":"failed","title":"initializes game state with correctly passed parameters","duration":6.765707999999904,"failureMessages":["AssertionError: expected undefined to deeply equal []\n    at /Users/amauricia/Documents/GitHub/Studio-Boss/src/test/engine/core/gameInit.test.ts:9:28\n    at file:///Users/amauricia/Documents/GitHub/Studio-Boss/node_modules/@vitest/runner/dist/chunk-hooks.js:155:11\n    at file:///Users/amauricia/Documents/GitHub/Studio-Boss/node_modules/@vitest/runner/dist/chunk-hooks.js:752:26\n    at file:///Users/amauricia/Documents/GitHub/Studio-Boss/node_modules/@vitest/runner/dist/chunk-hooks.js:1897:20\n    at new Promise (<anonymous>)\n    at runWithTimeout (file:///Users/amauricia/Documents/GitHub/Studio-Boss/node_modules/@vitest/runner/dist/chunk-hooks.js:1863:10)\n    at runTest (file:///Users/amauricia/Documents/GitHub/Studio-Boss/node_modules/@vitest/runner/dist/chunk-hooks.js:1574:12)\n    at processTicksAndRejections (node:internal/process/task_queues:105:5)\n    at runSuite (file:///Users/amauricia/Documents/GitHub/Studio-Boss/node_modules/@vitest/runner/dist/chunk-hooks.js:1729:8)\n    at runSuite (file:///Users/amauricia/Documents/GitHub/Studio-Boss/node_modules/@vitest/runner/dist/chunk-hooks.js:1729:8)"],"meta":{}}],"startTime":1774297179814,"endTime":1774297179820.7656,"status":"failed","message":"","name":"/Users/amauricia/Documents/GitHub/Studio-Boss/src/test/engine/core/gameInit.test.ts"},{"assertionResults":[{"ancestorTitles":["advanceWeek"],"fullName":"advanceWeek advances the game by one week and generates a summary","status":"passed","title":"advances the game by one week and generates a summary","duration":3.197167000000036,"failureMessages":[],"meta":{}},{"ancestorTitles":["advanceWeek"],"fullName":"advanceWeek decreases opportunity expiry weeks and removes expired ones","status":"failed","title":"decreases opportunity expiry weeks and removes expired ones","duration":8.49133299999994,"failureMessages":["AssertionError: expected 2 to be 1 // Object.is equality\n    at /Users/amauricia/Documents/GitHub/Studio-Boss/src/test/engine/core/weekAdvance.test.ts:62:43\n    at file:///Users/amauricia/Documents/GitHub/Studio-Boss/node_modules/@vitest/runner/dist/chunk-hooks.js:155:11\n    at file:///Users/amauricia/Documents/GitHub/Studio-Boss/node_modules/@vitest/runner/dist/chunk-hooks.js:752:26\n    at file:///Users/amauricia/Documents/GitHub/Studio-Boss/node_modules/@vitest/runner/dist/chunk-hooks.js:1897:20\n    at new Promise (<anonymous>)\n    at runWithTimeout (file:///Users/amauricia/Documents/GitHub/Studio-Boss/node_modules/@vitest/runner/dist/chunk-hooks.js:1863:10)\n    at runTest (file:///Users/amauricia/Documents/GitHub/Studio-Boss/node_modules/@vitest/runner/dist/chunk-hooks.js:1574:12)\n    at processTicksAndRejections (node:internal/process/task_queues:105:5)\n    at runSuite (file:///Users/amauricia/Documents/GitHub/Studio-Boss/node_modules/@vitest/runner/dist/chunk-hooks.js:1729:8)\n    at runSuite (file:///Users/amauricia/Documents/GitHub/Studio-Boss/node_modules/@vitest/runner/dist/chunk-hooks.js:1729:8)"],"meta":{}},{"ancestorTitles":["advanceWeek"],"fullName":"advanceWeek sometimes spawns new opportunities","status":"failed","title":"sometimes spawns new opportunities","duration":2.044209000000137,"failureMessages":["AssertionError: expected 0 to be greater than 0\n    at /Users/amauricia/Documents/GitHub/Studio-Boss/src/test/engine/core/weekAdvance.test.ts:78:43\n    at file:///Users/amauricia/Documents/GitHub/Studio-Boss/node_modules/@vitest/runner/dist/chunk-hooks.js:155:11\n    at file:///Users/amauricia/Documents/GitHub/Studio-Boss/node_modules/@vitest/runner/dist/chunk-hooks.js:752:26\n    at file:///Users/amauricia/Documents/GitHub/Studio-Boss/node_modules/@vitest/runner/dist/chunk-hooks.js:1897:20\n    at new Promise (<anonymous>)\n    at runWithTimeout (file:///Users/amauricia/Documents/GitHub/Studio-Boss/node_modules/@vitest/runner/dist/chunk-hooks.js:1863:10)\n    at runTest (file:///Users/amauricia/Documents/GitHub/Studio-Boss/node_modules/@vitest/runner/dist/chunk-hooks.js:1574:12)\n    at processTicksAndRejections (node:internal/process/task_queues:105:5)\n    at runSuite (file:///Users/amauricia/Documents/GitHub/Studio-Boss/node_modules/@vitest/runner/dist/chunk-hooks.js:1729:8)\n    at runSuite (file:///Users/amauricia/Documents/GitHub/Studio-Boss/node_modules/@vitest/runner/dist/chunk-hooks.js:1729:8)"],"meta":{}}],"startTime":1774297180065,"endTime":1774297180079.0442,"status":"failed","message":"","name":"/Users/amauricia/Documents/GitHub/Studio-Boss/src/test/engine/core/weekAdvance.test.ts"},{"assertionResults":[{"ancestorTitles":["agencies generator","generateAgencies"],"fullName":"agencies generator generateAgencies generates the requested number of agencies","status":"passed","title":"generates the requested number of agencies","duration":2.2969170000000076,"failureMessages":[],"meta":{}},{"ancestorTitles":["agencies generator","generateAgencies"],"fullName":"agencies generator generateAgencies makes the first two agencies powerhouses","status":"passed","title":"makes the first two agencies powerhouses","duration":0.6036249999999654,"failureMessages":[],"meta":{}},{"ancestorTitles":["agencies generator","generateAgencies"],"fullName":"agencies generator generateAgencies assigns higher prestige and leverage to powerhouse agencies","status":"passed","title":"assigns higher prestige and leverage to powerhouse agencies","duration":0.15220800000008694,"failureMessages":[],"meta":{}},{"ancestorTitles":["agencies generator","generateAgents"],"fullName":"agencies generator generateAgents generates agents for each given agency","status":"passed","title":"generates agents for each given agency","duration":0.2753340000000435,"failureMessages":[],"meta":{}},{"ancestorTitles":["agencies generator","generateAgents"],"fullName":"agencies generator generateAgents assigns high aggression to agents in a shark culture","status":"passed","title":"assigns high aggression to agents in a shark culture","duration":0.15629200000000765,"failureMessages":[],"meta":{}},{"ancestorTitles":["agencies generator","generateAgents"],"fullName":"agencies generator generateAgents assigns lower aggression to agents in non-shark cultures","status":"passed","title":"assigns lower aggression to agents in non-shark cultures","duration":0.09554200000002311,"failureMessages":[],"meta":{}}],"startTime":1774297182471,"endTime":1774297182475.2754,"status":"passed","message":"","name":"/Users/amauricia/Documents/GitHub/Studio-Boss/src/test/engine/generators/agencies.test.ts"},{"assertionResults":[{"ancestorTitles":["generateHeadlines"],"fullName":"generateHeadlines should generate between 1 and 3 headlines","status":"passed","title":"should generate between 1 and 3 headlines","duration":0.7747909999999365,"failureMessages":[],"meta":{}},{"ancestorTitles":["generateHeadlines"],"fullName":"generateHeadlines should return headlines with the correct structure","status":"passed","title":"should return headlines with the correct structure","duration":1.0907080000000633,"failureMessages":[],"meta":{}},{"ancestorTitles":["generateHeadlines"],"fullName":"generateHeadlines should generate rival headlines if rivals are provided","status":"passed","title":"should generate rival headlines if rivals are provided","duration":0.09995800000001509,"failureMessages":[],"meta":{}},{"ancestorTitles":["generateHeadlines"],"fullName":"generateHeadlines should NOT generate rival headlines if NO rivals are provided","status":"passed","title":"should NOT generate rival headlines if NO rivals are provided","duration":0.3285409999999729,"failureMessages":[],"meta":{}}],"startTime":1774297181084,"endTime":1774297181086.3286,"status":"passed","message":"","name":"/Users/amauricia/Documents/GitHub/Studio-Boss/src/test/engine/generators/headlines.test.ts"},{"assertionResults":[{"ancestorTitles":["Names Generator","generateStudioName"],"fullName":"Names Generator generateStudioName returns a string","status":"passed","title":"returns a string","duration":0.8310420000000249,"failureMessages":[],"meta":{}},{"ancestorTitles":["Names Generator","generateStudioName"],"fullName":"Names Generator generateStudioName avoids existing names","status":"passed","title":"avoids existing names","duration":0.08262500000000728,"failureMessages":[],"meta":{}},{"ancestorTitles":["Names Generator","generateMotto"],"fullName":"Names Generator generateMotto returns a string","status":"passed","title":"returns a string","duration":0.1445410000000038,"failureMessages":[],"meta":{}},{"ancestorTitles":["Names Generator","generateActorName"],"fullName":"Names Generator generateActorName returns a string with two words (first and last name)","status":"passed","title":"returns a string with two words (first and last name)","duration":0.09029199999997672,"failureMessages":[],"meta":{}},{"ancestorTitles":["Names Generator","generateActressName"],"fullName":"Names Generator generateActressName returns a string with two words (first and last name)","status":"passed","title":"returns a string with two words (first and last name)","duration":0.12824999999998,"failureMessages":[],"meta":{}},{"ancestorTitles":["Names Generator","generateProjectName"],"fullName":"Names Generator generateProjectName returns a string for tv projects","status":"passed","title":"returns a string for tv projects","duration":0.1587090000000444,"failureMessages":[],"meta":{}},{"ancestorTitles":["Names Generator","generateProjectName"],"fullName":"Names Generator generateProjectName returns a string for film projects","status":"passed","title":"returns a string for film projects","duration":0.06337499999995089,"failureMessages":[],"meta":{}},{"ancestorTitles":["Names Generator","generateProjectName"],"fullName":"Names Generator generateProjectName falls back to Drama genre if an unknown genre is passed","status":"passed","title":"falls back to Drama genre if an unknown genre is passed","duration":0.05645900000001802,"failureMessages":[],"meta":{}}],"startTime":1774297183549,"endTime":1774297183551.1587,"status":"passed","message":"","name":"/Users/amauricia/Documents/GitHub/Studio-Boss/src/test/engine/generators/names.test.ts"},{"assertionResults":[{"ancestorTitles":["Opportunity Generator"],"fullName":"Opportunity Generator should generate a valid opportunity","status":"passed","title":"should generate a valid opportunity","duration":2.819250000000011,"failureMessages":[],"meta":{}},{"ancestorTitles":["Opportunity Generator"],"fullName":"Opportunity Generator should generate attached talent if provided","status":"passed","title":"should generate attached talent if provided","duration":0.32162500000004,"failureMessages":[],"meta":{}},{"ancestorTitles":["Opportunity Generator"],"fullName":"Opportunity Generator should populate TV specific fields if format is TV","status":"passed","title":"should populate TV specific fields if format is TV","duration":0.12333300000000236,"failureMessages":[],"meta":{}},{"ancestorTitles":["Opportunity Generator"],"fullName":"Opportunity Generator should generate titles","status":"passed","title":"should generate titles","duration":0.0720410000000129,"failureMessages":[],"meta":{}}],"startTime":1774297183187,"endTime":1774297183191.072,"status":"passed","message":"","name":"/Users/amauricia/Documents/GitHub/Studio-Boss/src/test/engine/generators/opportunities.test.ts"},{"assertionResults":[{"ancestorTitles":["talent generator","generateFamilies"],"fullName":"talent generator generateFamilies generates the specified number of families","status":"passed","title":"generates the specified number of families","duration":1.3753749999999627,"failureMessages":[],"meta":{}},{"ancestorTitles":["talent generator","generateFamilies"],"fullName":"talent generator generateFamilies creates families with required attributes","status":"passed","title":"creates families with required attributes","duration":0.13716699999997672,"failureMessages":[],"meta":{}},{"ancestorTitles":["talent generator","generateTalentPool"],"fullName":"talent generator generateTalentPool generates the specified number of talent profiles","status":"passed","title":"generates the specified number of talent profiles","duration":0.4888339999999971,"failureMessages":[],"meta":{}},{"ancestorTitles":["talent generator","generateTalentPool"],"fullName":"talent generator generateTalentPool assigns multiple roles occasionally (multi-hyphenates)","status":"passed","title":"assigns multiple roles occasionally (multi-hyphenates)","duration":0.6479580000000169,"failureMessages":[],"meta":{}},{"ancestorTitles":["talent generator","generateTalentPool"],"fullName":"talent generator generateTalentPool assigns nepo babies to families","status":"passed","title":"assigns nepo babies to families","duration":0.13795900000002348,"failureMessages":[],"meta":{}},{"ancestorTitles":["talent generator","generateTalentPool"],"fullName":"talent generator generateTalentPool assigns talent to agents and agencies if available","status":"passed","title":"assigns talent to agents and agencies if available","duration":0.2132090000000062,"failureMessages":[],"meta":{}}],"startTime":1774297182882,"endTime":1774297182885.2131,"status":"passed","message":"","name":"/Users/amauricia/Documents/GitHub/Studio-Boss/src/test/engine/generators/talent.test.ts"},{"assertionResults":[{"ancestorTitles":["TalentSystem","applyProjectResults"],"fullName":"TalentSystem applyProjectResults returns empty array if no contracts provided","status":"passed","title":"returns empty array if no contracts provided","duration":1.4707080000000587,"failureMessages":[],"meta":{}},{"ancestorTitles":["TalentSystem","applyProjectResults"],"fullName":"TalentSystem applyProjectResults applies massive hit modifiers (ROI > 4.0)","status":"passed","title":"applies massive hit modifiers (ROI > 4.0)","duration":0.23212499999999636,"failureMessages":[],"meta":{}},{"ancestorTitles":["TalentSystem","applyProjectResults"],"fullName":"TalentSystem applyProjectResults applies solid success modifiers (ROI > 2.0)","status":"passed","title":"applies solid success modifiers (ROI > 2.0)","duration":0.10466699999994944,"failureMessages":[],"meta":{}},{"ancestorTitles":["TalentSystem","applyProjectResults"],"fullName":"TalentSystem applyProjectResults applies neutral/modest success modifiers (ROI > 1.0)","status":"passed","title":"applies neutral/modest success modifiers (ROI > 1.0)","duration":0.28624999999999545,"failureMessages":[],"meta":{}},{"ancestorTitles":["TalentSystem","applyProjectResults"],"fullName":"TalentSystem applyProjectResults applies bomb modifiers (ROI < 0.4)","status":"passed","title":"applies bomb modifiers (ROI < 0.4)","duration":0.16695799999990868,"failureMessages":[],"meta":{}},{"ancestorTitles":["TalentSystem","applyProjectResults"],"fullName":"TalentSystem applyProjectResults handles awards correctly for specific roles","status":"passed","title":"handles awards correctly for specific roles","duration":0.11733300000003055,"failureMessages":[],"meta":{}},{"ancestorTitles":["TalentSystem","applyProjectResults"],"fullName":"TalentSystem applyProjectResults applies general award modifiers (Best Picture) to all roles with dilution","status":"passed","title":"applies general award modifiers (Best Picture) to all roles with dilution","duration":0.1520829999999478,"failureMessages":[],"meta":{}},{"ancestorTitles":["TalentSystem","applyProjectResults"],"fullName":"TalentSystem applyProjectResults clamps stats accurately","status":"passed","title":"clamps stats accurately","duration":0.07804199999998218,"failureMessages":[],"meta":{}},{"ancestorTitles":["TalentSystem","advance"],"fullName":"TalentSystem advance decrements opportunity expiry","status":"passed","title":"decrements opportunity expiry","duration":0.7802919999999176,"failureMessages":[],"meta":{}},{"ancestorTitles":["TalentSystem","advance"],"fullName":"TalentSystem advance removes expired opportunities","status":"passed","title":"removes expired opportunities","duration":0.1658750000000282,"failureMessages":[],"meta":{}},{"ancestorTitles":["TalentSystem","advance"],"fullName":"TalentSystem advance generates new opportunities based on random chance","status":"passed","title":"generates new opportunities based on random chance","duration":0.5785000000000764,"failureMessages":[],"meta":{}}],"startTime":1774297182423,"endTime":1774297182427.5786,"status":"passed","message":"","name":"/Users/amauricia/Documents/GitHub/Studio-Boss/src/test/engine/systems/TalentSystem.test.ts"},{"assertionResults":[{"ancestorTitles":["awards system","generateAwardsProfile"],"fullName":"awards system generateAwardsProfile should generate a profile with all scores between 0 and 100","status":"passed","title":"should generate a profile with all scores between 0 and 100","duration":2.62237499999992,"failureMessages":[],"meta":{}},{"ancestorTitles":["awards system","generateAwardsProfile"],"fullName":"awards system generateAwardsProfile should have a default campaignStrength of 10","status":"passed","title":"should have a default campaignStrength of 10","duration":0.16795799999999872,"failureMessages":[],"meta":{}},{"ancestorTitles":["awards system","generateAwardsProfile"],"fullName":"awards system generateAwardsProfile should be influenced by budget for prestigeScore","status":"passed","title":"should be influenced by budget for prestigeScore","duration":0.6539999999999964,"failureMessages":[],"meta":{}},{"ancestorTitles":["awards system","generateAwardsProfile"],"fullName":"awards system generateAwardsProfile should give higher indieCredibility potential to low budget projects","status":"passed","title":"should give higher indieCredibility potential to low budget projects","duration":0.17287499999997635,"failureMessages":[],"meta":{}},{"ancestorTitles":["awards system","runAwardsCeremony"],"fullName":"awards system runAwardsCeremony should not return awards if no projects are eligible","status":"failed","title":"should not return awards if no projects are eligible","duration":19.66291699999988,"failureMessages":["TypeError: Cannot read properties of undefined (reading 'projects')\n    at Module.runAwardsCeremony (/Users/amauricia/Documents/GitHub/Studio-Boss/src/engine/systems/awards.ts:314:29)\n    at expectNoAwards (/Users/amauricia/Documents/GitHub/Studio-Boss/src/test/engine/systems/awards.test.ts:131:22)\n    at /Users/amauricia/Documents/GitHub/Studio-Boss/src/test/engine/systems/awards.test.ts:137:7\n    at file:///Users/amauricia/Documents/GitHub/Studio-Boss/node_modules/@vitest/runner/dist/chunk-hooks.js:155:11\n    at file:///Users/amauricia/Documents/GitHub/Studio-Boss/node_modules/@vitest/runner/dist/chunk-hooks.js:752:26\n    at file:///Users/amauricia/Documents/GitHub/Studio-Boss/node_modules/@vitest/runner/dist/chunk-hooks.js:1897:20\n    at new Promise (<anonymous>)\n    at runWithTimeout (file:///Users/amauricia/Documents/GitHub/Studio-Boss/node_modules/@vitest/runner/dist/chunk-hooks.js:1863:10)\n    at runTest (file:///Users/amauricia/Documents/GitHub/Studio-Boss/node_modules/@vitest/runner/dist/chunk-hooks.js:1574:12)\n    at processTicksAndRejections (node:internal/process/task_queues:105:5)"],"meta":{}},{"ancestorTitles":["awards system","runAwardsCeremony"],"fullName":"awards system runAwardsCeremony should exclude projects released more than 52 weeks ago","status":"failed","title":"should exclude projects released more than 52 weeks ago","duration":22.71462500000007,"failureMessages":["TypeError: Cannot read properties of undefined (reading 'projects')\n    at Module.runAwardsCeremony (/Users/amauricia/Documents/GitHub/Studio-Boss/src/engine/systems/awards.ts:314:29)\n    at expectNoAwards (/Users/amauricia/Documents/GitHub/Studio-Boss/src/test/engine/systems/awards.test.ts:131:22)\n    at /Users/amauricia/Documents/GitHub/Studio-Boss/src/test/engine/systems/awards.test.ts:142:7\n    at file:///Users/amauricia/Documents/GitHub/Studio-Boss/node_modules/@vitest/runner/dist/chunk-hooks.js:155:11\n    at file:///Users/amauricia/Documents/GitHub/Studio-Boss/node_modules/@vitest/runner/dist/chunk-hooks.js:752:26\n    at file:///Users/amauricia/Documents/GitHub/Studio-Boss/node_modules/@vitest/runner/dist/chunk-hooks.js:1897:20\n    at new Promise (<anonymous>)\n    at runWithTimeout (file:///Users/amauricia/Documents/GitHub/Studio-Boss/node_modules/@vitest/runner/dist/chunk-hooks.js:1863:10)\n    at runTest (file:///Users/amauricia/Documents/GitHub/Studio-Boss/node_modules/@vitest/runner/dist/chunk-hooks.js:1574:12)\n    at processTicksAndRejections (node:internal/process/task_queues:105:5)"],"meta":{}},{"ancestorTitles":["awards system","runAwardsCeremony"],"fullName":"awards system runAwardsCeremony should award 'won' status for high scores (> 150)","status":"failed","title":"should award 'won' status for high scores (> 150)","duration":0.705417000000125,"failureMessages":["TypeError: Cannot read properties of undefined (reading 'projects')\n    at Module.runAwardsCeremony (/Users/amauricia/Documents/GitHub/Studio-Boss/src/engine/systems/awards.ts:314:29)\n    at checkBestPictureAward (/Users/amauricia/Documents/GitHub/Studio-Boss/src/test/engine/systems/awards.test.ts:147:22)\n    at /Users/amauricia/Documents/GitHub/Studio-Boss/src/test/engine/systems/awards.test.ts:157:7\n    at file:///Users/amauricia/Documents/GitHub/Studio-Boss/node_modules/@vitest/runner/dist/chunk-hooks.js:155:11\n    at file:///Users/amauricia/Documents/GitHub/Studio-Boss/node_modules/@vitest/runner/dist/chunk-hooks.js:752:26\n    at file:///Users/amauricia/Documents/GitHub/Studio-Boss/node_modules/@vitest/runner/dist/chunk-hooks.js:1897:20\n    at new Promise (<anonymous>)\n    at runWithTimeout (file:///Users/amauricia/Documents/GitHub/Studio-Boss/node_modules/@vitest/runner/dist/chunk-hooks.js:1863:10)\n    at runTest (file:///Users/amauricia/Documents/GitHub/Studio-Boss/node_modules/@vitest/runner/dist/chunk-hooks.js:1574:12)\n    at processTicksAndRejections (node:internal/process/task_queues:105:5)"],"meta":{}},{"ancestorTitles":["awards system","runAwardsCeremony"],"fullName":"awards system runAwardsCeremony should award 'nominated' status for medium scores (> 100)","status":"failed","title":"should award 'nominated' status for medium scores (> 100)","duration":2.840582999999924,"failureMessages":["TypeError: Cannot read properties of undefined (reading 'projects')\n    at Module.runAwardsCeremony (/Users/amauricia/Documents/GitHub/Studio-Boss/src/engine/systems/awards.ts:314:29)\n    at checkBestPictureAward (/Users/amauricia/Documents/GitHub/Studio-Boss/src/test/engine/systems/awards.test.ts:147:22)\n    at /Users/amauricia/Documents/GitHub/Studio-Boss/src/test/engine/systems/awards.test.ts:177:7\n    at file:///Users/amauricia/Documents/GitHub/Studio-Boss/node_modules/@vitest/runner/dist/chunk-hooks.js:155:11\n    at file:///Users/amauricia/Documents/GitHub/Studio-Boss/node_modules/@vitest/runner/dist/chunk-hooks.js:752:26\n    at file:///Users/amauricia/Documents/GitHub/Studio-Boss/node_modules/@vitest/runner/dist/chunk-hooks.js:1897:20\n    at new Promise (<anonymous>)\n    at runWithTimeout (file:///Users/amauricia/Documents/GitHub/Studio-Boss/node_modules/@vitest/runner/dist/chunk-hooks.js:1863:10)\n    at runTest (file:///Users/amauricia/Documents/GitHub/Studio-Boss/node_modules/@vitest/runner/dist/chunk-hooks.js:1574:12)\n    at processTicksAndRejections (node:internal/process/task_queues:105:5)"],"meta":{}},{"ancestorTitles":["awards system","runAwardsCeremony"],"fullName":"awards system runAwardsCeremony should correctly accumulate prestige change","status":"failed","title":"should correctly accumulate prestige change","duration":0.3569999999999709,"failureMessages":["TypeError: Cannot read properties of undefined (reading 'projects')\n    at Module.runAwardsCeremony (/Users/amauricia/Documents/GitHub/Studio-Boss/src/engine/systems/awards.ts:314:29)\n    at /Users/amauricia/Documents/GitHub/Studio-Boss/src/test/engine/systems/awards.test.ts:182:22\n    at file:///Users/amauricia/Documents/GitHub/Studio-Boss/node_modules/@vitest/runner/dist/chunk-hooks.js:155:11\n    at file:///Users/amauricia/Documents/GitHub/Studio-Boss/node_modules/@vitest/runner/dist/chunk-hooks.js:752:26\n    at file:///Users/amauricia/Documents/GitHub/Studio-Boss/node_modules/@vitest/runner/dist/chunk-hooks.js:1897:20\n    at new Promise (<anonymous>)\n    at runWithTimeout (file:///Users/amauricia/Documents/GitHub/Studio-Boss/node_modules/@vitest/runner/dist/chunk-hooks.js:1863:10)\n    at runTest (file:///Users/amauricia/Documents/GitHub/Studio-Boss/node_modules/@vitest/runner/dist/chunk-hooks.js:1574:12)\n    at processTicksAndRejections (node:internal/process/task_queues:105:5)\n    at runSuite (file:///Users/amauricia/Documents/GitHub/Studio-Boss/node_modules/@vitest/runner/dist/chunk-hooks.js:1729:8)"],"meta":{}},{"ancestorTitles":["awards system","runAwardsCeremony"],"fullName":"awards system runAwardsCeremony should filter awards by project format","status":"failed","title":"should filter awards by project format","duration":0.2452499999999418,"failureMessages":["TypeError: Cannot read properties of undefined (reading 'projects')\n    at Module.runAwardsCeremony (/Users/amauricia/Documents/GitHub/Studio-Boss/src/engine/systems/awards.ts:314:29)\n    at /Users/amauricia/Documents/GitHub/Studio-Boss/src/test/engine/systems/awards.test.ts:196:22\n    at file:///Users/amauricia/Documents/GitHub/Studio-Boss/node_modules/@vitest/runner/dist/chunk-hooks.js:155:11\n    at file:///Users/amauricia/Documents/GitHub/Studio-Boss/node_modules/@vitest/runner/dist/chunk-hooks.js:752:26\n    at file:///Users/amauricia/Documents/GitHub/Studio-Boss/node_modules/@vitest/runner/dist/chunk-hooks.js:1897:20\n    at new Promise (<anonymous>)\n    at runWithTimeout (file:///Users/amauricia/Documents/GitHub/Studio-Boss/node_modules/@vitest/runner/dist/chunk-hooks.js:1863:10)\n    at runTest (file:///Users/amauricia/Documents/GitHub/Studio-Boss/node_modules/@vitest/runner/dist/chunk-hooks.js:1574:12)\n    at processTicksAndRejections (node:internal/process/task_queues:105:5)\n    at runSuite (file:///Users/amauricia/Documents/GitHub/Studio-Boss/node_modules/@vitest/runner/dist/chunk-hooks.js:1729:8)"],"meta":{}},{"ancestorTitles":["awards system","runAwardsCeremony"],"fullName":"awards system runAwardsCeremony should award the highest scoring project when multiple are eligible","status":"failed","title":"should award the highest scoring project when multiple are eligible","duration":0.737041999999974,"failureMessages":["TypeError: Cannot read properties of undefined (reading 'projects')\n    at Module.runAwardsCeremony (/Users/amauricia/Documents/GitHub/Studio-Boss/src/engine/systems/awards.ts:314:29)\n    at /Users/amauricia/Documents/GitHub/Studio-Boss/src/test/engine/systems/awards.test.ts:228:22\n    at file:///Users/amauricia/Documents/GitHub/Studio-Boss/node_modules/@vitest/runner/dist/chunk-hooks.js:155:11\n    at file:///Users/amauricia/Documents/GitHub/Studio-Boss/node_modules/@vitest/runner/dist/chunk-hooks.js:752:26\n    at file:///Users/amauricia/Documents/GitHub/Studio-Boss/node_modules/@vitest/runner/dist/chunk-hooks.js:1897:20\n    at new Promise (<anonymous>)\n    at runWithTimeout (file:///Users/amauricia/Documents/GitHub/Studio-Boss/node_modules/@vitest/runner/dist/chunk-hooks.js:1863:10)\n    at runTest (file:///Users/amauricia/Documents/GitHub/Studio-Boss/node_modules/@vitest/runner/dist/chunk-hooks.js:1574:12)\n    at processTicksAndRejections (node:internal/process/task_queues:105:5)\n    at runSuite (file:///Users/amauricia/Documents/GitHub/Studio-Boss/node_modules/@vitest/runner/dist/chunk-hooks.js:1729:8)"],"meta":{}},{"ancestorTitles":["awards system","runAwardsCeremony"],"fullName":"awards system runAwardsCeremony should exclude projects that are not released or archived","status":"failed","title":"should exclude projects that are not released or archived","duration":9.998291999999992,"failureMessages":["TypeError: Cannot read properties of undefined (reading 'projects')\n    at Module.runAwardsCeremony (/Users/amauricia/Documents/GitHub/Studio-Boss/src/engine/systems/awards.ts:314:29)\n    at /Users/amauricia/Documents/GitHub/Studio-Boss/src/test/engine/systems/awards.test.ts:250:22\n    at file:///Users/amauricia/Documents/GitHub/Studio-Boss/node_modules/@vitest/runner/dist/chunk-hooks.js:155:11\n    at file:///Users/amauricia/Documents/GitHub/Studio-Boss/node_modules/@vitest/runner/dist/chunk-hooks.js:752:26\n    at file:///Users/amauricia/Documents/GitHub/Studio-Boss/node_modules/@vitest/runner/dist/chunk-hooks.js:1897:20\n    at new Promise (<anonymous>)\n    at runWithTimeout (file:///Users/amauricia/Documents/GitHub/Studio-Boss/node_modules/@vitest/runner/dist/chunk-hooks.js:1863:10)\n    at runTest (file:///Users/amauricia/Documents/GitHub/Studio-Boss/node_modules/@vitest/runner/dist/chunk-hooks.js:1574:12)\n    at processTicksAndRejections (node:internal/process/task_queues:105:5)\n    at runSuite (file:///Users/amauricia/Documents/GitHub/Studio-Boss/node_modules/@vitest/runner/dist/chunk-hooks.js:1729:8)"],"meta":{}},{"ancestorTitles":["awards system","runAwardsCeremony"],"fullName":"awards system runAwardsCeremony should include projects that are archived and within the 52 week window","status":"failed","title":"should include projects that are archived and within the 52 week window","duration":0.455208999999968,"failureMessages":["TypeError: Cannot read properties of undefined (reading 'projects')\n    at Module.runAwardsCeremony (/Users/amauricia/Documents/GitHub/Studio-Boss/src/engine/systems/awards.ts:314:29)\n    at /Users/amauricia/Documents/GitHub/Studio-Boss/src/test/engine/systems/awards.test.ts:264:22\n    at file:///Users/amauricia/Documents/GitHub/Studio-Boss/node_modules/@vitest/runner/dist/chunk-hooks.js:155:11\n    at file:///Users/amauricia/Documents/GitHub/Studio-Boss/node_modules/@vitest/runner/dist/chunk-hooks.js:752:26\n    at file:///Users/amauricia/Documents/GitHub/Studio-Boss/node_modules/@vitest/runner/dist/chunk-hooks.js:1897:20\n    at new Promise (<anonymous>)\n    at runWithTimeout (file:///Users/amauricia/Documents/GitHub/Studio-Boss/node_modules/@vitest/runner/dist/chunk-hooks.js:1863:10)\n    at runTest (file:///Users/amauricia/Documents/GitHub/Studio-Boss/node_modules/@vitest/runner/dist/chunk-hooks.js:1574:12)\n    at processTicksAndRejections (node:internal/process/task_queues:105:5)\n    at runSuite (file:///Users/amauricia/Documents/GitHub/Studio-Boss/node_modules/@vitest/runner/dist/chunk-hooks.js:1729:8)"],"meta":{}},{"ancestorTitles":["awards system","runAwardsCeremony"],"fullName":"awards system runAwardsCeremony should allow a project with high campaignStrength to win against an identical project with low campaignStrength","status":"failed","title":"should allow a project with high campaignStrength to win against an identical project with low campaignStrength","duration":0.23054100000013023,"failureMessages":["TypeError: Cannot read properties of undefined (reading 'projects')\n    at Module.runAwardsCeremony (/Users/amauricia/Documents/GitHub/Studio-Boss/src/engine/systems/awards.ts:314:29)\n    at /Users/amauricia/Documents/GitHub/Studio-Boss/src/test/engine/systems/awards.test.ts:290:22\n    at file:///Users/amauricia/Documents/GitHub/Studio-Boss/node_modules/@vitest/runner/dist/chunk-hooks.js:155:11\n    at file:///Users/amauricia/Documents/GitHub/Studio-Boss/node_modules/@vitest/runner/dist/chunk-hooks.js:752:26\n    at file:///Users/amauricia/Documents/GitHub/Studio-Boss/node_modules/@vitest/runner/dist/chunk-hooks.js:1897:20\n    at new Promise (<anonymous>)\n    at runWithTimeout (file:///Users/amauricia/Documents/GitHub/Studio-Boss/node_modules/@vitest/runner/dist/chunk-hooks.js:1863:10)\n    at runTest (file:///Users/amauricia/Documents/GitHub/Studio-Boss/node_modules/@vitest/runner/dist/chunk-hooks.js:1574:12)\n    at processTicksAndRejections (node:internal/process/task_queues:105:5)\n    at runSuite (file:///Users/amauricia/Documents/GitHub/Studio-Boss/node_modules/@vitest/runner/dist/chunk-hooks.js:1729:8)"],"meta":{}},{"ancestorTitles":["awards system","runAwardsCeremony"],"fullName":"awards system runAwardsCeremony should exclude projects that do not have an awardsProfile","status":"failed","title":"should exclude projects that do not have an awardsProfile","duration":0.16708300000004783,"failureMessages":["TypeError: Cannot read properties of undefined (reading 'projects')\n    at Module.runAwardsCeremony (/Users/amauricia/Documents/GitHub/Studio-Boss/src/engine/systems/awards.ts:314:29)\n    at /Users/amauricia/Documents/GitHub/Studio-Boss/src/test/engine/systems/awards.test.ts:305:22\n    at file:///Users/amauricia/Documents/GitHub/Studio-Boss/node_modules/@vitest/runner/dist/chunk-hooks.js:155:11\n    at file:///Users/amauricia/Documents/GitHub/Studio-Boss/node_modules/@vitest/runner/dist/chunk-hooks.js:752:26\n    at file:///Users/amauricia/Documents/GitHub/Studio-Boss/node_modules/@vitest/runner/dist/chunk-hooks.js:1897:20\n    at new Promise (<anonymous>)\n    at runWithTimeout (file:///Users/amauricia/Documents/GitHub/Studio-Boss/node_modules/@vitest/runner/dist/chunk-hooks.js:1863:10)\n    at runTest (file:///Users/amauricia/Documents/GitHub/Studio-Boss/node_modules/@vitest/runner/dist/chunk-hooks.js:1574:12)\n    at processTicksAndRejections (node:internal/process/task_queues:105:5)\n    at runSuite (file:///Users/amauricia/Documents/GitHub/Studio-Boss/node_modules/@vitest/runner/dist/chunk-hooks.js:1729:8)"],"meta":{}}],"startTime":1774297179594,"endTime":1774297179656.2305,"status":"failed","message":"","name":"/Users/amauricia/Documents/GitHub/Studio-Boss/src/test/engine/systems/awards.test.ts"},{"assertionResults":[{"ancestorTitles":["buyers system","updateBuyers"],"fullName":"buyers system updateBuyers generates specific headlines for all mandate types","status":"passed","title":"generates specific headlines for all mandate types","duration":5.125083000000018,"failureMessages":[],"meta":{}},{"ancestorTitles":["buyers system","updateBuyers"],"fullName":"buyers system updateBuyers shifts mandate if buyer has no current mandate","status":"passed","title":"shifts mandate if buyer has no current mandate","duration":0.27387500000008913,"failureMessages":[],"meta":{}},{"ancestorTitles":["buyers system","updateBuyers"],"fullName":"buyers system updateBuyers shifts mandate if current mandate is expired","status":"passed","title":"shifts mandate if current mandate is expired","duration":0.4717080000000351,"failureMessages":[],"meta":{}},{"ancestorTitles":["buyers system","updateBuyers"],"fullName":"buyers system updateBuyers shifts mandate early due to random 5% chance","status":"passed","title":"shifts mandate early due to random 5% chance","duration":0.19479200000000674,"failureMessages":[],"meta":{}},{"ancestorTitles":["buyers system","updateBuyers"],"fullName":"buyers system updateBuyers maintains mandate if active and random chance fails","status":"passed","title":"maintains mandate if active and random chance fails","duration":0.25279199999999946,"failureMessages":[],"meta":{}},{"ancestorTitles":["buyers system","calculateFitScore"],"fullName":"buyers system calculateFitScore applies extreme market saturation penalty for 5 or more recent similar projects","status":"passed","title":"applies extreme market saturation penalty for 5 or more recent similar projects","duration":0.3570829999999887,"failureMessages":[],"meta":{}},{"ancestorTitles":["buyers system","calculateFitScore"],"fullName":"buyers system calculateFitScore matches genres correctly for sci-fi/fantasy, comedy, and drama","status":"passed","title":"matches genres correctly for sci-fi/fantasy, comedy, and drama","duration":0.14420899999993253,"failureMessages":[],"meta":{}},{"ancestorTitles":["buyers system","calculateFitScore"],"fullName":"buyers system calculateFitScore boosts score for prestige mandate based on budget tiers","status":"passed","title":"boosts score for prestige mandate based on budget tiers","duration":0.11112499999990177,"failureMessages":[],"meta":{}},{"ancestorTitles":["buyers system","calculateFitScore"],"fullName":"buyers system calculateFitScore boosts score for broad_appeal mandate with family audience and mid/high budget","status":"passed","title":"boosts score for broad_appeal mandate with family audience and mid/high budget","duration":0.2857089999999971,"failureMessages":[],"meta":{}},{"ancestorTitles":["buyers system","calculateFitScore"],"fullName":"buyers sys
[...]
drops","duration":0.05412499999999909,"failureMessages":[],"meta":{}},{"ancestorTitles":["advanceProject","TV & Unscripted Release Rules"],"fullName":"advanceProject TV & Unscripted Release Rules decays rapidly for weekly after finale and sets to post_release","status":"passed","title":"decays rapidly for weekly after finale and sets to post_release","duration":0.05091600000002927,"failureMessages":[],"meta":{}},{"ancestorTitles":["advanceProject","TV & Unscripted Release Rules"],"fullName":"advanceProject TV & Unscripted Release Rules post_release forces out after eps + 4 weeks","status":"passed","title":"post_release forces out after eps + 4 weeks","duration":0.04949999999996635,"failureMessages":[],"meta":{}},{"ancestorTitles":["advanceProject","TV & Unscripted Release Rules"],"fullName":"advanceProject TV & Unscripted Release Rules binge release model completes run early if below 50k","status":"passed","title":"binge release model completes run early if below 50k","duration":0.05600000000004002,"failureMessages":[],"meta":{}},{"ancestorTitles":["advanceProject","TV & Unscripted Release Rules"],"fullName":"advanceProject TV & Unscripted Release Rules binge release model completes run after 8 weeks","status":"passed","title":"binge release model completes run after 8 weeks","duration":0.09945799999991323,"failureMessages":[],"meta":{}},{"ancestorTitles":["advanceProject","TV & Unscripted Release Rules"],"fullName":"advanceProject TV & Unscripted Release Rules split release model part 2 drops","status":"passed","title":"split release model part 2 drops","duration":0.1414999999999509,"failureMessages":[],"meta":{}},{"ancestorTitles":["advanceProject","TV & Unscripted Release Rules"],"fullName":"advanceProject TV & Unscripted Release Rules split release decays normally before part 2","status":"passed","title":"split release decays normally before part 2","duration":1.001792000000023,"failureMessages":[],"meta":{}},{"ancestorTitles":["advanceProject","TV & Unscripted Release Rules"],"fullName":"advanceProject TV & Unscripted Release Rules split release decays after part 2","status":"passed","title":"split release decays after part 2","duration":0.11074999999993906,"failureMessages":[],"meta":{}},{"ancestorTitles":["advanceProject","TV & Unscripted Release Rules"],"fullName":"advanceProject TV & Unscripted Release Rules split release finishes its run","status":"passed","title":"split release finishes its run","duration":0.12354200000004312,"failureMessages":[],"meta":{}},{"ancestorTitles":["advanceProject","Post-Release and Ancillary rules"],"fullName":"advanceProject Post-Release and Ancillary rules calculates bidding war for prestige projects","status":"passed","title":"calculates bidding war for prestige projects","duration":0.15637499999991178,"failureMessages":[],"meta":{}},{"ancestorTitles":["advanceProject","Post-Release and Ancillary rules"],"fullName":"advanceProject Post-Release and Ancillary rules calculates VOD drop for normal films","status":"passed","title":"calculates VOD drop for normal films","duration":0.09791700000005221,"failureMessages":[],"meta":{}},{"ancestorTitles":["advanceProject","Post-Release and Ancillary rules"],"fullName":"advanceProject Post-Release and Ancillary rules calculates higher ancillary for family and anim projects after week 1","status":"passed","title":"calculates higher ancillary for family and anim projects after week 1","duration":0.09874999999999545,"failureMessages":[],"meta":{}},{"ancestorTitles":["advanceProject","Post-Release and Ancillary rules"],"fullName":"advanceProject Post-Release and Ancillary rules archives project after 26 weeks of post_release","status":"passed","title":"archives project after 26 weeks of post_release","duration":0.0899579999999105,"failureMessages":[],"meta":{}},{"ancestorTitles":["advanceProject","Handle Release Phase Entry edge cases"],"fullName":"advanceProject Handle Release Phase Entry edge cases sets prestige multiplier correctly based on bounds","status":"passed","title":"sets prestige multiplier correctly based on bounds","duration":0.06174999999996089,"failureMessages":[],"meta":{}},{"ancestorTitles":["advanceProject","Handle Release Phase Entry edge cases"],"fullName":"advanceProject Handle Release Phase Entry edge cases handles extreme negative budget or buzz values safely (clip to 0 logic check)","status":"passed","title":"handles extreme negative budget or buzz values safely (clip to 0 logic check)","duration":0.047207999999955064,"failureMessages":[],"meta":{}},{"ancestorTitles":["advanceProject","Handle Release Phase Entry edge cases"],"fullName":"advanceProject Handle Release Phase Entry edge cases handles binge TV entry correctly","status":"passed","title":"handles binge TV entry correctly","duration":0.06579199999998764,"failureMessages":[],"meta":{}},{"ancestorTitles":["advanceProject","Handle Release Phase Entry edge cases"],"fullName":"advanceProject Handle Release Phase Entry edge cases handles split TV entry correctly","status":"passed","title":"handles split TV entry correctly","duration":0.08741599999996197,"failureMessages":[],"meta":{}},{"ancestorTitles":["advanceProject","Handle Release Phase Entry edge cases"],"fullName":"advanceProject Handle Release Phase Entry edge cases handles weekly TV entry correctly","status":"passed","title":"handles weekly TV entry correctly","duration":0.05133299999999963,"failureMessages":[],"meta":{}},{"ancestorTitles":["advanceProject","Extreme Edge Cases (Guild Auditor)"],"fullName":"advanceProject Extreme Edge Cases (Guild Auditor) handles project with extremely long negative weeks in phase","status":"passed","title":"handles project with extremely long negative weeks in phase","duration":0.055292000000008557,"failureMessages":[],"meta":{}},{"ancestorTitles":["advanceProject","Extreme Edge Cases (Guild Auditor)"],"fullName":"advanceProject Extreme Edge Cases (Guild Auditor) does not crash or stall if all projects in an array are advanced correctly (pipeline simulation)","status":"passed","title":"does not crash or stall if all projects in an array are advanced correctly (pipeline simulation)","duration":0.456957999999986,"failureMessages":[],"meta":{}}],"startTime":1774297182851,"endTime":1774297182856.457,"status":"passed","message":"","name":"/Users/amauricia/Documents/GitHub/Studio-Boss/src/test/engine/systems/projects.test.ts"},{"assertionResults":[{"ancestorTitles":["releaseSimulation system","generateReviewScore"],"fullName":"releaseSimulation system generateReviewScore calculates base score clamped between 1 and 100","status":"passed","title":"calculates base score clamped between 1 and 100","duration":1.4102909999999156,"failureMessages":[],"meta":{}},{"ancestorTitles":["releaseSimulation system","generateReviewScore"],"fullName":"releaseSimulation system generateReviewScore applies penalty for active, unresolved crises","status":"passed","title":"applies penalty for active, unresolved crises","duration":0.26787500000000364,"failureMessages":[],"meta":{}},{"ancestorTitles":["releaseSimulation system","generateReviewScore"],"fullName":"releaseSimulation system generateReviewScore ignores resolved crises","status":"passed","title":"ignores resolved crises","duration":0.25254099999995105,"failureMessages":[],"meta":{}},{"ancestorTitles":["releaseSimulation system","generateReviewScore"],"fullName":"releaseSimulation system generateReviewScore handles 0 prestige talent pool (edge case)","status":"passed","title":"handles 0 prestige talent pool (edge case)","duration":0.17887500000006185,"failureMessages":[],"meta":{}},{"ancestorTitles":["releaseSimulation system","generateReviewScore"],"fullName":"releaseSimulation system generateReviewScore handles maximum prestige talent pool (edge case)","status":"passed","title":"handles maximum prestige talent pool (edge case)","duration":0.2252089999999498,"failureMessages":[],"meta":{}},{"ancestorTitles":["releaseSimulation system","generateReviewScore"],"fullName":"releaseSimulation system generateReviewScore applies penalty for terrible buzz (<30)","status":"passed","title":"applies penalty for terrible buzz (<30)","duration":0.10679199999992761,"failureMessages":[],"meta":{}},{"ancestorTitles":["releaseSimulation system","generateReviewScore"],"fullName":"releaseSimulation system generateReviewScore applies bonus for excellent buzz (>80)","status":"passed","title":"applies bonus for excellent buzz (>80)","duration":0.9262079999999742,"failureMessages":[],"meta":{}},{"ancestorTitles":["releaseSimulation system","generateReviewScore"],"fullName":"releaseSimulation system generateReviewScore calculates talent bonus correctly for multiple attached talents","status":"passed","title":"calculates talent bonus correctly for multiple attached talents","duration":0.35979200000008404,"failureMessages":[],"meta":{}},{"ancestorTitles":["releaseSimulation system","simulateWeeklyBoxOffice"],"fullName":"releaseSimulation system simulateWeeklyBoxOffice applies standard drop off multipliers based on review score legs","status":"passed","title":"applies standard drop off multipliers based on review score legs","duration":1.4876669999999876,"failureMessages":[],"meta":{}},{"ancestorTitles":["releaseSimulation system","simulateWeeklyBoxOffice"],"fullName":"releaseSimulation system simulateWeeklyBoxOffice applies massive penalty for huge budget drop off week 1","status":"passed","title":"applies massive penalty for huge budget drop off week 1","duration":0.1967499999999518,"failureMessages":[],"meta":{}},{"ancestorTitles":["releaseSimulation system","simulateWeeklyBoxOffice"],"fullName":"releaseSimulation system simulateWeeklyBoxOffice applies sharp second-weekend drop for tentpoles week 1","status":"passed","title":"applies sharp second-weekend drop for tentpoles week 1","duration":0.08604200000002038,"failureMessages":[],"meta":{}},{"ancestorTitles":["releaseSimulation system","simulateWeeklyBoxOffice"],"fullName":"releaseSimulation system simulateWeeklyBoxOffice applies strong word-of-mouth bonus for low budget anomalies","status":"passed","title":"applies strong word-of-mouth bonus for low budget anomalies","duration":0.0751669999999649,"failureMessages":[],"meta":{}},{"ancestorTitles":["releaseSimulation system","simulateWeeklyBoxOffice"],"fullName":"releaseSimulation system simulateWeeklyBoxOffice handles extreme rival competition (100 strength)","status":"passed","title":"handles extreme rival competition (100 strength)","duration":0.07712499999990996,"failureMessages":[],"meta":{}},{"ancestorTitles":["releaseSimulation system","simulateWeeklyBoxOffice"],"fullName":"releaseSimulation system simulateWeeklyBoxOffice never drops below 0.05 absolute multiplier floor due to extreme competition","status":"passed","title":"never drops below 0.05 absolute multiplier floor due to extreme competition","duration":0.05579199999999673,"failureMessages":[],"meta":{}},{"ancestorTitles":["releaseSimulation system","calculateBoxOfficeRanks"],"fullName":"releaseSimulation system calculateBoxOfficeRanks returns correctly sorted ranks map","status":"passed","title":"returns correctly sorted ranks map","duration":0.11075000000005275,"failureMessages":[],"meta":{}},{"ancestorTitles":["releaseSimulation system","calculateBoxOfficeRanks"],"fullName":"releaseSimulation system calculateBoxOfficeRanks handles empty array","status":"passed","title":"handles empty array","duration":0.08987500000000637,"failureMessages":[],"meta":{}},{"ancestorTitles":["releaseSimulation system","calculateBoxOfficeRanks"],"fullName":"releaseSimulation system calculateBoxOfficeRanks handles identical revenues (preserves sort stability or ties appropriately)","status":"passed","title":"handles identical revenues (preserves sort stability or ties appropriately)","duration":0.05645800000002055,"failureMessages":[],"meta":{}},{"ancestorTitles":["releaseSimulation system","calculateBoxOfficeRanks"],"fullName":"releaseSimulation system calculateBoxOfficeRanks does not mutate the original input array","status":"passed","title":"does not mutate the original input array","duration":0.3345839999999498,"failureMessages":[],"meta":{}},{"ancestorTitles":["releaseSimulation system","calculateBoxOfficeRanks"],"fullName":"releaseSimulation system calculateBoxOfficeRanks handles negative and zero revenues correctly","status":"passed","title":"handles negative and zero revenues correctly","duration":0.07291699999996126,"failureMessages":[],"meta":{}},{"ancestorTitles":["releaseSimulation system","calculateBoxOfficeRanks"],"fullName":"releaseSimulation system calculateBoxOfficeRanks handles fractional revenues correctly","status":"passed","title":"handles fractional revenues correctly","duration":0.07016699999996945,"failureMessages":[],"meta":{}},{"ancestorTitles":["releaseSimulation system","Extreme Edge Cases (Guild Auditor)"],"fullName":"releaseSimulation system Extreme Edge Cases (Guild Auditor) handles extreme review scores (> 100 or < 0)","status":"passed","title":"handles extreme review scores (> 100 or < 0)","duration":0.09687499999995453,"failureMessages":[],"meta":{}},{"ancestorTitles":["releaseSimulation system","Extreme Edge Cases (Guild Auditor)"],"fullName":"releaseSimulation system Extreme Edge Cases (Guild Auditor) handles calculating rank with a single entry or empty","status":"passed","title":"handles calculating rank with a single entry or empty","duration":0.055833000000006905,"failureMessages":[],"meta":{}}],"startTime":1774297182826,"endTime":1774297182833.3345,"status":"passed","message":"","name":"/Users/amauricia/Documents/GitHub/Studio-Boss/src/test/engine/systems/releaseSimulation.test.ts"},{"assertionResults":[{"ancestorTitles":["updateRival"],"fullName":"updateRival updates strength and cash","status":"passed","title":"updates strength and cash","duration":2.2002080000000888,"failureMessages":[],"meta":{}},{"ancestorTitles":["updateRival"],"fullName":"updateRival updates strategy based on archetype","status":"passed","title":"updates strategy based on archetype","duration":0.3935000000000173,"failureMessages":[],"meta":{}},{"ancestorTitles":["updateRival"],"fullName":"updateRival sets isAcquirable correctly","status":"passed","title":"sets isAcquirable correctly","duration":0.36687499999993634,"failureMessages":[],"meta":{}}],"startTime":1774297183487,"endTime":1774297183490.3936,"status":"passed","message":"","name":"/Users/amauricia/Documents/GitHub/Studio-Boss/src/test/engine/systems/rivals.test.ts"},{"assertionResults":[{"ancestorTitles":["stats system","getFilmStats"],"fullName":"stats system getFilmStats calculates film stats correctly for mid tier (budget < 100M)","status":"passed","title":"calculates film stats correctly for mid tier (budget < 100M)","duration":6.515374999999949,"failureMessages":[],"meta":{}},{"ancestorTitles":["stats system","getFilmStats"],"fullName":"stats system getFilmStats applies 1.25x risk multiplier for high tier (budget >= 100M)","status":"passed","title":"applies 1.25x risk multiplier for high tier (budget >= 100M)","duration":0.30454199999996945,"failureMessages":[],"meta":{}},{"ancestorTitles":["stats system","getFilmStats"],"fullName":"stats system getFilmStats applies 1.5x risk multiplier for blockbuster tier (budget >= 200M)","status":"passed","title":"applies 1.5x risk multiplier for blockbuster tier (budget >= 200M)","duration":0.10008400000003803,"failureMessages":[],"meta":{}},{"ancestorTitles":["stats system","getTvStats"],"fullName":"stats system getTvStats calculates TV stats correctly for mid tier (budget <= 50M)","status":"passed","title":"calculates TV stats correctly for mid tier (budget <= 50M)","duration":0.1340419999999085,"failureMessages":[],"meta":{}},{"ancestorTitles":["stats system","getTvStats"],"fullName":"stats system getTvStats applies 1.3x scale multiplier for high tier (budget > 50M)","status":"passed","title":"applies 1.3x scale multiplier for high tier (budget > 50M)","duration":0.08629200000007131,"failureMessages":[],"meta":{}},{"ancestorTitles":["stats system","getTvStats"],"fullName":"stats system getTvStats applies 1.5x scale multiplier for blockbuster tier (budget >= 100M)","status":"passed","title":"applies 1.5x scale multiplier for blockbuster tier (budget >= 100M)","duration":0.09191599999996924,"failureMessages":[],"meta":{}},{"ancestorTitles":["stats system","getUnscriptedStats"],"fullName":"stats system getUnscriptedStats calculates unscripted stats correctly for mid tier (budget <= 50M)","status":"passed","title":"calculates unscripted stats correctly for mid tier (budget <= 50M)","duration":0.10645799999997507,"failureMessages":[],"meta":{}},{"ancestorTitles":["stats system","getUnscriptedStats"],"fullName":"stats system getUnscriptedStats applies 1.2x scale multiplier for high tier (budget > 50M) for weekly cost only","status":"passed","title":"applies 1.2x scale multiplier for high tier (budget > 50M) for weekly cost only","duration":0.07291700000007495,"failureMessages":[],"meta":{}},{"ancestorTitles":["stats system","getUnscriptedStats"],"fullName":"stats system getUnscriptedStats applies 1.4x scale multiplier for blockbuster tier (budget >= 100M)","status":"passed","title":"applies 1.4x scale multiplier for blockbuster tier (budget >= 100M)","duration":0.18608399999993708,"failureMessages":[],"meta":{}},{"ancestorTitles":["stats system","Extreme Edge Cases (Guild Auditor)"],"fullName":"stats system Extreme Edge Cases (Guild Auditor) handles negative budget safely","status":"passed","title":"handles negative budget safely","duration":0.0750829999999496,"failureMessages":[],"meta":{}},{"ancestorTitles":["stats system","Extreme Edge Cases (Guild Auditor)"],"fullName":"stats system Extreme Edge Cases (Guild Auditor) handles 0 budget safely","status":"passed","title":"handles 0 budget safely","duration":0.05316599999991922,"failureMessages":[],"meta":{}}],"startTime":1774297183050,"endTime":1774297183058.186,"status":"passed","message":"","name":"/Users/amauricia/Documents/GitHub/Studio-Boss/src/test/engine/systems/stats.test.ts"},{"assertionResults":[{"ancestorTitles":["Trends System"],"fullName":"Trends System initializes with a set of default genre trends","status":"passed","title":"initializes with a set of default genre trends","duration":1.0700420000000577,"failureMessages":[],"meta":{}},{"ancestorTitles":["Trends System"],"fullName":"Trends System advances trends correctly over a week","status":"passed","title":"advances trends correctly over a week","duration":0.4065409999999474,"failureMessages":[],"meta":{}},{"ancestorTitles":["Trends System"],"fullName":"Trends System calculates the trend multiplier for a matching genre","status":"passed","title":"calculates the trend multiplier for a matching genre","duration":0.13891699999999219,"failureMessages":[],"meta":{}},{"ancestorTitles":["Trends System"],"fullName":"Trends System returns a multiplier of 1.0 for a missing genre","status":"passed","title":"returns a multiplier of 1.0 for a missing genre","duration":0.05124999999998181,"failureMessages":[],"meta":{}},{"ancestorTitles":["Trends System"],"fullName":"Trends System shifts directions properly based on thresholds","status":"passed","title":"shifts directions properly based on thresholds","duration":0.59862499999997,"failureMessages":[],"meta":{}}],"startTime":1774297182772,"endTime":1774297182773.5986,"status":"passed","message":"","name":"/Users/amauricia/Documents/GitHub/Studio-Boss/src/test/engine/systems/trends.test.ts"},{"assertionResults":[{"ancestorTitles":["Unscripted Projects"],"fullName":"Unscripted Projects creates an unscripted project with correct stats","status":"passed","title":"creates an unscripted project with correct stats","duration":2.7948330000000396,"failureMessages":[],"meta":{}}],"startTime":1774297182511,"endTime":1774297182513.795,"status":"passed","message":"","name":"/Users/amauricia/Documents/GitHub/Studio-Boss/src/test/engine/systems/unscripted.test.ts"}]}
