{"numTotalTestSuites":208,"numPassedTestSuites":196,"numFailedTestSuites":12,"numPendingTestSuites":0,"numTotalTests":319,"numPassedTests":297,"numFailedTests":21,"numPendingTests":1,"numTodoTests":0,"snapshot":{"added":0,"failure":false,"filesAdded":0,"filesRemoved":0,"filesRemovedList":[],"filesUnmatched":0,"filesUpdated":0,"matched":0,"total":0,"unchecked":0,"uncheckedKeysByFile":[],"unmatched":0,"updated":0,"didUpdate":false},"startTime":1774957030191,"success":false,"testResults":[{"assertionResults":[{"ancestorTitles":["WeekSummaryModal"],"fullName":"WeekSummaryModal renders nothing when weekSummary is null","status":"passed","title":"renders nothing when weekSummary is null","duration":30.498875000000226,"failureMessages":[],"meta":{}},{"ancestorTitles":["WeekSummaryModal"],"fullName":"WeekSummaryModal renders nothing when showWeekSummary is false (Dialog handles open state, but if weekSummary is null it returns null anyway)","status":"passed","title":"renders nothing when showWeekSummary is false (Dialog handles open state, but if weekSummary is null it returns null anyway)","duration":2.2799590000004173,"failureMessages":[],"meta":{}},{"ancestorTitles":["WeekSummaryModal"],"fullName":"WeekSummaryModal renders correctly with positive net financial data","status":"passed","title":"renders correctly with positive net financial data","duration":274.79349999999977,"failureMessages":[],"meta":{}},{"ancestorTitles":["WeekSummaryModal"],"fullName":"WeekSummaryModal renders correctly with negative net financial data","status":"passed","title":"renders correctly with negative net financial data","duration":220.48141699999996,"failureMessages":[],"meta":{}},{"ancestorTitles":["WeekSummaryModal"],"fullName":"WeekSummaryModal renders project updates, events, and headlines if they exist","status":"passed","title":"renders project updates, events, and headlines if they exist","duration":132.05262500000026,"failureMessages":[],"meta":{}},{"ancestorTitles":["WeekSummaryModal"],"fullName":"WeekSummaryModal calls closeSummary when the Continue button is clicked","status":"passed","title":"calls closeSummary when the Continue button is clicked","duration":238.8538749999998,"failureMessages":[],"meta":{}}],"startTime":1774957039138,"endTime":1774957040037.8538,"status":"passed","message":"","name":"/Users/amauricia/Documents/GitHub/Studio-Boss/src/test/WeekSummaryModal.test.tsx"},{"assertionResults":[{"ancestorTitles":["example"],"fullName":"example should pass","status":"passed","title":"should pass","duration":0.6865000000000236,"failureMessages":[],"meta":{}}],"startTime":1774957055901,"endTime":1774957055901.6865,"status":"passed","message":"","name":"/Users/amauricia/Documents/GitHub/Studio-Boss/src/test/example.test.ts"},{"assertionResults":[{"ancestorTitles":["ChartStyle Log"],"fullName":"ChartStyle Log logs the innerHTML","status":"passed","title":"logs the innerHTML","duration":121.9233750000003,"failureMessages":[],"meta":{}}],"startTime":1774957046760,"endTime":1774957046881.9233,"status":"passed","message":"","name":"/Users/amauricia/Documents/GitHub/Studio-Boss/src/test/vitest_temp.test.tsx"},{"assertionResults":[{"ancestorTitles":["Historical Snapshots System"],"fullName":"Historical Snapshots System should capture a complete snapshot exactly on week 52","status":"passed","title":"should capture a complete snapshot exactly on week 52","duration":235.41758300000038,"failureMessages":[],"meta":{}}],"startTime":1774957044680,"endTime":1774957044915.4175,"status":"passed","message":"","name":"/Users/amauricia/Documents/GitHub/Studio-Boss/src/test/engine/snapshots.test.ts"},{"assertionResults":[{"ancestorTitles":["utils","formatMoney"],"fullName":"utils formatMoney formats %p as %p 1500 $2K","status":"passed","title":"formats %p as %p 1500 $2K","duration":1.071374999999989,"failureMessages":[],"meta":{}},{"ancestorTitles":["utils","formatMoney"],"fullName":"utils formatMoney formats %p as %p 1000 $1K","status":"passed","title":"formats %p as %p 1000 $1K","duration":1.6234580000000278,"failureMessages":[],"meta":{}},{"ancestorTitles":["utils","formatMoney"],"fullName":"utils formatMoney formats %p as %p 999 undefined","status":"passed","title":"formats %p as %p 999 undefined","duration":0.09608300000036252,"failureMessages":[],"meta":{}},{"ancestorTitles":["utils","formatMoney"],"fullName":"utils formatMoney formats %p as %p 1500000 $1.5M","status":"passed","title":"formats %p as %p 1500000 $1.5M","duration":0.1576669999999467,"failureMessages":[],"meta":{}},{"ancestorTitles":["utils","formatMoney"],"fullName":"utils formatMoney formats %p as %p 1000000 $1.0M","status":"passed","title":"formats %p as %p 1000000 $1.0M","duration":0.055583999999726075,"failureMessages":[],"meta":{}},{"ancestorTitles":["utils","formatMoney"],"fullName":"utils formatMoney formats %p as %p 1500000000 $1.5B","status":"passed","title":"formats %p as %p 1500000000 $1.5B","duration":0.061375000000225555,"failureMessages":[],"meta":{}},{"ancestorTitles":["utils","formatMoney"],"fullName":"utils formatMoney formats %p as %p 1000000000 $1.0B","status":"passed","title":"formats %p as %p 1000000000 $1.0B","duration":0.03929199999993216,"failureMessages":[],"meta":{}},{"ancestorTitles":["utils","formatMoney"],"fullName":"utils formatMoney formats %p as %p -1500 -$2K","status":"passed","title":"formats %p as %p -1500 -$2K","duration":0.03608299999996234,"failureMessages":[],"meta":{}},{"ancestorTitles":["utils","formatMoney"],"fullName":"utils formatMoney formats %p as %p -1500000 -$1.5M","status":"passed","title":"formats %p as %p -1500000 -$1.5M","duration":0.3295000000002801,"failureMessages":[],"meta":{}},{"ancestorTitles":["utils","formatMoney"],"fullName":"utils formatMoney formats %p as %p -1500000000 -$1.5B","status":"passed","title":"formats %p as %p -1500000000 -$1.5B","duration":0.0724169999998594,"failureMessages":[],"meta":{}},{"ancestorTitles":["utils","formatMoney"],"fullName":"utils formatMoney formats %p as %p -500 -undefined","status":"passed","title":"formats %p as %p -500 -undefined","duration":0.08016700000007404,"failureMessages":[],"meta":{}},{"ancestorTitles":["utils","formatMoney"],"fullName":"utils formatMoney formats %p as %p 0 +0","status":"passed","title":"formats %p as %p 0 +0","duration":0.03391700000020137,"failureMessages":[],"meta":{}},{"ancestorTitles":["utils","formatMoney"],"fullName":"utils formatMoney formats %p as %p 50 undefined","status":"passed","title":"formats %p as %p 50 undefined","duration":0.028166999999939435,"failureMessages":[],"meta":{}},{"ancestorTitles":["utils","formatMoney"],"fullName":"utils formatMoney formats %p as %p 0 --0","status":"passed","title":"formats %p as %p 0 --0","duration":0.028250000000298314,"failureMessages":[],"meta":{}},{"ancestorTitles":["utils","formatMoney"],"fullName":"utils formatMoney formats %p as %p NaN $NaN","status":"passed","title":"formats %p as %p NaN $NaN","duration":0.027250000000094587,"failureMessages":[],"meta":{}},{"ancestorTitles":["utils","formatMoney"],"fullName":"utils formatMoney formats %p as %p Infinity $InfinityB","status":"passed","title":"formats %p as %p Infinity $InfinityB","duration":0.029167000000143162,"failureMessages":[],"meta":{}},{"ancestorTitles":["utils","formatMoney"],"fullName":"utils formatMoney formats %p as %p -Infinity -$InfinityB","status":"passed","title":"formats %p as %p -Infinity -$InfinityB","duration":0.024625000000014552,"failureMessages":[],"meta":{}},{"ancestorTitles":["utils","formatMoney"],"fullName":"utils formatMoney formats %p as %p 999.9 $1K","status":"passed","title":"formats %p as %p 999.9 $1K","duration":0.03416600000036851,"failureMessages":[],"meta":{}},{"ancestorTitles":["utils","formatMoney"],"fullName":"utils formatMoney formats %p as %p 999999.9 $1.0M","status":"passed","title":"formats %p as %p 999999.9 $1.0M","duration":0.026583999999729713,"failureMessages":[],"meta":{}},{"ancestorTitles":["utils","formatMoney"],"fullName":"utils formatMoney formats %p as %p 999999999.9 $1.0B","status":"passed","title":"formats %p as %p 999999999.9 $1.0B","duration":0.026208000000224274,"failureMessages":[],"meta":{}},{"ancestorTitles":["utils","getWeekDisplay"],"fullName":"utils getWeekDisplay calculates correct week and year","status":"passed","title":"calculates correct week and year","duration":0.5408749999996871,"failureMessages":[],"meta":{}},{"ancestorTitles":["utils","pick"],"fullName":"utils pick picks an element from the array","status":"passed","title":"picks an element from the array","duration":0.881249999999909,"failureMessages":[],"meta":{}},{"ancestorTitles":["utils","randRange"],"fullName":"utils randRange returns a number within the range","status":"passed","title":"returns a number within the range","duration":0.12412499999982174,"failureMessages":[],"meta":{}},{"ancestorTitles":["utils","clamp"],"fullName":"utils clamp returns the minimum when value is below min","status":"passed","title":"returns the minimum when value is below min","duration":0.04779099999996106,"failureMessages":[],"meta":{}},{"ancestorTitles":["utils","clamp"],"fullName":"utils clamp returns the value when within range","status":"passed","title":"returns the value when within range","duration":0.033625000000029104,"failureMessages":[],"meta":{}},{"ancestorTitles":["utils","clamp"],"fullName":"utils clamp returns the maximum when value is above max","status":"passed","title":"returns the maximum when value is above max","duration":0.03154100000028848,"failureMessages":[],"meta":{}}],"startTime":1774957048457,"endTime":1774957048463.124,"status":"passed","message":"","name":"/Users/amauricia/Documents/GitHub/Studio-Boss/src/test/engine/utils.test.ts"},{"assertionResults":[{"ancestorTitles":["saveLoad"],"fullName":"saveLoad returns null when loading an empty slot","status":"failed","title":"returns null when loading an empty slot","duration":33.12920899999972,"failureMessages":["AssertionError: expected Promise{…} to be null\n    at /Users/amauricia/Documents/GitHub/Studio-Boss/src/test/persistence/saveLoad.test.ts:38:25\n    at file:///Users/amauricia/Documents/GitHub/Studio-Boss/node_modules/@vitest/runner/dist/chunk-hooks.js:155:11\n    at file:///Users/amauricia/Documents/GitHub/Studio-Boss/node_modules/@vitest/runner/dist/chunk-hooks.js:752:26\n    at file:///Users/amauricia/Documents/GitHub/Studio-Boss/node_modules/@vitest/runner/dist/chunk-hooks.js:1897:20\n    at new Promise (<anonymous>)\n    at runWithTimeout (file:///Users/amauricia/Documents/GitHub/Studio-Boss/node_modules/@vitest/runner/dist/chunk-hooks.js:1863:10)\n    at runTest (file:///Users/amauricia/Documents/GitHub/Studio-Boss/node_modules/@vitest/runner/dist/chunk-hooks.js:1574:12)\n    at processTicksAndRejections (node:internal/process/task_queues:105:5)\n    at runSuite (file:///Users/amauricia/Documents/GitHub/Studio-Boss/node_modules/@vitest/runner/dist/chunk-hooks.js:1729:8)\n    at runSuite (file:///Users/amauricia/Documents/GitHub/Studio-Boss/node_modules/@vitest/runner/dist/chunk-hooks.js:1729:8)"],"meta":{}},{"ancestorTitles":["saveLoad"],"fullName":"saveLoad handles malformed save data","status":"failed","title":"handles malformed save data","duration":4.050750000000335,"failureMessages":["AssertionError: expected Promise{…} to be null\n    at /Users/amauricia/Documents/GitHub/Studio-Boss/src/test/persistence/saveLoad.test.ts:43:25\n    at file:///Users/amauricia/Documents/GitHub/Studio-Boss/node_modules/@vitest/runner/dist/chunk-hooks.js:155:11\n    at file:///Users/amauricia/Documents/GitHub/Studio-Boss/node_modules/@vitest/runner/dist/chunk-hooks.js:752:26\n    at file:///Users/amauricia/Documents/GitHub/Studio-Boss/node_modules/@vitest/runner/dist/chunk-hooks.js:1897:20\n    at new Promise (<anonymous>)\n    at runWithTimeout (file:///Users/amauricia/Documents/GitHub/Studio-Boss/node_modules/@vitest/runner/dist/chunk-hooks.js:1863:10)\n    at runTest (file:///Users/amauricia/Documents/GitHub/Studio-Boss/node_modules/@vitest/runner/dist/chunk-hooks.js:1574:12)\n    at processTicksAndRejections (node:internal/process/task_queues:105:5)\n    at runSuite (file:///Users/amauricia/Documents/GitHub/Studio-Boss/node_modules/@vitest/runner/dist/chunk-hooks.js:1729:8)\n    at runSuite (file:///Users/amauricia/Documents/GitHub/Studio-Boss/node_modules/@vitest/runner/dist/chunk-hooks.js:1729:8)"],"meta":{}},{"ancestorTitles":["saveLoad"],"fullName":"saveLoad returns null for invalid payload structures","status":"failed","title":"returns null for invalid payload structures","duration":1.036750000000211,"failureMessages":["AssertionError: expected Promise{…} to be null\n    at /Users/amauricia/Documents/GitHub/Studio-Boss/src/test/persistence/saveLoad.test.ts:53:25\n    at file:///Users/amauricia/Documents/GitHub/Studio-Boss/node_modules/@vitest/runner/dist/chunk-hooks.js:155:11\n    at file:///Users/amauricia/Documents/GitHub/Studio-Boss/node_modules/@vitest/runner/dist/chunk-hooks.js:752:26\n    at file:///Users/amauricia/Documents/GitHub/Studio-Boss/node_modules/@vitest/runner/dist/chunk-hooks.js:1897:20\n    at new Promise (<anonymous>)\n    at runWithTimeout (file:///Users/amauricia/Documents/GitHub/Studio-Boss/node_modules/@vitest/runner/dist/chunk-hooks.js:1863:10)\n    at runTest (file:///Users/amauricia/Documents/GitHub/Studio-Boss/node_modules/@vitest/runner/dist/chunk-hooks.js:1574:12)\n    at processTicksAndRejections (node:internal/process/task_queues:105:5)\n    at runSuite (file:///Users/amauricia/Documents/GitHub/Studio-Boss/node_modules/@vitest/runner/dist/chunk-hooks.js:1729:8)\n    at runSuite (file:///Users/amauricia/Documents/GitHub/Studio-Boss/node_modules/@vitest/runner/dist/chunk-hooks.js:1729:8)"],"meta":{}},{"ancestorTitles":["saveLoad"],"fullName":"saveLoad saves and loads game state","status":"failed","title":"saves and loads game state","duration":24.57037500000024,"failureMessages":["TypeError: Cannot read properties of undefined (reading 'name')\n    at /Users/amauricia/Documents/GitHub/Studio-Boss/src/test/persistence/saveLoad.test.ts:62:20\n    at file:///Users/amauricia/Documents/GitHub/Studio-Boss/node_modules/@vitest/runner/dist/chunk-hooks.js:155:11\n    at file:///Users/amauricia/Documents/GitHub/Studio-Boss/node_modules/@vitest/runner/dist/chunk-hooks.js:752:26\n    at file:///Users/amauricia/Documents/GitHub/Studio-Boss/node_modules/@vitest/runner/dist/chunk-hooks.js:1897:20\n    at new Promise (<anonymous>)\n    at runWithTimeout (file:///Users/amauricia/Documents/GitHub/Studio-Boss/node_modules/@vitest/runner/dist/chunk-hooks.js:1863:10)\n    at runTest (file:///Users/amauricia/Documents/GitHub/Studio-Boss/node_modules/@vitest/runner/dist/chunk-hooks.js:1574:12)\n    at processTicksAndRejections (node:internal/process/task_queues:105:5)\n    at runSuite (file:///Users/amauricia/Documents/GitHub/Studio-Boss/node_modules/@vitest/runner/dist/chunk-hooks.js:1729:8)\n    at runSuite (file:///Users/amauricia/Documents/GitHub/Studio-Boss/node_modules/@vitest/runner/dist/chunk-hooks.js:1729:8)"],"meta":{}},{"ancestorTitles":["saveLoad"],"fullName":"saveLoad retrieves save slots info","status":"failed","title":"retrieves save slots info","duration":4.314666000000216,"failureMessages":["AssertionError: expected Promise{…} to have property 'length'\n    at Proxy.<anonymous> (file:///Users/amauricia/Documents/GitHub/Studio-Boss/node_modules/@vitest/expect/dist/index.js:1257:20)\n    at Proxy.<anonymous> (file:///Users/amauricia/Documents/GitHub/Studio-Boss/node_modules/@vitest/expect/dist/index.js:1029:14)\n    at Proxy.toHaveLength (file:///Users/amauricia/Documents/GitHub/Studio-Boss/node_modules/chai/index.js:1686:25)\n    at /Users/amauricia/Documents/GitHub/Studio-Boss/src/test/persistence/saveLoad.test.ts:67:25\n    at file:///Users/amauricia/Documents/GitHub/Studio-Boss/node_modules/@vitest/runner/dist/chunk-hooks.js:155:11\n    at file:///Users/amauricia/Documents/GitHub/Studio-Boss/node_modules/@vitest/runner/dist/chunk-hooks.js:752:26\n    at file:///Users/amauricia/Documents/GitHub/Studio-Boss/node_modules/@vitest/runner/dist/chunk-hooks.js:1897:20\n    at new Promise (<anonymous>)\n    at runWithTimeout (file:///Users/amauricia/Documents/GitHub/Studio-Boss/node_modules/@vitest/runner/dist/chunk-hooks.js:1863:10)\n    at runTest (file:///Users/amauricia/Documents/GitHub/Studio-Boss/node_modules/@vitest/runner/dist/chunk-hooks.js:1574:12)"],"meta":{}},{"ancestorTitles":["saveLoad"],"fullName":"saveLoad interacts with localStorage correctly when saving a game","status":"failed","title":"interacts with localStorage correctly when saving a game","duration":7.18237500000032,"failureMessages":["AssertionError: expected \"spy\" to be called with arguments: [ 'studioboss_save_2', …(1) ]\u001b[90m\n\nNumber of calls: \u001b[1m0\u001b[22m\n\u001b[39m\n    at Proxy.<anonymous> (file:///Users/amauricia/Documents/GitHub/Studio-Boss/node_modules/@vitest/expect/dist/index.js:1355:10)\n    at Proxy.<anonymous> (file:///Users/amauricia/Documents/GitHub/Studio-Boss/node_modules/@vitest/expect/dist/index.js:1029:14)\n    at Proxy.toHaveBeenCalledWith (file:///Users/amauricia/Documents/GitHub/Studio-Boss/node_modules/chai/index.js:1686:25)\n    at /Users/amauricia/Documents/GitHub/Studio-Boss/src/test/persistence/saveLoad.test.ts:88:45\n    at file:///Users/amauricia/Documents/GitHub/Studio-Boss/node_modules/@vitest/runner/dist/chunk-hooks.js:155:11\n    at file:///Users/amauricia/Documents/GitHub/Studio-Boss/node_modules/@vitest/runner/dist/chunk-hooks.js:752:26\n    at file:///Users/amauricia/Documents/GitHub/Studio-Boss/node_modules/@vitest/runner/dist/chunk-hooks.js:1897:20\n    at new Promise (<anonymous>)\n    at runWithTimeout (file:///Users/amauricia/Documents/GitHub/Studio-Boss/node_modules/@vitest/runner/dist/chunk-hooks.js:1863:10)\n    at runTest (file:///Users/amauricia/Documents/GitHub/Studio-Boss/node_modules/@vitest/runner/dist/chunk-hooks.js:1574:12)"],"meta":{}},{"ancestorTitles":["saveLoad"],"fullName":"saveLoad preserves existing save slots when saving to a new slot","status":"failed","title":"preserves existing save slots when saving to a new slot","duration":25.129625000000487,"failureMessages":["AssertionError: expected \"spy\" to be called with arguments: [ 'studioboss_save_1', …(1) ]\u001b[90m\n\nNumber of calls: \u001b[1m0\u001b[22m\n\u001b[39m\n    at Proxy.<anonymous> (file:///Users/amauricia/Documents/GitHub/Studio-Boss/node_modules/@vitest/expect/dist/index.js:1355:10)\n    at Proxy.<anonymous> (file:///Users/amauricia/Documents/GitHub/Studio-Boss/node_modules/@vitest/expect/dist/index.js:1029:14)\n    at Proxy.toHaveBeenCalledWith (file:///Users/amauricia/Documents/GitHub/Studio-Boss/node_modules/chai/index.js:1686:25)\n    at /Users/amauricia/Documents/GitHub/Studio-Boss/src/test/persistence/saveLoad.test.ts:123:45\n    at file:///Users/amauricia/Documents/GitHub/Studio-Boss/node_modules/@vitest/runner/dist/chunk-hooks.js:155:11\n    at file:///Users/amauricia/Documents/GitHub/Studio-Boss/node_modules/@vitest/runner/dist/chunk-hooks.js:752:26\n    at file:///Users/amauricia/Documents/GitHub/Studio-Boss/node_modules/@vitest/runner/dist/chunk-hooks.js:1897:20\n    at new Promise (<anonymous>)\n    at runWithTimeout (file:///Users/amauricia/Documents/GitHub/Studio-Boss/node_modules/@vitest/runner/dist/chunk-hooks.js:1863:10)\n    at runTest (file:///Users/amauricia/Documents/GitHub/Studio-Boss/node_modules/@vitest/runner/dist/chunk-hooks.js:1574:12)"],"meta":{}},{"ancestorTitles":["saveLoad"],"fullName":"saveLoad handles malformed save slots metadata","status":"failed","title":"handles malformed save slots metadata","duration":120.37095800000043,"failureMessages":["AssertionError: expected \"error\" to be called with arguments: [ …(2) ]\u001b[90m\n\nNumber of calls: \u001b[1m0\u001b[22m\n\u001b[39m\n    at Proxy.<anonymous> (file:///Users/amauricia/Documents/GitHub/Studio-Boss/node_modules/@vitest/expect/dist/index.js:1355:10)\n    at Proxy.<anonymous> (file:///Users/amauricia/Documents/GitHub/Studio-Boss/node_modules/@vitest/expect/dist/index.js:1029:14)\n    at Proxy.toHaveBeenCalledWith (file:///Users/amauricia/Documents/GitHub/Studio-Boss/node_modules/chai/index.js:1686:25)\n    at /Users/amauricia/Documents/GitHub/Studio-Boss/src/test/persistence/saveLoad.test.ts:153:24\n    at file:///Users/amauricia/Documents/GitHub/Studio-Boss/node_modules/@vitest/runner/dist/chunk-hooks.js:155:11\n    at file:///Users/amauricia/Documents/GitHub/Studio-Boss/node_modules/@vitest/runner/dist/chunk-hooks.js:752:26\n    at file:///Users/amauricia/Documents/GitHub/Studio-Boss/node_modules/@vitest/runner/dist/chunk-hooks.js:1897:20\n    at new Promise (<anonymous>)\n    at runWithTimeout (file:///Users/amauricia/Documents/GitHub/Studio-Boss/node_modules/@vitest/runner/dist/chunk-hooks.js:1863:10)\n    at runTest (file:///Users/amauricia/Documents/GitHub/Studio-Boss/node_modules/@vitest/runner/dist/chunk-hooks.js:1574:12)"],"meta":{}}],"startTime":1774957035481,"endTime":1774957035700.3708,"status":"failed","message":"","name":"/Users/amauricia/Documents/GitHub/Studio-Boss/src/test/persistence/saveLoad.test.ts"},{"assertionResults":[{"ancestorTitles":["applyStateImpact utility"],"fullName":"applyStateImpact utility should update cash correctly","status":"failed","title":"should update cash correctly","duration":100.47033400000055,"failureMessages":["AssertionError: expected 1000000 to be 500000 // Object.is equality\n    at /Users/amauricia/Documents/GitHub/Studio-Boss/src/test/store/applyStateImpact.test.ts:70:35\n    at file:///Users/amauricia/Documents/GitHub/Studio-Boss/node_modules/@vitest/runner/dist/chunk-hooks.js:155:11\n    at file:///Users/amauricia/Documents/GitHub/Studio-Boss/node_modules/@vitest/runner/dist/chunk-hooks.js:752:26\n    at file:///Users/amauricia/Documents/GitHub/Studio-Boss/node_modules/@vitest/runner/dist/chunk-hooks.js:1897:20\n    at new Promise (<anonymous>)\n    at runWithTimeout (file:///Users/amauricia/Documents/GitHub/Studio-Boss/node_modules/@vitest/runner/dist/chunk-hooks.js:1863:10)\n    at runTest (file:///Users/amauricia/Documents/GitHub/Studio-Boss/node_modules/@vitest/runner/dist/chunk-hooks.js:1574:12)\n    at processTicksAndRejections (node:internal/process/task_queues:105:5)\n    at runSuite (file:///Users/amauricia/Documents/GitHub/Studio-Boss/node_modules/@vitest/runner/dist/chunk-hooks.js:1729:8)\n    at runSuite (file:///Users/amauricia/Documents/GitHub/Studio-Boss/node_modules/@vitest/runner/dist/chunk-hooks.js:1729:8)"],"meta":{}},{"ancestorTitles":["applyStateImpact utility"],"fullName":"applyStateImpact utility should update project fields correctly","status":"failed","title":"should update project fields correctly","duration":7.77324999999928,"failureMessages":["AssertionError: expected 'development' to be 'production' // Object.is equality\n    at /Users/amauricia/Documents/GitHub/Studio-Boss/src/test/store/applyStateImpact.test.ts:82:35\n    at file:///Users/amauricia/Documents/GitHub/Studio-Boss/node_modules/@vitest/runner/dist/chunk-hooks.js:155:11\n    at file:///Users/amauricia/Documents/GitHub/Studio-Boss/node_modules/@vitest/runner/dist/chunk-hooks.js:752:26\n    at file:///Users/amauricia/Documents/GitHub/Studio-Boss/node_modules/@vitest/runner/dist/chunk-hooks.js:1897:20\n    at new Promise (<anonymous>)\n    at runWithTimeout (file:///Users/amauricia/Documents/GitHub/Studio-Boss/node_modules/@vitest/runner/dist/chunk-hooks.js:1863:10)\n    at runTest (file:///Users/amauricia/Documents/GitHub/Studio-Boss/node_modules/@vitest/runner/dist/chunk-hooks.js:1574:12)\n    at processTicksAndRejections (node:internal/process/task_queues:105:5)\n    at runSuite (file:///Users/amauricia/Documents/GitHub/Studio-Boss/node_modules/@vitest/runner/dist/chunk-hooks.js:1729:8)\n    at runSuite (file:///Users/amauricia/Documents/GitHub/Studio-Boss/node_modules/@vitest/runner/dist/chunk-hooks.js:1729:8)"],"meta":{}},{"ancestorTitles":["applyStateImpact utility"],"fullName":"applyStateImpact utility should update prestige correctly","status":"failed","title":"should update prestige correctly","duration":9.248708000000079,"failureMessages":["AssertionError: expected 50 to be 60 // Object.is equality\n    at /Users/amauricia/Documents/GitHub/Studio-Boss/src/test/store/applyStateImpact.test.ts:89:38\n    at file:///Users/amauricia/Documents/GitHub/Studio-Boss/node_modules/@vitest/runner/dist/chunk-hooks.js:155:11\n    at file:///Users/amauricia/Documents/GitHub/Studio-Boss/node_modules/@vitest/runner/dist/chunk-hooks.js:752:26\n    at file:///Users/amauricia/Documents/GitHub/Studio-Boss/node_modules/@vitest/runner/dist/chunk-hooks.js:1897:20\n    at new Promise (<anonymous>)\n    at runWithTimeout (file:///Users/amauricia/Documents/GitHub/Studio-Boss/node_modules/@vitest/runner/dist/chunk-hooks.js:1863:10)\n    at runTest (file:///Users/amauricia/Documents/GitHub/Studio-Boss/node_modules/@vitest/runner/dist/chunk-hooks.js:1574:12)\n    at processTicksAndRejections (node:internal/process/task_queues:105:5)\n    at runSuite (file:///Users/amauricia/Documents/GitHub/Studio-Boss/node_modules/@vitest/runner/dist/chunk-hooks.js:1729:8)\n    at runSuite (file:///Users/amauricia/Documents/GitHub/Studio-Boss/node_modules/@vitest/runner/dist/chunk-hooks.js:1729:8)"],"meta":{}},{"ancestorTitles":["applyStateImpact utility"],"fullName":"applyStateImpact utility should add headlines and news events","status":"failed","title":"should add headlines and news events","duration":16.613124999999854,"failureMessages":["AssertionError: expected [] to have a length of 1 but got +0\n    at Proxy.<anonymous> (file:///Users/amauricia/Documents/GitHub/Studio-Boss/node_modules/@vitest/expect/dist/index.js:1257:20)\n    at Proxy.<anonymous> (file:///Users/amauricia/Documents/GitHub/Studio-Boss/node_modules/@vitest/expect/dist/index.js:1029:14)\n    at Proxy.toHaveLength (file:///Users/amauricia/Documents/GitHub/Studio-Boss/node_modules/chai/index.js:1686:25)\n    at /Users/amauricia/Documents/GitHub/Studio-Boss/src/test/store/applyStateImpact.test.ts:98:37\n    at file:///Users/amauricia/Documents/GitHub/Studio-Boss/node_modules/@vitest/runner/dist/chunk-hooks.js:155:11\n    at file:///Users/amauricia/Documents/GitHub/Studio-Boss/node_modules/@vitest/runner/dist/chunk-hooks.js:752:26\n    at file:///Users/amauricia/Documents/GitHub/Studio-Boss/node_modules/@vitest/runner/dist/chunk-hooks.js:1897:20\n    at new Promise (<anonymous>)\n    at runWithTimeout (file:///Users/amauricia/Documents/GitHub/Studio-Boss/node_modules/@vitest/runner/dist/chunk-hooks.js:1863:10)\n    at runTest (file:///Users/amauricia/Documents/GitHub/Studio-Boss/node_modules/@vitest/runner/dist/chunk-hooks.js:1574:12)"],"meta":{}}],"startTime":1774957034830,"endTime":1774957034963.613,"status":"failed","message":"","name":"/Users/amauricia/Documents/GitHub/Studio-Boss/src/test/store/applyStateImpact.test.ts"},{"assertionResults":[{"ancestorTitles":["financeSlice"],"fullName":"financeSlice should initialize with an empty ledger","status":"passed","title":"should initialize with an empty ledger","duration":8.115791000000172,"failureMessages":[],"meta":{}},{"ancestorTitles":["financeSlice"],"fullName":"financeSlice should append a WeeklyFinancialReport to the ledger via addLedgerEntry","status":"passed","title":"should append a WeeklyFinancialReport to the ledger via addLedgerEntry","duration":0.9005839999999807,"failureMessages":[],"meta":{}}],"startTime":1774957053128,"endTime":1774957053137.9006,"status":"passed","message":"","name":"/Users/amauricia/Documents/GitHub/Studio-Boss/src/test/store/financeSlice.test.ts"},{"assertionResults":[{"ancestorTitles":["gameStore"],"fullName":"gameStore starts with null game state","status":"passed","title":"starts with null game state","duration":6.904790999999932,"failureMessages":[],"meta":{}},{"ancestorTitles":["gameStore"],"fullName":"gameStore creates a new game","status":"failed","title":"creates a new game","duration":52.04308399999991,"failureMessages":["AssertionError: expected null not to be null\n    at /Users/amauricia/Documents/GitHub/Studio-Boss/src/test/store/gameStore.test.ts:34:23\n    at file:///Users/amauricia/Documents/GitHub/Studio-Boss/node_modules/@vitest/runner/dist/chunk-hooks.js:155:11\n    at file:///Users/amauricia/Documents/GitHub/Studio-Boss/node_modules/@vitest/runner/dist/chunk-hooks.js:752:26\n    at file:///Users/amauricia/Documents/GitHub/Studio-Boss/node_modules/@vitest/runner/dist/chunk-hooks.js:1897:20\n    at new Promise (<anonymous>)\n    at runWithTimeout (file:///Users/amauricia/Documents/GitHub/Studio-Boss/node_modules/@vitest/runner/dist/chunk-hooks.js:1863:10)\n    at runTest (file:///Users/amauricia/Documents/GitHub/Studio-Boss/node_modules/@vitest/runner/dist/chunk-hooks.js:1574:12)\n    at processTicksAndRejections (node:internal/process/task_queues:105:5)\n    at runSuite (file:///Users/amauricia/Documents/GitHub/Studio-Boss/node_modules/@vitest/runner/dist/chunk-hooks.js:1729:8)\n    at runSuite (file:///Users/amauricia/Documents/GitHub/Studio-Boss/node_modules/@vitest/runner/dist/chunk-hooks.js:1729:8)"],"meta":{}},{"ancestorTitles":["gameStore"],"fullName":"gameStore advances week","status":"failed","title":"advances week","duration":4.825624999999491,"failureMessages":["TypeError: Cannot read properties of null (reading 'studio')\n    at /Users/amauricia/Documents/GitHub/Studio-Boss/src/test/store/gameStore.test.ts:43:11\n    at file:///Users/amauricia/Documents/GitHub/Studio-Boss/node_modules/@vitest/runner/dist/chunk-hooks.js:155:11\n    at file:///Users/amauricia/Documents/GitHub/Studio-Boss/node_modules/@vitest/runner/dist/chunk-hooks.js:752:26\n    at file:///Users/amauricia/Documents/GitHub/Studio-Boss/node_modules/@vitest/runner/dist/chunk-hooks.js:1897:20\n    at new Promise (<anonymous>)\n    at runWithTimeout (file:///Users/amauricia/Documents/GitHub/Studio-Boss/node_modules/@vitest/runner/dist/chunk-hooks.js:1863:10)\n    at runTest (file:///Users/amauricia/Documents/GitHub/Studio-Boss/node_modules/@vitest/runner/dist/chunk-hooks.js:1574:12)\n    at processTicksAndRejections (node:internal/process/task_queues:105:5)\n    at runSuite (file:///Users/amauricia/Documents/GitHub/Studio-Boss/node_modules/@vitest/runner/dist/chunk-hooks.js:1729:8)\n    at runSuite (file:///Users/amauricia/Documents/GitHub/Studio-Boss/node_modules/@vitest/runner/dist/chunk-hooks.js:1729:8)"],"meta":{}},{"ancestorTitles":["gameStore"],"fullName":"gameStore creates a project","status":"failed","title":"creates a project","duration":19.260041999999885,"failureMessages":["AssertionError: expected [] to have a length of 1 but got +0\n    at Proxy.<anonymous> (file:///Users/amauricia/Documents/GitHub/Studio-Boss/node_modules/@vitest/expect/dist/index.js:1257:20)\n    at Proxy.<anonymous> (file:///Users/amauricia/Documents/GitHub/Studio-Boss/node_modules/@vitest/expect/dist/index.js:1029:14)\n    at Proxy.toHaveLength (file:///Users/amauricia/Documents/GitHub/Studio-Boss/node_modules/chai/index.js:1686:25)\n    at /Users/amauricia/Documents/GitHub/Studio-Boss/src/test/store/gameStore.test.ts:65:22\n    at file:///Users/amauricia/Documents/GitHub/Studio-Boss/node_modules/@vitest/runner/dist/chunk-hooks.js:155:11\n    at file:///Users/amauricia/Documents/GitHub/Studio-Boss/node_modules/@vitest/runner/dist/chunk-hooks.js:752:26\n    at file:///Users/amauricia/Documents/GitHub/Studio-Boss/node_modules/@vitest/runner/dist/chunk-hooks.js:1897:20\n    at new Promise (<anonymous>)\n    at runWithTimeout (file:///Users/amauricia/Documents/GitHub/Studio-Boss/node_modules/@vitest/runner/dist/chunk-hooks.js:1863:10)\n    at runTest (file:///Users/amauricia/Documents/GitHub/Studio-Boss/node_modules/@vitest/runner/dist/chunk-hooks.js:1574:12)"],"meta":{}},{"ancestorTitles":["gameStore"],"fullName":"gameStore loads from slot","status":"failed","title":"loads from slot","duration":13.028374999999869,"failureMessages":["AssertionError: expected Promise{…} to be true // Object.is equality\n    at /Users/amauricia/Documents/GitHub/Studio-Boss/src/test/store/gameStore.test.ts:71:20\n    at file:///Users/amauricia/Documents/GitHub/Studio-Boss/node_modules/@vitest/runner/dist/chunk-hooks.js:155:11\n    at file:///Users/amauricia/Documents/GitHub/Studio-Boss/node_modules/@vitest/runner/dist/chunk-hooks.js:752:26\n    at file:///Users/amauricia/Documents/GitHub/Studio-Boss/node_modules/@vitest/runner/dist/chunk-hooks.js:1897:20\n    at new Promise (<anonymous>)\n    at runWithTimeout (file:///Users/amauricia/Documents/GitHub/Studio-Boss/node_modules/@vitest/runner/dist/chunk-hooks.js:1863:10)\n    at runTest (file:///Users/amauricia/Documents/GitHub/Studio-Boss/node_modules/@vitest/runner/dist/chunk-hooks.js:1574:12)\n    at processTicksAndRejections (node:internal/process/task_queues:105:5)\n    at runSuite (file:///Users/amauricia/Documents/GitHub/Studio-Boss/node_modules/@vitest/runner/dist/chunk-hooks.js:1729:8)\n    at runSuite (file:///Users/amauricia/Documents/GitHub/Studio-Boss/node_modules/@vitest/runner/dist/chunk-hooks.js:1729:8)"],"meta":{}},{"ancestorTitles":["gameStore"],"fullName":"gameStore signs a contract if sufficient funds","status":"failed","title":"signs a contract if sufficient funds","duration":17.670917000000372,"failureMessages":["TypeError: Cannot read properties of null (reading 'finance')\n    at /Users/amauricia/Documents/GitHub/Studio-Boss/src/test/store/gameStore.test.ts:78:11\n    at file:///Users/amauricia/Documents/GitHub/Studio-Boss/node_modules/@vitest/runner/dist/chunk-hooks.js:155:11\n    at file:///Users/amauricia/Documents/GitHub/Studio-Boss/node_modules/@vitest/runner/dist/chunk-hooks.js:752:26\n    at file:///Users/amauricia/Documents/GitHub/Studio-Boss/node_modules/@vitest/runner/dist/chunk-hooks.js:1897:20\n    at new Promise (<anonymous>)\n    at runWithTimeout (file:///Users/amauricia/Documents/GitHub/Studio-Boss/node_modules/@vitest/runner/dist/chunk-hooks.js:1863:10)\n    at runTest (file:///Users/amauricia/Documents/GitHub/Studio-Boss/node_modules/@vitest/runner/dist/chunk-hooks.js:1574:12)\n    at processTicksAndRejections (node:internal/process/task_queues:105:5)\n    at runSuite (file:///Users/amauricia/Documents/GitHub/Studio-Boss/node_modules/@vitest/runner/dist/chunk-hooks.js:1729:8)\n    at runSuite (file:///Users/amauricia/Documents/GitHub/Studio-Boss/node_modules/@vitest/runner/dist/chunk-hooks.js:1729:8)"],"meta":{}}],"startTime":1774957037279,"endTime":1774957037392.671,"status":"failed","message":"","name":"/Users/amauricia/Documents/GitHub/Studio-Boss/src/test/store/gameStore.test.ts"},{"assertionResults":[{"ancestorTitles":["Store Slice Isolation","Finance Slice Isolation"],"fullName":"Store Slice Isolation Finance Slice Isolation should update funds without mutating project or talent state","status":"passed","title":"should update funds without mutating project or talent state","duration":14.754041000000143,"failureMessages":[],"meta":{}},{"ancestorTitles":["Store Slice Isolation","Project Slice Isolation"],"fullName":"Store Slice Isolation Project Slice Isolation should manage UUIDs internally and access by O(1) dictionary key","status":"passed","title":"should manage UUIDs internally and access by O(1) dictionary key","duration":18.90641599999981,"failureMessages":[],"meta":{}},{"ancestorTitles":["Store Slice Isolation","Project Slice Isolation"],"fullName":"Store Slice Isolation Project Slice Isolation should advance a specific project status immutably","status":"passed","title":"should advance a specific project status immutably","duration":28.56899999999996,"failureMessages":[],"meta":{}}],"startTime":1774957048124,"endTime":1774957048185.569,"status":"passed","message":"","name":"/Users/amauricia/Documents/GitHub/Studio-Boss/src/test/store/slices.test.ts"},{"assertionResults":[{"ancestorTitles":["uiStore"],"fullName":"uiStore sets active tab","status":"passed","title":"sets active tab","duration":0.7950419999999667,"failureMessages":[],"meta":{}},{"ancestorTitles":["uiStore"],"fullName":"uiStore opens and closes create project modal","status":"passed","title":"opens and closes create project modal","duration":0.24166700000000674,"failureMessages":[],"meta":{}},{"ancestorTitles":["uiStore"],"fullName":"uiStore selects a project","status":"passed","title":"selects a project","duration":0.17920799999978954,"failureMessages":[],"meta":{}},{"ancestorTitles":["uiStore"],"fullName":"uiStore shows and closes week summary","status":"passed","title":"shows and closes week summary","duration":0.12933300000008785,"failureMessages":[],"meta":{}}],"startTime":1774957050978,"endTime":1774957050979.2417,"status":"passed","message":"","name":"/Users/amauricia/Documents/GitHub/Studio-Boss/src/test/store/uiStore.test.ts"},{"assertionResults":[{"ancestorTitles":["DiscoveryBoard"],"fullName":"DiscoveryBoard renders empty state when there are no opportunities","status":"passed","title":"renders empty state when there are no opportunities","duration":418.35849999999937,"failureMessages":[],"meta":{}},{"ancestorTitles":["DiscoveryBoard"],"fullName":"DiscoveryBoard calls openCreateProject when Create Original button is clicked","status":"passed","title":"calls openCreateProject when Create Original button is clicked","duration":58.20387500000015,"failureMessages":[],"meta":{}},{"ancestorTitles":["DiscoveryBoard"],"fullName":"DiscoveryBoard renders opportunity cards when there are opportunities","status":"passed","title":"renders opportunity cards when there are opportunities","duration":112.48141699999996,"failureMessages":[],"meta":{}},{"ancestorTitles":["DiscoveryBoard"],"fullName":"DiscoveryBoard calls acquireOpportunity when Acquire button is clicked on a card","status":"passed","title":"calls acquireOpportunity when Acquire button is clicked on a card","duration":28.832957999999962,"failureMessages":[],"meta":{}}],"startTime":1774957044536,"endTime":1774957045153.833,"status":"passed","message":"","name":"/Users/amauricia/Documents/GitHub/Studio-Boss/src/test/components/discovery/DiscoveryBoard.test.tsx"},{"assertionResults":[{"ancestorTitles":["DealsDesk"],"fullName":"DealsDesk renders main header and empty states","status":"passed","title":"renders main header and empty states","duration":802.6281659999995,"failureMessages":[],"meta":{}},{"ancestorTitles":["DealsDesk"],"fullName":"DealsDesk renders buyers with mandates","status":"passed","title":"renders buyers with mandates","duration":305.12654100000145,"failureMessages":[],"meta":{}},{"ancestorTitles":["DealsDesk"],"fullName":"DealsDesk renders active pitching slate projects","status":"failed","title":"renders active pitching slate projects","duration":66.02041599999939,"failureMessages":["TestingLibraryElementError: Unable to find an element with the text: Pitch Project. This could be because the text is broken up by multiple elements. In this case, you can provide a function for your text matcher to make your matcher more flexible.\n\nIgnored nodes: comments, script, style\n\u001b[36m<body>\u001b[39m\n  \u001b[36m<div>\u001b[39m\n    \u001b[36m<div\u001b[39m\n      \u001b[33mclass\u001b[39m=\u001b[32m\"h-full flex flex-col space-y-6 animate-in fade-in slide-in-from-bottom-4 duration-700 overflow-hidden\"\u001b[39m\n    \u001b[36m>\u001b[39m\n      \u001b[36m<div\u001b[39m\n        \u001b[33mclass\u001b[39m=\u001b[32m\"flex flex-col md:flex-row md:items-end justify-between gap-4 bg-white/5 p-5 rounded-xl border border-white/5 backdrop-blur-sm\"\u001b[39m\n      \u001b[36m>\u001b[39m\n        \u001b[36m<div>\u001b[39m\n          \u001b[36m<div\u001b[39m\n            \u001b[33mclass\u001b[39m=\u001b[32m\"flex items-center gap-3 mb-1\"\u001b[39m\n          \u001b[36m>\u001b[39m\n            \u001b[36m<div\u001b[39m\n              \u001b[33mclass\u001b[39m=\u001b[32m\"w-10 h-10 rounded-lg bg-blue-500/10 border border-blue-500/20 flex items-center justify-center\"\u001b[39m\n            \u001b[36m>\u001b[39m\n              \u001b[36m<svg\u001b[39m\n                \u001b[33mclass\u001b[39m=\u001b[32m\"lucide lucide-briefcase h-5 w-5 text-blue-400\"\u001b[39m\n                \u001b[33mfill\u001b[39m=\u001b[32m\"none\"\u001b[39m\n                \u001b[33mheight\u001b[39m=\u001b[32m\"24\"\u001b[39m\n                \u001b[33mstroke\u001b[39m=\u001b[32m\"currentColor\"\u001b[39m\n                \u001b[33mstroke-linecap\u001b[39m=\u001b[32m\"round\"\u001b[39m\n                \u001b[33mstroke-linejoin\u001b[39m=\u001b[32m\"round\"\u001b[39m\n                \u001b[33mstroke-width\u001b[39m=\u001b[32m\"2\"\u001b[39m\n                \u001b[33mviewBox\u001b[39m=\u001b[32m\"0 0 24 24\"\u001b[39m\n                \u001b[33mwidth\u001b[39m=\u001b[32m\"24\"\u001b[39m\n                \u001b[33mxmlns\u001b[39m=\u001b[32m\"http://www.w3.org/2000/svg\"\u001b[39m\n              \u001b[36m>\u001b[39m\n                \u001b[36m<path\u001b[39m\n                  \u001b[33md\u001b[39m=\u001b[32m\"M16 20V4a2 2 0 0 0-2-2h-4a2 2 0 0 0-2 2v16\"\u001b[39m\n                \u001b[36m/>\u001b[39m\n                \u001b[36m<rect\u001b[39m\n                  \u001b[33mheight\u001b[39m=\u001b[32m\"14\"\u001b[39m\n                  \u001b[33mrx\u001b[39m=\u001b[32m\"2\"\u001b[39m\n                  \u001b[33mwidth\u001b[39m=\u001b[32m\"20\"\u001b[39m\n                  \u001b[33mx\u001b[39m=\u001b[32m\"2\"\u001b[39m\n                  \u001b[33my\u001b[39m=\u001b[32m\"6\"\u001b[39m\n                \u001b[36m/>\u001b[39m\n              \u001b[36m</svg>\u001b[39m\n            \u001b[36m</div>\u001b[39m\n            \u001b[36m<h2\u001b[39m\n              \u001b[33mclass\u001b[39m=\u001b[32m\"text-2xl font-black tracking-tighter uppercase leading-none\"\u001b[39m\n            \u001b[36m>\u001b[39m\n              \u001b[0mDeals Desk & Distribution\u001b[0m\n            \u001b[36m</h2>\u001b[39m\n          \u001b[36m</div>\u001b[39m\n          \u001b[36m<p\u001b[39m\n            \u001b[33mclass\u001b[39m=\u001b[32m\"text-[11px] font-black uppercase text-muted-foreground/60 tracking-[0.2em]\"\u001b[39m\n          \u001b[36m>\u001b[39m\n            \u001b[0mMandate Tracking • Global Territory Management\u001b[0m\n          \u001b[36m</p>\u001b[39m\n        \u001b[36m</div>\u001b[39m\n        \u001b[36m<div\u001b[39m\n          \u001b[33mclass\u001b[39m=\u001b[32m\"flex gap-2\"\u001b[39m\n        \u001b[36m>\u001b[39m\n          \u001b[36m<div\u001b[39m\n            \u001b[33mclass\u001b[39m=\u001b[32m\"inline-flex items-center rounded-full border px-2.5 transition-colors focus:outline-none focus:ring-2 focus:ring-ring focus:ring-offset-2 bg-blue-500/5 border-blue-500/20 text-blue-400 uppercase font-black tracking-widest text-[9px] py-1\"\u001b[39m\n          \u001b[36m>\u001b[39m\n            \u001b[0m0\u001b[0m\n            \u001b[0m Network Partners\u001b[0m\n          \u001b[36m</div>\u001b[39m\n        \u001b[36m</div>\u001b[39m\n      \u001b[36m</div>\u001b[39m\n      \u001b[36m<div\u001b[39m\n        \u001b[33mclass\u001b[39m=\u001b[32m\"flex-1 flex flex-col lg:flex-row gap-6 overflow-hidden\"\u001b[39m\n      \u001b[36m>\u001b[39m\n        \u001b[36m<div\u001b[39m\n          \u001b[33mclass\u001b[39m=\u001b[32m\"flex-1 flex flex-col space-y-4 overflow-hidden\"\u001b[39m\n        \u001b[36m>\u001b[39m\n          \u001b[36m<div\u001b[39m\n            \u001b[33mclass\u001b[39m=\u001b[32m\"flex items-center gap-3 px-2\"\u001b[39m\n          \u001b[36m>\u001b[39m\n            \u001b[36m<div\u001b[39m\n              \u001b[33mclass\u001b[39m=\u001b[32m\"w-1.5 h-4 rounded-full bg-blue-500\"\u001b[39m\n            \u001b[36m/>\u001b[39m\n            \u001b[36m<h3\u001b[39m\n              \u001b[33mclass\u001b[39m=\u001b[32m\"text-xs font-black uppercase tracking-widest text-foreground/80 flex items-center gap-2\"\u001b[39m\n            \u001b[36m>\u001b[39m\n              \u001b[0mDistribution Acquisitions\u001b[0m\n            \u001b[36m</h3>\u001b[39m\n          \u001b[36m</div>\u001b[39m\n          \u001b[36m<div\u001b[39m\n            \u001b[33mclass\u001b[39m=\u001b[32m\"relative overflow-hidden flex-1 pr-4\"\u001b[39m\n            \u001b[33mdir\u001b[39m=\u001b[32m\"ltr\"\u001b[39m\n            \u001b[33mstyle\u001b[39m=\u001b[32m\"position: relative; --radix-scroll-area-corner-width: 0px; --radix-scroll-area-corner-height: 0px;\"\u001b[39m\n          \u001b[36m>\u001b[39m\n            \u001b[36m<div\u001b[39m\n              \u001b[33mclass\u001b[39m=\u001b[32m\"h-full w-full rounded-[inherit]\"\u001b[39m\n              \u001b[33mdata-radix-scroll-area-viewport\u001b[39m=\u001b[32m\"\"\u001b[39m\n              \u001b[33mstyle\u001b[39m=\u001b[32m\"overflow-x: hidden; overflow-y: scroll;\"\u001b[39m\n            \u001b[36m>\u001b[39m\n              \u001b[36m<div\u001b[39m\n                \u001b[33mstyle\u001b[39m=\u001b[32m\"min-width: 100%; display: table;\"\u001b[39m\n              \u001b[36m>\u001b[39m\n                \u001b[36m<div\u001b[39m\n                  \u001b[33mclass\u001b[39m=\u001b[32m\"grid grid-cols-1 md:grid-cols-2 gap-4 pb-8\"\u001b[39m\n                \u001b[36m/>\u001b[39m\n              \u001b[36m</div>\u001b[39m\n            \u001b[36m</div>\u001b[39m\n          \u001b[36m</div>\u001b[39m\n        \u001b[36m</div>\u001b[39m\n        \u001b[36m<div\u001b[39m\n          \u001b[33mclass\u001b[39m=\u001b[32m\"w-full lg:w-80 flex flex-col space-y-4 shrink-0 overflow-hidden\"\u001b[39m\n        \u001b[36m>\u001b[39m\n          \u001b[36m<div\u001b[39m\n            \u001b[33mclass\u001b[39m=\u001b[32m\"flex items-center gap-3 px-2\"\u001b[39m\n          \u001b[36m>\u001b[39m\n            \u001b[36m<div\u001b[39m\n              \u001b[33mclass\u001b[39m=\u001b[32m\"w-1.5 h-4 rounded-full bg-primary\"\u001b[39m\n            \u001b[36m/>\u001b[39m\n            \u001b[36m<h3\u001b[39m\n              \u001b[33mclass\u001b[39m=\u001b[32m\"text-xs font-black uppercase tracking-widest text-foreground/80 flex items-center gap-2\"\u001b[39m\n            \u001b[36m>\u001b[39m\n              \u001b[0mActive Slate Briefing\u001b[0m\n            \u001b[36m</h3>\u001b[39m\n          \u001b[36m</div>\u001b[39m\n          \u001b[36m<div\u001b[39m\n            \u001b[33mclass\u001b[39m=\u001b[32m\"flex-1 glass-card border-none overflow-hidden flex flex-col p-4\"\u001b[39m\n          \u001b[36m>\u001b[39m\n            \u001b[36m<div\u001b[39m\n              \u001b[33mclass\u001b[39m=\u001b[32m\"relative overflow-hidden flex-1\"\u001b[39m\n              \u001b[33mdir\u001b[39m=\u001b[32m\"ltr\"\u001b[39m\n              \u001b[33mstyle\u001b[39m=\u001b[32m\"position: relative; --radix-scroll-area-corner-width: 0px; --radix-scroll-area-corner-height: 0px;\"\u001b[39m\n            \u001b[36m>\u001b[39m\n              \u001b[36m<div\u001b[39m\n                \u001b[33mclass\u001b[39m=\u001b[32m\"h-full w-full rounded-[inherit]\"\u001b[39m\n                \u001b[33mdata-radix-scroll-area-viewport\u001b[39m=\u001b[32m\"\"\u001b[39m\n                \u001b[33mstyle\u001b[39m=\u001b[32m\"overflow-x: hidden; overflow-y: scroll;\"\u001b[39m\n              \u001b[36m>\u001b[39m\n                \u001b[36m<div\u001b[39m\n                  \u001b[33mstyle\u001b[39m=\u001b[32m\"min-width: 100%; display: table;\"\u001b[39m\n                \u001b[36m>\u001b[39m\n                  \u001b[36m<div\u001b[39m\n                    \u001b[33mclass\u001b[39m=\u001b[32m\"space-y-3\"\u001b[39m\n                  \u001b[36m>\u001b[39m\n                    \u001b[36m<div\u001b[39m\n                      \u001b[33mclass\u001b[39m=\u001b[32m\"text-center py-20 opacity-20\"\u001b[39m\n                    \u001b[36m>\u001b[39m\n                      \u001b[36m<svg\u001b[39m\n                        \u001b[33mclass\u001b[39m=\u001b[32m\"lucide lucide-handshake w-10 h-10 mx-auto mb-3\"\u001b[39m\n                        \u001b[33mfill\u001b[39m=\u001b[32m\"none\"\u001b[39m\n                        \u001b[33mheight\u001b[39m=\u001b[32m\"24\"\u001b[39m\n                        \u001b[33mstroke\u001b[39m=\u001b[32m\"currentColor\"\u001b[39m\n                        \u001b[33mstroke-linecap\u001b[39m=\u001b[32m\"round\"\u001b[39m\n                        \u001b[33mstroke-linejoin\u001b[39m=\u001b[32m\"round\"\u001b[39m\n                        \u001b[33mstroke-width\u001b[39m=\u001b[32m\"2\"\u001b[39m\n                        \u001b[33mviewBox\u001b[39m=\u001b[32m\"0 0 24 24\"\u001b[39m\n                        \u001b[33mwidth\u001b[39m=\u001b[32m\"24\"\u001b[39m\n                        \u001b[33mxmlns\u001b[39m=\u001b[32m\"http://www.w3.org/2000/svg\"\u001b[39m\n                      \u001b[36m>\u001b[39m\n                        \u001b[36m<path\u001b[39m\n                          \u001b[33md\u001b[39m=\u001b[32m\"m11 17 2 2a1 1 0 1 0 3-3\"\u001b[39m\n                        \u001b[36m/>\u001b[39m\n                        \u001b[36m<path\u001b[39m\n                          \u001b[33md\u001b[39m=\u001b[32m\"m14 14 2.5 2.5a1 1 0 1 0 3-3l-3.88-3.88a3 3 0 0 0-4.24 0l-.88.88a1 1 0 1 1-3-3l2.81-2.81a5.79 5.79 0 0 1 7.06-.87l.47.28a2 2 0 0 0 1.42.25L21 4\"\u001b[39m\n                        \u001b[36m/>\u001b[39m\n                        \u001b[36m<path\u001b[39m\n                          \u001b[33md\u001b[39m=\u001b[32m\"m21 3 1 11h-2\"\u001b[39m\n                        \u001b[36m/>\u001b[39m\n                        \u001b[36m<path\u001b[39m\n                          \u001b[33md\u001b[39m=\u001b[32m\"M3 3 2 14l6.5 6.5a1 1 0 1 0 3-3\"\u001b[39m\n                        \u001b[36m/>\u001b[39m\n                        \u001b[36m<path\u001b[39m\n                          \u001b[33md\u001b[39m=\u001b[32m\"M3 4h8\"\u001b[39m\n                        \u001b[36m/>\u001b[39m\n                      \u001b[36m</svg>\u001b[39m\n                      \u001b[36m<p\u001b[39m\n                        \u001b[33mclass\u001b[39m=\u001b[32m\"text-[10px] uppercase font-black tracking-widest\"\u001b[39m\n                      \u001b[36m>\u001b[39m\n                        \u001b[0mNo Active Pitch Slate\u001b[0m\n                      \u001b[36m</p>\u001b[39m\n                    \u001b[36m</div>\u001b[39m\n                  \u001b[36m</div>\u001b[39m\n                \u001b[36m</div>\u001b[39m\n              \u001b[36m</div>\u001b[39m\n            \u001b[36m</div>\u001b[39m\n          \u001b[36m</div>\u001b[39m\n        \u001b[36m</div>\u001b[39m\n      \u001b[36m</div>\u001b[39m\n    \u001b[36m</div>\u001b[39m\n  \u001b[36m</div>\u001b[39m\n\u001b[36m</body>\u001b[39m\n    at Object.getElementError (/Users/amauricia/Documents/GitHub/Studio-Boss/node_modules/@testing-library/dom/dist/config.js:37:19)\n    at /Users/amauricia/Documents/GitHub/Studio-Boss/node_modules/@testing-library/dom/dist/query-helpers.js:76:38\n    at /Users/amauricia/Documents/GitHub/Studio-Boss/node_modules/@testing-library/dom/dist/query-helpers.js:52:17\n    at getByText (/Users/amauricia/Documents/GitHub/Studio-Boss/node_modules/@testing-library/dom/dist/query-helpers.js:95:19)\n    at /Users/amauricia/Documents/GitHub/Studio-Boss/src/test/components/deals/DealsDesk.test.tsx:85:19\n    at file:///Users/amauricia/Documents/GitHub/Studio-Boss/node_modules/@vitest/runner/dist/chunk-hooks.js:155:11\n    at file:///Users/amauricia/Documents/GitHub/Studio-Boss/node_modules/@vitest/runner/dist/chunk-hooks.js:752:26\n    at file:///Users/amauricia/Documents/GitHub/Studio-Boss/node_modules/@vitest/runner/dist/chunk-hooks.js:1897:20\n    at new Promise (<anonymous>)\n    at runWithTimeout (file:///Users/amauricia/Documents/GitHub/Studio-Boss/node_modules/@vitest/runner/dist/chunk-hooks.js:1863:10)"],"meta":{}},{"ancestorTitles":["DealsDesk"],"fullName":"DealsDesk displays fit scores when projects and buyers are present","status":"failed","title":"displays fit scores when projects and buyers are present","duration":56.88066599999911,"failureMessages":["TestingLibraryElementError: Unable to find an element with the text: Acquisition Fit Analysis. This could be because the text is broken up by multiple elements. In this case, you can provide a function for your text matcher to make your matcher more flexible.\n\nIgnored nodes: comments, script, style\n\u001b[36m<body>\u001b[39m\n  \u001b[36m<div>\u001b[39m\n    \u001b[36m<div\u001b[39m\n      \u001b[33mclass\u001b[39m=\u001b[32m\"h-full flex flex-col space-y-6 animate-in fade-in slide-in-from-bottom-4 duration-700 overflow-hidden\"\u001b[39m\n    \u001b[36m>\u001b[39m\n      \u001b[36m<div\u001b[39m\n        \u001b[33mclass\u001b[39m=\u001b[32m\"flex flex-col md:flex-row md:items-end justify-between gap-4 bg-white/5 p-5 rounded-xl border border-white/5 backdrop-blur-sm\"\u001b[39m\n      \u001b[36m>\u001b[39m\n        \u001b[36m<div>\u001b[39m\n          \u001b[36m<div\u001b[39m\n            \u001b[33mclass\u001b[39m=\u001b[32m\"flex items-center gap-3 mb-1\"\u001b[39m\n          \u001b[36m>\u001b[39m\n            \u001b[36m<div\u001b[39m\n              \u001b[33mclass\u001b[39m=\u001b[32m\"w-10 h-10 rounded-lg bg-blue-500/10 border border-blue-500/20 flex items-center justify-center\"\u001b[39m\n            \u001b[36m>\u001b[39m\n              \u001b[36m<svg\u001b[39m\n                \u001b[33mclass\u001b[39m=\u001b[32m\"lucide lucide-briefcase h-5 w-5 text-blue-400\"\u001b[39m\n                \u001b[33mfill\u001b[39m=\u001b[32m\"none\"\u001b[39m\n                \u001b[33mheight\u001b[39m=\u001b[32m\"24\"\u001b[39m\n                \u001b[33mstroke\u001b[39m=\u001b[32m\"currentColor\"\u001b[39m\n                \u001b[33mstroke-linecap\u001b[39m=\u001b[32m\"round\"\u001b[39m\n                \u001b[33mstroke-linejoin\u001b[39m=\u001b[32m\"round\"\u001b[39m\n                \u001b[33mstroke-width\u001b[39m=\u001b[32m\"2\"\u001b[39m\n                \u001b[33mviewBox\u001b[39m=\u001b[32m\"0 0 24 24\"\u001b[39m\n                \u001b[33mwidth\u001b[39m=\u001b[32m\"24\"\u001b[39m\n                \u001b[33mxmlns\u001b[39m=\u001b[32m\"http://www.w3.org/2000/svg\"\u001b[39m\n              \u001b[36m>\u001b[39m\n                \u001b[36m<path\u001b[39m\n                  \u001b[33md\u001b[39m=\u001b[32m\"M16 20V4a2 2 0 0 0-2-2h-4a2 2 0 0 0-2 2v16\"\u001b[39m\n                \u001b[36m/>\u001b[39m\n                \u001b[36m<rect\u001b[39m\n                  \u001b[33mheight\u001b[39m=\u001b[32m\"14\"\u001b[39m\n                  \u001b[33mrx\u001b[39m=\u001b[32m\"2\"\u001b[39m\n                  \u001b[33mwidth\u001b[39m=\u001b[32m\"20\"\u001b[39m\n                  \u001b[33mx\u001b[39m=\u001b[32m\"2\"\u001b[39m\n                  \u001b[33my\u001b[39m=\u001b[32m\"6\"\u001b[39m\n                \u001b[36m/>\u001b[39m\n              \u001b[36m</svg>\u001b[39m\n            \u001b[36m</div>\u001b[39m\n            \u001b[36m<h2\u001b[39m\n              \u001b[33mclass\u001b[39m=\u001b[32m\"text-2xl font-black tracking-tighter uppercase leading-none\"\u001b[39m\n            \u001b[36m>\u001b[39m\n              \u001b[0mDeals Desk & Distribution\u001b[0m\n            \u001b[36m</h2>\u001b[39m\n          \u001b[36m</div>\u001b[39m\n          \u001b[36m<p\u001b[39m\n            \u001b[33mclass\u001b[39m=\u001b[32m\"text-[11px] font-black uppercase text-muted-foreground/60 tracking-[0.2em]\"\u001b[39m\n          \u001b[36m>\u001b[39m\n            \u001b[0mMandate Tracking • Global Territory Management\u001b[0m\n          \u001b[36m</p>\u001b[39m\n        \u001b[36m</div>\u001b[39m\n        \u001b[36m<div\u001b[39m\n          \u001b[33mclass\u001b[39m=\u001b[32m\"flex gap-2\"\u001b[39m\n        \u001b[36m>\u001b[39m\n          \u001b[36m<div\u001b[39m\n            \u001b[33mclass\u001b[39m=\u001b[32m\"inline-flex items-center rounded-full border px-2.5 transition-colors focus:outline-none focus:ring-2 focus:ring-ring focus:ring-offset-2 bg-blue-500/5 border-blue-500/20 text-blue-400 uppercase font-black tracking-widest text-[9px] py-1\"\u001b[39m\n          \u001b[36m>\u001b[39m\n            \u001b[0m1\u001b[0m\n            \u001b[0m Network Partners\u001b[0m\n          \u001b[36m</div>\u001b[39m\n        \u001b[36m</div>\u001b[39m\n      \u001b[36m</div>\u001b[39m\n      \u001b[36m<div\u001b[39m\n        \u001b[33mclass\u001b[39m=\u001b[32m\"flex-1 flex flex-col lg:flex-row gap-6 overflow-hidden\"\u001b[39m\n      \u001b[36m>\u001b[39m\n        \u001b[36m<div\u001b[39m\n          \u001b[33mclass\u001b[39m=\u001b[32m\"flex-1 flex flex-col space-y-4 overflow-hidden\"\u001b[39m\n        \u001b[36m>\u001b[39m\n          \u001b[36m<div\u001b[39m\n            \u001b[33mclass\u001b[39m=\u001b[32m\"flex items-center gap-3 px-2\"\u001b[39m\n          \u001b[36m>\u001b[39m\n            \u001b[36m<div\u001b[39m\n              \u001b[33mclass\u001b[39m=\u001b[32m\"w-1.5 h-4 rounded-full bg-blue-500\"\u001b[39m\n            \u001b[36m/>\u001b[39m\n            \u001b[36m<h3\u001b[39m\n              \u001b[33mclass\u001b[39m=\u001b[32m\"text-xs font-black uppercase tracking-widest text-foreground/80 flex items-center gap-2\"\u001b[39m\n            \u001b[36m>\u001b[39m\n              \u001b[0mDistribution Acquisitions\u001b[0m\n            \u001b[36m</h3>\u001b[39m\n          \u001b[36m</div>\u001b[39m\n          \u001b[36m<div\u001b[39m\n            \u001b[33mclass\u001b[39m=\u001b[32m\"relative overflow-hidden flex-1 pr-4\"\u001b[39m\n            \u001b[33mdir\u001b[39m=\u001b[32m\"ltr\"\u001b[39m\n            \u001b[33mstyle\u001b[39m=\u001b[32m\"position: relative; --radix-scroll-area-corner-width: 0px; --radix-scroll-area-corner-height: 0px;\"\u001b[39m\n          \u001b[36m>\u001b[39m\n            \u001b[36m<div\u001b[39m\n              \u001b[33mclass\u001b[39m=\u001b[32m\"h-full w-full rounded-[inherit]\"\u001b[39m\n              \u001b[33mdata-radix-scroll-area-viewport\u001b[39m=\u001b[32m\"\"\u001b[39m\n              \u001b[33mstyle\u001b[39m=\u001b[32m\"overflow-x: hidden; overflow-y: scroll;\"\u001b[39m\n            \u001b[36m>\u001b[39m\n              \u001b[36m<div\u001b[39m\n                \u001b[33mstyle\u001b[39m=\u001b[32m\"min-width: 100%; display: table;\"\u001b[39m\n              \u001b[36m>\u001b[39m\n                \u001b[36m<div\u001b[39m\n                  \u001b[33mclass\u001b[39m=\u001b[32m\"grid grid-cols-1 md:grid-cols-2 gap-4 pb-8\"\u001b[39m\n                \u001b[36m>\u001b[39m\n                  \u001b[36m<div\u001b[39m\n                    \u001b[33mclass\u001b[39m=\u001b[32m\"rounded-lg border bg-card text-card-foreground shadow-sm glass-card border-none hover-glow group transition-all duration-300\"\u001b[39m\n                  \u001b[36m>\u001b[39m\n                    \u001b[36m<div\u001b[39m\n                      \u001b[33mclass\u001b[39m=\u001b[32m\"p-5 space-y-5 relative z-10\"\u001b[39m\n                    \u001b[36m>\u001b[39m\n                      \u001b[36m<div\u001b[39m\n                        \u001b[33mclass\u001b[39m=\u001b[32m\"flex justify-between items-start\"\u001b[39m\n                      \u001b[36m>\u001b[39m\n                        \u001b[36m<div>\u001b[39m\n                          \u001b[36m<h4\u001b[39m\n                            \u001b[33mclass\u001b[39m=\u001b[32m\"font-display text-base font-black tracking-tighter uppercase group-hover:text-blue-400 transition-colors leading-tight\"\u001b[39m\n                          \u001b[36m>\u001b[39m\n                            \u001b[0mBuyer 1\u001b[0m\n                          \u001b[36m</h4>\u001b[39m\n                          \u001b[36m<div\u001b[39m\n                            \u001b[33mclass\u001b[39m=\u001b[32m\"flex items-center gap-2 mt-1\"\u001b[39m\n                          \u001b[36m>\u001b[39m\n                            \u001b[36m<div\u001b[39m\n                              \u001b[33mclass\u001b[39m=\u001b[32m\"inline-flex items-center rounded-full border px-2.5 transition-colors focus:outline-none focus:ring-2 focus:ring-ring focus:ring-offset-2 text-foreground text-[9px] font-black border-white/10 bg-white/5 uppercase py-0 tracking-widest\"\u001b[39m\n                            \u001b[36m>\u001b[39m\n                              \u001b[0mstreamer\u001b[0m\n                            \u001b[36m</div>\u001b[39m\n                          \u001b[36m</div>\u001b[39m\n                        \u001b[36m</div>\u001b[39m\n                        \u001b[36m<div\u001b[39m\n                          \u001b[33mclass\u001b[39m=\u001b[32m\"px-2 py-1 rounded-md border text-[9px] font-black uppercase tracking-[0.15em] text-muted-foreground bg-white/5 border-white/10\"\u001b[39m\n                        \u001b[36m>\u001b[39m\n                          \u001b[0mOpen Slate\u001b[0m\n                        \u001b[36m</div>\u001b[39m\n                      \u001b[36m</div>\u001b[39m\n                      \u001b[36m<div\u001b[39m\n                        \u001b[33mclass\u001b[39m=\u001b[32m\"p-3 bg-black/20 rounded border border-white/5\"\u001b[39m\n                      \u001b[36m>\u001b[39m\n                        \u001b[36m<p\u001b[39m\n                          \u001b[33mclass\u001b[39m=\u001b[32m\"text-[10px] text-muted-foreground leading-relaxed italic opacity-80 group-hover:opacity-100 transition-opacity\"\u001b[39m\n                        \u001b[36m>\u001b[39m\n                          \u001b[0mAcquisition desk is currently seeking new high-potential property slates.\u001b[0m\n                        \u001b[36m</p>\u001b[39m\n                      \u001b[36m</div>\u001b[39m\n                      \u001b[36m<div\u001b[39m\n                        \u001b[33mclass\u001b[39m=\u001b[32m\"pt-2\"\u001b[39m\n                      \u001b[36m>\u001b[39m\n                        \u001b[36m<button\u001b[39m\n                          \u001b[33mclass\u001b[39m=\u001b[32m\"inline-flex items-center justify-center gap-2 whitespace-nowrap ring-offset-background focus-visible:outline-none focus-visible:ring-2 focus-visible:ring-ring focus-visible:ring-offset-2 disabled:pointer-events-none disabled:opacity-50 [&_svg]:pointer-events-none [&_svg]:size-4 [&_svg]:shrink-0 border bg-background rounded-md px-3 w-full text-[9px] font-black uppercase tracking-[0.2em] h-9 border-white/10 hover:bg-blue-500 hover:text-white hover:border-blue-400 transition-all group/btn shadow-xl\"\u001b[39m\n                        \u001b[36m>\u001b[39m\n                          \u001b[0mNegotiate Terms\u001b[0m\n                        \u001b[36m</button>\u001b[39m\n                      \u001b[36m</div>\u001b[39m\n                    \u001b[36m</div>\u001b[39m\n                  \u001b[36m</div>\u001b[39m\n                \u001b[36m</div>\u001b[39m\n              \u001b[36m</div>\u001b[39m\n            \u001b[36m</div>\u001b[39m\n          \u001b[36m</div>\u001b[39m\n        \u001b[36m</div>\u001b[39m\n        \u001b[36m<div\u001b[39m\n          \u001b[33mclass\u001b[39m=\u001b[32m\"w-full lg:w-80 flex flex-col space-y-4 shrink-0 overflow-hidden\"\u001b[39m\n        \u001b[36m>\u001b[39m\n          \u001b[36m<div\u001b[39m\n            \u001b[33mclass\u001b[39m=\u001b[32m\"flex items-center gap-3 px-2\"\u001b[39m\n          \u001b[36m>\u001b[39m\n            \u001b[36m<div\u001b[39m\n              \u001b[33mclass\u001b[39m=\u001b[32m\"w-1.5 h-4 rounded-full bg-primary\"\u001b[39m\n            \u001b[36m/>\u001b[39m\n            \u001b[36m<h3\u001b[39m\n              \u001b[33mclass\u001b[39m=\u001b[32m\"text-xs font-black uppercase tracking-widest text-foreground/80 flex items-center gap-2\"\u001b[39m\n            \u001b[36m>\u001b[39m\n              \u001b[0mActive Slate Briefing\u001b[0m\n            \u001b[36m</h3>\u001b[39m\n          \u001b[36m</div>\u001b[39m\n          \u001b[36m<div\u001b[39m\n            \u001b[33mclass\u001b[39m=\u001b[32m\"flex-1 glass-card border-none overflow-hidden flex flex-col p-4\"\u001b[39m\n          \u001b[36m>\u001b[39m\n            \u001b[36m<div\u001b[39m\n              \u001b[33mclass\u001b[39m=\u001b[32m\"relative overflow-hidden flex-1\"\u001b[39m\n              \u001b[33mdir\u001b[39m=\u001b[32m\"ltr\"\u001b[39m\n              \u001b[33mstyle\u001b[39m=\u001b[32m\"position: relative; --radix-scroll-area-corner-width: 0px; --radix-scroll-area-corner-height: 0px;\"\u001b[39m\n            \u001b[36m>\u001b[39m\n              \u001b[36m<div\u001b[39m\n                \u001b[33mclass\u001b[39m=\u001b[32m\"h-full w-full rounded-[inherit]\"\u001b[39m\n                \u001b[33mdata-radix-scroll-area-viewport\u001b[39m=\u001b[32m\"\"\u001b[39m\n                \u001b[33mstyle\u001b[39m=\u001b[32m\"overflow-x: hidden; overflow-y: scroll;\"\u001b[39m\n              \u001b[36m>\u001b[39m\n                \u001b[36m<div\u001b[39m\n                  \u001b[33mstyle\u001b[39m=\u001b[32m\"min-width: 100%; display: table;\"\u001b[39m\n                \u001b[36m>\u001b[39m\n                  \u001b[36m<div\u001b[39m\n                    \u001b[33mclass\u001b[39m=\u001b[32m\"space-y-3\"\u001b[39m\n                  \u001b[36m>\u001b[39m\n                    \u001b[36m<div\u001b[39m\n                      \u001b[33mclass\u001b[39m=\u001b[32m\"text-center py-20 opacity-20\"\u001b[39m\n                    \u001b[36m>\u001b[39m\n                      \u001b[36m<svg\u001b[39m\n                        \u001b[33mclass\u001b[39m=\u001b[32m\"lucide lucide-handshake w-10 h-10 mx-auto mb-3\"\u001b[39m\n                        \u001b[33mfill\u001b[39m=\u001b[32m\"none\"\u001b[39m\n                        \u001b[33mheight\u001b[39m=\u001b[32m\"24\"\u001b[39m\n                        \u001b[33mstroke\u001b[39m=\u001b[32m\"currentColor\"\u001b[39m\n                        \u001b[33mstroke-linecap\u001b[39m=\u001b[32m\"round\"\u001b[39m\n                        \u001b[33mstroke-linejoin\u001b[39m=\u001b[32m\"round\"\u001b[39m\n                        \u001b[33mstroke-width\u001b[39m=\u001b[32m\"2\"\u001b[39m\n                        \u001b[33mviewBox\u001b[39m=\u001b[32m\"0 0 24 24\"\u001b[39m\n                        \u001b[33mwidth\u001b[39m=\u001b[32m\"24\"\u001b[39m\n                        \u001b[33mxmlns\u001b[39m=\u001b[32m\"http://www.w3.org/2000/svg\"\u001b[39m\n                      \u001b[36m>\u001b[39m\n                        \u001b[36m<path\u001b[39m\n                          \u001b[33md\u001b[39m=\u001b[32m\"m11 17 2 2a1 1 0 1 0 3-3\"\u001b[39m\n                        \u001b[36m/>\u001b[39m\n                        \u001b[36m<path\u001b[39m\n                          \u001b[33md\u001b[39m=\u001b[32m\"m14 14 2.5 2.5a1 1 0 1 0 3-3l-3.88-3.88a3 3 0 0 0-4.24 0l-.88.88a1 1 0 1 1-3-3l2.81-2.81a5.79 5.79 0 0 1 7.06-.87l.47.28a2 2 0 0 0 1.42.25L21 4\"\u001b[39m\n                        \u001b[36m/>\u001b[39m\n                        \u001b[36m<path\u001b[39m\n                          \u001b[33md\u001b[39m=\u001b[32m\"m21 3 1 11h-2\"\u001b[39m\n                        \u001b[36m/>\u001b[39m\n                        \u001b[36m<path\u001b[39m\n                          \u001b[33md\u001b[39m=\u001b[32m\"M3 3 2 14l6.5 6.5a1 1 0 1 0 3-3\"\u001b[39m\n                        \u001b[36m/>\u001b[39m\n                        \u001b[36m<path\u001b[39m\n                          \u001b[33md\u001b[39m=\u001b[32m\"M3 4h8\"\u001b[39m\n                        \u001b[36m/>\u001b[39m\n                      \u001b[36m</svg>\u001b[39m\n                      \u001b[36m<p\u001b[39m\n                        \u001b[33mclass\u001b[39m=\u001b[32m\"text-[10px] uppercase font-black tracking-widest\"\u001b[39m\n                      \u001b[36m>\u001b[39m\n                        \u001b[0mNo Active Pitch Slate\u001b[0m\n                      \u001b[36m</p>\u001b[39m\n                    \u001b[36m</div>\u001b[39m\n                  \u001b[36m</div>\u001b[39m\n                \u001b[36m</div>\u001b[39m\n              \u001b[36m</div>\u001b[39m\n            \u001b[36m</div>\u001b[39m\n          \u001b[36m</div>\u001b[39m\n        \u001b[36m</div>\u001b[39m\n      \u001b[36m</div>\u001b[39m\n    \u001b[36m</div>\u001b[39m\n  \u001b[36m</div>\u001b[39m\n\u001b[36m</body>\u001b[39m\n    at Object.getElementError (/Users/amauricia/Documents/GitHub/Studio-Boss/node_modules/@testing-library/dom/dist/config.js:37:19)\n    at /Users/amauricia/Documents/GitHub/Studio-Boss/node_modules/@testing-library/dom/dist/query-helpers.js:76:38\n    at /Users/amauricia/Documents/GitHub/Studio-Boss/node_modules/@testing-library/dom/dist/query-helpers.js:52:17\n    at getByText (/Users/amauricia/Documents/GitHub/Studio-Boss/node_modules/@testing-library/dom/dist/query-helpers.js:95:19)\n    at /Users/amauricia/Documents/GitHub/Studio-Boss/src/test/components/deals/DealsDesk.test.tsx:117:19\n    at file:///Users/amauricia/Documents/GitHub/Studio-Boss/node_modules/@vitest/runner/dist/chunk-hooks.js:155:11\n    at file:///Users/amauricia/Documents/GitHub/Studio-Boss/node_modules/@vitest/runner/dist/chunk-hooks.js:752:26\n    at file:///Users/amauricia/Documents/GitHub/Studio-Boss/node_modules/@vitest/runner/dist/chunk-hooks.js:1897:20\n    at new Promise (<anonymous>)\n    at runWithTimeout (file:///Users/amauricia/Documents/GitHub/Studio-Boss/node_modules/@vitest/runner/dist/chunk-hooks.js:1863:10)"],"meta":{}}],"startTime":1774957037932,"endTime":1774957039179.8806,"status":"failed","message":"","name":"/Users/amauricia/Documents/GitHub/Studio-Boss/src/test/components/deals/DealsDesk.test.tsx"},{"assertionResults":[{"ancestorTitles":["FinancePanel Component"],"fullName":"FinancePanel Component renders gracefully with null/empty game state","status":"passed","title":"renders gracefully with null/empty game state","duration":251.0585000000001,"failureMessages":[],"meta":{}},{"ancestorTitles":["FinancePanel Component"],"fullName":"FinancePanel Component renders correctly with positive cash flow and active projects","status":"failed","title":"renders correctly with positive cash flow and active projects","duration":306.2223329999997,"failureMessages":["TestingLibraryElementError: Unable to find an element with the text: $2,500,000. This could be because the text is broken up by multiple elements. In this case, you can provide a function for your text matcher to make your matcher more flexible.\n\nIgnored nodes: comments, script, style\n\u001b[36m<body>\u001b[39m\n  \u001b[36m<div>\u001b[39m\n    \u001b[36m<div\u001b[39m\n      \u001b[33mclass\u001b[39m=\u001b[32m\"space-y-6 animate-in fade-in slide-in-from-bottom-4 duration-500 pb-12\"\u001b[39m\n    \u001b[36m>\u001b[39m\n      \u001b[36m<div\u001b[39m\n        \u001b[33mclass\u001b[39m=\u001b[32m\"flex items-center justify-between border-b border-border/40 pb-4 bg-gradient-to-r from-background to-transparent\"\u001b[39m\n      \u001b[36m>\u001b[39m\n        \u001b[36m<h2\u001b[39m\n          \u001b[33mclass\u001b[39m=\u001b[32m\"text-3xl font-display font-black tracking-tight bg-clip-text text-transparent bg-gradient-to-r from-foreground to-foreground/70 drop-shadow-sm\"\u001b[39m\n        \u001b[36m>\u001b[39m\n          \u001b[0mFinancials & Forecasts\u001b[0m\n        \u001b[36m</h2>\u001b[39m\n        \u001b[36m<button\u001b[39m\n          \u001b[33maria-controls\u001b[39m=\u001b[32m\"radix-:r8:\"\u001b[39m\n          \u001b[33maria-expanded\u001b[39m=\u001b[32m\"false\"\u001b[39m\n          \u001b[33maria-haspopup\u001b[39m=\u001b[32m\"dialog\"\u001b[39m\n          \u001b[33mclass\u001b[39m=\u001b[32m\"inline-flex items-center justify-center whitespace-nowrap ring-offset-background focus-visible:outline-none focus-visible:ring-2 focus-visible:ring-ring focus-visible:ring-offset-2 disabled:pointer-events-none disabled:opacity-50 [&_svg]:pointer-events-none [&_svg]:size-4 [&_svg]:shrink-0 border border-input bg-background h-9 rounded-md px-3 font-display font-black uppercase tracking-widest text-[10px] gap-2 hover:bg-primary/10 hover:text-primary transition-all\"\u001b[39m\n          \u001b[33mdata-state\u001b[39m=\u001b[32m\"closed\"\u001b[39m\n          \u001b[33mtype\u001b[39m=\u001b[32m\"button\"\u001b[39m\n        \u001b[36m>\u001b[39m\n          \u001b[36m<svg\u001b[39m\n            \u001b[33mclass\u001b[39m=\u001b[32m\"lucide lucide-receipt-text w-3 h-3\"\u001b[39m\n            \u001b[33mfill\u001b[39m=\u001b[32m\"none\"\u001b[39m\n            \u001b[33mheight\u001b[39m=\u001b[32m\"24\"\u001b[39m\n            \u001b[33mstroke\u001b[39m=\u001b[32m\"currentColor\"\u001b[39m\n            \u001b[33mstroke-linecap\u001b[39m=\u001b[32m\"round\"\u001b[39m\n            \u001b[33mstroke-linejoin\u001b[39m=\u001b[32m\"round\"\u001b[39m\n            \u001b[33mstroke-width\u001b[39m=\u001b[32m\"2\"\u001b[39m\n            \u001b[33mviewBox\u001b[39m=\u001b[32m\"0 0 24 24\"\u001b[39m\n            \u001b[33mwidth\u001b[39m=\u001b[32m\"24\"\u001b[39m\n            \u001b[33mxmlns\u001b[39m=\u001b[32m\"http://www.w3.org/2000/svg\"\u001b[39m\n          \u001b[36m>\u001b[39m\n            \u001b[36m<path\u001b[39m\n              \u001b[33md\u001b[39m=\u001b[32m\"M4 2v20l2-1 2 1 2-1 2 1 2-1 2 1 2-1 2 1V2l-2 1-2-1-2 1-2-1-2 1-2-1-2 1Z\"\u001b[39m\n            \u001b[36m/>\u001b[39m\n            \u001b[36m<path\u001b[39m\n              \u001b[33md\u001b[39m=\u001b[32m\"M14 8H8\"\u001b[39m\n            \u001b[36m/>\u001b[39m\n            \u001b[36m<path\u001b[39m\n              \u001b[33md\u001b[39m=\u001b[32m\"M16 12H8\"\u001b[39m\n            \u001b[36m/>\u001b[39m\n            \u001b[36m<path\u001b[39m\n              \u001b[33md\u001b[39m=\u001b[32m\"M13 16H8\"\u001b[39m\n            \u001b[36m/>\u001b[39m\n          \u001b[36m</svg>\u001b[39m\n          \u001b[0mView Full Ledger\u001b[0m\n        \u001b[36m</button>\u001b[39m\n      \u001b[36m</div>\u001b[39m\n      \u001b[36m<div\u001b[39m\n        \u001b[33mclass\u001b[39m=\u001b[32m\"space-y-6\"\u001b[39m\n        \u001b[33mdata-orientation\u001b[39m=\u001b[32m\"horizontal\"\u001b[39m\n        \u001b[33mdir\u001b[39m=\u001b[32m\"ltr\"\u001b[39m\n      \u001b[36m>\u001b[39m\n        \u001b[36m<div\u001b[39m\n          \u001b[33maria-orientation\u001b[39m=\u001b[32m\"horizontal\"\u001b[39m\n          \u001b[33mclass\u001b[39m=\u001b[32m\"inline-flex h-10 items-center justify-center rounded-md text-muted-foreground bg-muted/30 backdrop-blur-md border border-border/40 p-1\"\u001b[39m\n          \u001b[33mdata-orientation\u001b[39m=\u001b[32m\"horizontal\"\u001b[39m\n          \u001b[33mrole\u001b[39m=\u001b[32m\"tablist\"\u001b[39m\n          \u001b[33mstyle\u001b[39m=\u001b[32m\"outline: none;\"\u001b[39m\n          \u001b[33mtabindex\u001b[39m=\u001b[32m\"0\"\u001b[39m\n        \u001b[36m>\u001b[39m\n          \u001b[36m<button\u001b[39m\n            \u001b[33maria-controls\u001b[39m=\u001b[32m\"radix-:rb:-content-current\"\u001b[39m\n            \u001b[33maria-selected\u001b[39m=\u001b[32m\"true\"\u001b[39m\n            \u001b[33mclass\u001b[39m=\u001b[32m\"inline-flex items-center justify-center whitespace-nowrap rounded-sm py-1.5 ring-offset-background data-[state=active]:shadow-sm focus-visible:outline-none focus-visible:ring-2 focus-visible:ring-ring focus-visible:ring-offset-2 disabled:pointer-events-none disabled:opacity-50 gap-2 font-display font-black uppercase tracking-widest text-[10px] data-[state=active]:bg-primary data-[state=active]:text-primary-foreground transition-all px-6\"\u001b[39m\n            \u001b[33mdata-orientation\u001b[39m=\u001b[32m\"horizontal\"\u001b[39m\n            \u001b[33mdata-radix-collection-item\u001b[39m=\u001b[32m\"\"\u001b[39m\n            \u001b[33mdata-state\u001b[39m=\u001b[32m\"active\"\u001b[39m\n            \u001b[33mid\u001b[39m=\u001b[32m\"radix-:rb:-trigger-current\"\u001b[39m\n            \u001b[33mrole\u001b[39m=\u001b[32m\"tab\"\u001b[39m\n            \u001b[33mtabindex\u001b[39m=\u001b[32m\"-1\"\u001b[39m\n            \u001b[33mtype\u001b[39m=\u001b[32m\"button\"\u001b[39m\n          \u001b[36m>\u001b[39m\n            \u001b[36m<svg\u001b[39m\n              \u001b[33mclass\u001b[39m=\u001b[32m\"lucide lucide-layout-dashboard w-3 h-3\"\u001b[39m\n              \u001b[33mfill\u001b[39m=\u001b[32m\"none\"\u001b[39m\n              \u001b[33mheight\u001b[39m=\u001b[32m\"24\"\u001b[39m\n              \u001b[33mstroke\u001b[39m=\u001b[32m\"currentColor\"\u001b[39m\n              \u001b[33mstroke-linecap\u001b[39m=\u001b[32m\"round\"\u001b[39m\n              \u001b[33mstroke-linejoin\u001b[39m=\u001b[32m\"round\"\u001b[39m\n              \u001b[33mstroke-width\u001b[39m=\u001b[32m\"2\"\u001b[39m\n              \u001b[33mviewBox\u001b[39m=\u001b[32m\"0 0 24 24\"\u001b[39m\n              \u001b[33mwidth\u001b[39m=\u001b[32m\"24\"\u001b[39m\n              \u001b[33mxmlns\u001b[39m=\u001b[32m\"http://www.w3.org/2000/svg\"\u001b[39m\n            \u001b[36m>\u001b[39m\n              \u001b[36m<rect\u001b[39m\n                \u001b[33mheight\u001b[39m=\u001b[32m\"9\"\u001b[39m\n                \u001b[33mrx\u001b[39m=\u001b[32m\"1\"\u001b[39m\n                \u001b[33mwidth\u001b[39m=\u001b[32m\"7\"\u001b[39m\n                \u001b[33mx\u001b[39m=\u001b[32m\"3\"\u001b[39m\n                \u001b[33my\u001b[39m=\u001b[32m\"3\"\u001b[39m\n              \u001b[36m/>\u001b[39m\n              \u001b[36m<rect\u001b[39m\n                \u001b[33mheight\u001b[39m=\u001b[32m\"5\"\u001b[39m\n                \u001b[33mrx\u001b[39m=\u001b[32m\"1\"\u001b[39m\n                \u001b[33mwidth\u001b[39m=\u001b[32m\"7\"\u001b[39m\n                \u001b[33mx\u001b[39m=\u001b[32m\"14\"\u001b[39m\n                \u001b[33my\u001b[39m=\u001b[32m\"3\"\u001b[39m\n              \u001b[36m/>\u001b[39m\n              \u001b[36m<rect\u001b[39m\n                \u001b[33mheight\u001b[39m=\u001b[32m\"9\"\u001b[39m\n                \u001b[33mrx\u001b[39m=\u001b[32m\"1\"\u001b[39m\n                \u001b[33mwidth\u001b[39m=\u001b[32m\"7\"\u001b[39m\n                \u001b[33mx\u001b[39m=\u001b[32m\"14\"\u001b[39m\n                \u001b[33my\u001b[39m=\u001b[32m\"12\"\u001b[39m\n              \u001b[36m/>\u001b[39m\n              \u001b[36m<rect\u001b[39m\n                \u001b[33mheight\u001b[39m=\u001b[32m\"5\"\u001b[39m\n                \u001b[33mrx\u001b[39m=\u001b[32m\"1\"\u001b[39m\n                \u001b[33mwidth\u001b[39m=\u001b[32m\"7\"\u001b[39m\n                \u001b[33mx\u001b[39m=\u001b[32m\"3\"\u001b[39m\n                \u001b[33my\u001b[39m=\u001b[32m\"16\"\u001b[39m\n              \u001b[36m/>\u001b[39m\n            \u001b[36m</svg>\u001b[39m\n            \u001b[0mCurrent Operations\u001b[0m\n          \u001b[36m</button>\u001b[39m\n          \u001b[36m<button\u001b[39m\n            \u001b[33maria-controls\u001b[39m=\u001b[32m\"radix-:rb:-content-history\"\u001b[39m\n            \u001b[33maria-selected\u001b[39m=\u001b[32m\"false\"\u001b[39m\n            \u001b[33mclass\u001b[39m=\u001b[32m\"inline-flex items-center justify-center whitespace-nowrap rounded-sm py-1.5 ring-offset-background data-[state=active]:shadow-sm focus-visible:outline-none focus-visible:ring-2 focus-visible:ring-ring focus-visible:ring-offset-2 disabled:pointer-events-none disabled:opacity-50 gap-2 font-display font-black uppercase tracking-widest text-[10px] data-[state=active]:bg-primary data-[state=active]:text-primary-foreground transition-all px-6\"\u001b[39m\n            \u001b[33mdata-orientation\u001b[39m=\u001b[32m\"horizontal\"\u001b[39m\n            \u001b[33mdata-radix-collection-item\u001b[39m=\u001b[32m\"\"\u001b[39m\n            \u001b[33mdata-state\u001b[39m=\u001b[32m\"inactive\"\u001b[39m\n            \u001b[33mid\u001b[39m=\u001b[32m\"radix-:rb:-trigger-...\n    at Object.getElementError (/Users/amauricia/Documents/GitHub/Studio-Boss/node_modules/@testing-library/dom/dist/config.js:37:19)\n    at /Users/amauricia/Documents/GitHub/Studio-Boss/node_modules/@testing-library/dom/dist/query-helpers.js:76:38\n    at /Users/amauricia/Documents/GitHub/Stu
[...]
em","Extreme Edge Cases (Guild Auditor)"],"fullName":"stats system Extreme Edge Cases (Guild Auditor) handles negative budget safely","status":"passed","title":"handles negative budget safely","duration":0.08208300000001145,"failureMessages":[],"meta":{}},{"ancestorTitles":["stats system","Extreme Edge Cases (Guild Auditor)"],"fullName":"stats system Extreme Edge Cases (Guild Auditor) handles 0 budget safely","status":"passed","title":"handles 0 budget safely","duration":0.05291599999986829,"failureMessages":[],"meta":{}}],"startTime":1774957049845,"endTime":1774957049848.1948,"status":"passed","message":"","name":"/Users/amauricia/Documents/GitHub/Studio-Boss/src/test/engine/systems/stats.test.ts"},{"assertionResults":[{"ancestorTitles":["Synergy Evaluator"],"fullName":"Synergy Evaluator applies Halo Effect to television projects when a related film is active","status":"passed","title":"applies Halo Effect to television projects when a related film is active","duration":0.7722499999999854,"failureMessages":[],"meta":{}},{"ancestorTitles":["Synergy Evaluator"],"fullName":"Synergy Evaluator applies Built-in Audience bonus to films if the vault has syndicated TV assets","status":"passed","title":"applies Built-in Audience bonus to films if the vault has syndicated TV assets","duration":0.1954169999999067,"failureMessages":[],"meta":{}},{"ancestorTitles":["Synergy Evaluator"],"fullName":"Synergy Evaluator applies Multi-Format Prestige bonus if the brand spans Film and TV","status":"passed","title":"applies Multi-Format Prestige bonus if the brand spans Film and TV","duration":0.11429199999997763,"failureMessages":[],"meta":{}}],"startTime":1774957054793,"endTime":1774957054794.1953,"status":"passed","message":"","name":"/Users/amauricia/Documents/GitHub/Studio-Boss/src/test/engine/systems/synergyEvaluator.test.ts"},{"assertionResults":[{"ancestorTitles":["applyAwardBoostsToTalent","Wins"],"fullName":"applyAwardBoostsToTalent Wins calculates boosts for a prestigious major win (e.g. Academy Award Best Actor)","status":"passed","title":"calculates boosts for a prestigious major win (e.g. Academy Award Best Actor)","duration":2.186999999999898,"failureMessages":[],"meta":{}},{"ancestorTitles":["applyAwardBoostsToTalent","Wins"],"fullName":"applyAwardBoostsToTalent Wins calculates boosts for a Cannes equivalent supporting win","status":"passed","title":"calculates boosts for a Cannes equivalent supporting win","duration":0.32541700000001583,"failureMessages":[],"meta":{}},{"ancestorTitles":["applyAwardBoostsToTalent","Wins"],"fullName":"applyAwardBoostsToTalent Wins calculates boosts for a Sundance equivalent standard category win","status":"passed","title":"calculates boosts for a Sundance equivalent standard category win","duration":0.17041700000004312,"failureMessages":[],"meta":{}},{"ancestorTitles":["applyAwardBoostsToTalent","Wins"],"fullName":"applyAwardBoostsToTalent Wins calculates boosts for a standard non-prestige win","status":"passed","title":"calculates boosts for a standard non-prestige win","duration":0.09466599999996106,"failureMessages":[],"meta":{}},{"ancestorTitles":["applyAwardBoostsToTalent","Nominations"],"fullName":"applyAwardBoostsToTalent Nominations calculates boosts for a prestigious major nomination","status":"passed","title":"calculates boosts for a prestigious major nomination","duration":0.09970900000007532,"failureMessages":[],"meta":{}},{"ancestorTitles":["applyAwardBoostsToTalent","Nominations"],"fullName":"applyAwardBoostsToTalent Nominations calculates boosts for a Sundance equivalent supporting nomination","status":"passed","title":"calculates boosts for a Sundance equivalent supporting nomination","duration":0.10370800000009694,"failureMessages":[],"meta":{}},{"ancestorTitles":["applyAwardBoostsToTalent","Nominations"],"fullName":"applyAwardBoostsToTalent Nominations calculates boosts for a standard nomination","status":"passed","title":"calculates boosts for a standard nomination","duration":0.0807079999999587,"failureMessages":[],"meta":{}},{"ancestorTitles":["applyAwardBoostsToTalent","Multiplier parameter"],"fullName":"applyAwardBoostsToTalent Multiplier parameter applies the external multiplier parameter correctly","status":"passed","title":"applies the external multiplier parameter correctly","duration":0.07758300000000418,"failureMessages":[],"meta":{}}],"startTime":1774957051342,"endTime":1774957051345.1038,"status":"passed","message":"","name":"/Users/amauricia/Documents/GitHub/Studio-Boss/src/test/engine/systems/talentStats.test.ts"},{"assertionResults":[{"ancestorTitles":["Trends System"],"fullName":"Trends System initializes with a set of default genre trends","status":"passed","title":"initializes with a set of default genre trends","duration":1.5639579999999569,"failureMessages":[],"meta":{}},{"ancestorTitles":["Trends System"],"fullName":"Trends System advances trends correctly over a week","status":"passed","title":"advances trends correctly over a week","duration":0.442417000000205,"failureMessages":[],"meta":{}},{"ancestorTitles":["Trends System"],"fullName":"Trends System calculates the trend multiplier for a matching genre","status":"passed","title":"calculates the trend multiplier for a matching genre","duration":0.19337499999983265,"failureMessages":[],"meta":{}},{"ancestorTitles":["Trends System"],"fullName":"Trends System returns a multiplier of 1.0 for a missing genre","status":"passed","title":"returns a multiplier of 1.0 for a missing genre","duration":0.05204199999980119,"failureMessages":[],"meta":{}},{"ancestorTitles":["Trends System"],"fullName":"Trends System shifts directions properly based on thresholds","status":"passed","title":"shifts directions properly based on thresholds","duration":0.3492909999999938,"failureMessages":[],"meta":{}}],"startTime":1774957049009,"endTime":1774957049011.4424,"status":"passed","message":"","name":"/Users/amauricia/Documents/GitHub/Studio-Boss/src/test/engine/systems/trends.test.ts"},{"assertionResults":[{"ancestorTitles":["Unscripted Projects"],"fullName":"Unscripted Projects creates an unscripted project with correct stats","status":"passed","title":"creates an unscripted project with correct stats","duration":10.277124999999842,"failureMessages":[],"meta":{}}],"startTime":1774957050474,"endTime":1774957050484.277,"status":"passed","message":"","name":"/Users/amauricia/Documents/GitHub/Studio-Boss/src/test/engine/systems/unscripted.test.ts"},{"assertionResults":[{"ancestorTitles":["TalentPanel"],"fullName":"TalentPanel renders talent roster","status":"passed","title":"renders talent roster","duration":230.56795800000054,"failureMessages":[],"meta":{}},{"ancestorTitles":["TalentPanel"],"fullName":"TalentPanel filters talent by role","status":"passed","title":"filters talent by role","duration":86.67195900000024,"failureMessages":[],"meta":{}},{"ancestorTitles":["TalentPanel"],"fullName":"TalentPanel shows empty state when no talent matches filter","status":"passed","title":"shows empty state when no talent matches filter","duration":24.645290999999816,"failureMessages":[],"meta":{}}],"startTime":1774957046690,"endTime":1774957047031.6453,"status":"passed","message":"","name":"/Users/amauricia/Documents/GitHub/Studio-Boss/src/test/components/talent/TalentPanel.test.tsx"},{"assertionResults":[{"ancestorTitles":["generateDemographics"],"fullName":"generateDemographics generates local demographics favoring the provided localCountry","status":"passed","title":"generates local demographics favoring the provided localCountry","duration":2.469916000000012,"failureMessages":[],"meta":{}},{"ancestorTitles":["generateDemographics"],"fullName":"generateDemographics generates global demographics for A-listers ignoring localCountry","status":"passed","title":"generates global demographics for A-listers ignoring localCountry","duration":0.924916999999823,"failureMessages":[],"meta":{}},{"ancestorTitles":["generateDemographics"],"fullName":"generateDemographics provides a sensible ethnicity based on country","status":"passed","title":"provides a sensible ethnicity based on country","duration":0.1832089999998061,"failureMessages":[],"meta":{}}],"startTime":1774957054546,"endTime":1774957054549.183,"status":"passed","message":"","name":"/Users/amauricia/Documents/GitHub/Studio-Boss/src/test/engine/generators/talent/demographicsGenerator.test.ts"},{"assertionResults":[{"ancestorTitles":["generatePsychology"],"fullName":"generatePsychology generates psychological profiles where A-listers have higher base ego","status":"passed","title":"generates psychological profiles where A-listers have higher base ego","duration":2.870292000000063,"failureMessages":[],"meta":{}},{"ancestorTitles":["generatePsychology"],"fullName":"generatePsychology generates attributes within 1-100 range","status":"passed","title":"generates attributes within 1-100 range","duration":6.516791999999896,"failureMessages":[],"meta":{}},{"ancestorTitles":["generatePsychology"],"fullName":"generatePsychology initializes synergy lists as empty arrays","status":"passed","title":"initializes synergy lists as empty arrays","duration":0.22183300000006057,"failureMessages":[],"meta":{}}],"startTime":1774957047290,"endTime":1774957047299.5168,"status":"passed","message":"","name":"/Users/amauricia/Documents/GitHub/Studio-Boss/src/test/engine/generators/talent/psychologyGenerator.test.ts"},{"assertionResults":[{"ancestorTitles":["Agent Brain (Target C2)"],"fullName":"Agent Brain (Target C2) should generate rumors for SHARK agencies","status":"passed","title":"should generate rumors for SHARK agencies","duration":0.6770839999999225,"failureMessages":[],"meta":{}}],"startTime":1774957055954,"endTime":1774957055954.677,"status":"passed","message":"","name":"/Users/amauricia/Documents/GitHub/Studio-Boss/src/test/engine/systems/ai/AgentBrain.test.ts"},{"assertionResults":[{"ancestorTitles":["AI Bidding Engine (Target C2 Refactor)"],"fullName":"AI Bidding Engine (Target C2 Refactor) generates a OPPORTUNITY_UPDATED impact representing a counter-bid","status":"passed","title":"generates a OPPORTUNITY_UPDATED impact representing a counter-bid","duration":0.9676660000000084,"failureMessages":[],"meta":{}},{"ancestorTitles":["AI Bidding Engine (Target C2 Refactor)"],"fullName":"AI Bidding Engine (Target C2 Refactor) does not bid if the rival is already the highest bidder","status":"passed","title":"does not bid if the rival is already the highest bidder","duration":0.14770799999996598,"failureMessages":[],"meta":{}},{"ancestorTitles":["AI Bidding Engine (Target C2 Refactor)"],"fullName":"AI Bidding Engine (Target C2 Refactor) respects budget limits and aggression profiles","status":"passed","title":"respects budget limits and aggression profiles","duration":0.07908300000008239,"failureMessages":[],"meta":{}}],"startTime":1774957052004,"endTime":1774957052005.1477,"status":"passed","message":"","name":"/Users/amauricia/Documents/GitHub/Studio-Boss/src/test/engine/systems/ai/biddingEngine.test.ts"},{"assertionResults":[{"ancestorTitles":["AI Motivation Engine (Target C1)"],"fullName":"AI Motivation Engine (Target C1) should switch to CASH_CRUNCH if cash is extremely low","status":"passed","title":"should switch to CASH_CRUNCH if cash is extremely low","duration":0.7729580000000169,"failureMessages":[],"meta":{}},{"ancestorTitles":["AI Motivation Engine (Target C1)"],"fullName":"AI Motivation Engine (Target C1) should switch to AWARD_CHASE if prestige is high but cash is fine","status":"passed","title":"should switch to AWARD_CHASE if prestige is high but cash is fine","duration":0.21637500000019827,"failureMessages":[],"meta":{}}],"startTime":1774957055668,"endTime":1774957055669.2163,"status":"passed","message":"","name":"/Users/amauricia/Documents/GitHub/Studio-Boss/src/test/engine/systems/ai/motivationEngine.test.ts"},{"assertionResults":[{"ancestorTitles":["Crisis Evaluator (Target A3)"],"fullName":"Crisis Evaluator (Target A3) should resolve a crisis using handlers and return StateImpact objects","status":"passed","title":"should resolve a crisis using handlers and return StateImpact objects","duration":0.9827080000000024,"failureMessages":[],"meta":{}}],"startTime":1774957049858,"endTime":1774957049858.9827,"status":"passed","message":"","name":"/Users/amauricia/Documents/GitHub/Studio-Boss/src/test/engine/systems/production/crisisEvaluator.test.ts"},{"assertionResults":[{"ancestorTitles":["advanceProjectProgress"],"fullName":"advanceProjectProgress halts progress and burns budget if a crisis is active and halting","status":"passed","title":"halts progress and burns budget if a crisis is active and halting","duration":2.8235829999998714,"failureMessages":[],"meta":{}},{"ancestorTitles":["advanceProjectProgress"],"fullName":"advanceProjectProgress advances progress normally when no crisis is active","status":"passed","title":"advances progress normally when no crisis is active","duration":0.2861250000000837,"failureMessages":[],"meta":{}}],"startTime":1774957048516,"endTime":1774957048518.8235,"status":"passed","message":"","name":"/Users/amauricia/Documents/GitHub/Studio-Boss/src/test/engine/systems/production/progressCalculator.test.ts"},{"assertionResults":[{"ancestorTitles":["tickFinance"],"fullName":"tickFinance should generate financial impacts (FUNDS_CHANGED and LEDGER_UPDATED)","status":"passed","title":"should generate financial impacts (FUNDS_CHANGED and LEDGER_UPDATED)","duration":1.1159580000000915,"failureMessages":[],"meta":{}}],"startTime":1774957053410,"endTime":1774957053411.116,"status":"passed","message":"","name":"/Users/amauricia/Documents/GitHub/Studio-Boss/src/test/engine/systems/processors/processFinance.test.ts"},{"assertionResults":[{"ancestorTitles":["tickProduction"],"fullName":"tickProduction ignores projects not in production/development state in the core tick (if logic specifies)","status":"passed","title":"ignores projects not in production/development state in the core tick (if logic specifies)","duration":1.2703749999998308,"failureMessages":[],"meta":{}},{"ancestorTitles":["tickProduction"],"fullName":"tickProduction generates PROJECT_UPDATED impact for production projects","status":"passed","title":"generates PROJECT_UPDATED impact for production projects","duration":0.43516699999986486,"failureMessages":[],"meta":{}}],"startTime":1774957054542,"endTime":1774957054544.435,"status":"passed","message":"","name":"/Users/amauricia/Documents/GitHub/Studio-Boss/src/test/engine/systems/processors/processProduction.test.ts"},{"assertionResults":[{"ancestorTitles":["tickWorldEvents"],"fullName":"tickWorldEvents generates MARKET SATURATION news when a project is released","status":"passed","title":"generates MARKET SATURATION news when a project is released","duration":0.6971670000000358,"failureMessages":[],"meta":{}},{"ancestorTitles":["tickWorldEvents"],"fullName":"tickWorldEvents generates STAR RISING news for talents with high momentum","status":"passed","title":"generates STAR RISING news for talents with high momentum","duration":0.3266249999999218,"failureMessages":[],"meta":{}}],"startTime":1774957055646,"endTime":1774957055647.3267,"status":"passed","message":"","name":"/Users/amauricia/Documents/GitHub/Studio-Boss/src/test/engine/systems/processors/processWorldEvents.test.ts"},{"assertionResults":[{"ancestorTitles":["evaluateMarketingEfficiency"],"fullName":"evaluateMarketingEfficiency penalizes mismatching angles (e.g. Spectacle for an Indie Drama)","status":"passed","title":"penalizes mismatching angles (e.g. Spectacle for an Indie Drama)","duration":1.1430829999999332,"failureMessages":[],"meta":{}},{"ancestorTitles":["evaluateMarketingEfficiency"],"fullName":"evaluateMarketingEfficiency boosts matching angles (e.g. Family Adventure for Animation)","status":"passed","title":"boosts matching angles (e.g. Family Adventure for Animation)","duration":0.19441599999981918,"failureMessages":[],"meta":{}},{"ancestorTitles":["evaluateMarketingEfficiency"],"fullName":"evaluateMarketingEfficiency applies decay if marketing phase lasts too long (e.g., 6 weeks)","status":"passed","title":"applies decay if marketing phase lasts too long (e.g., 6 weeks)","duration":0.12304100000005747,"failureMessages":[],"meta":{}}],"startTime":1774957051977,"endTime":1774957051978.1943,"status":"passed","message":"","name":"/Users/amauricia/Documents/GitHub/Studio-Boss/src/test/engine/systems/marketing/efficiencyEvaluator.test.ts"},{"assertionResults":[{"ancestorTitles":["calculateTerritorySplit"],"fullName":"calculateTerritorySplit skews heavily foreign if foreign marketing budget vastly outpaces domestic","status":"passed","title":"skews heavily foreign if foreign marketing budget vastly outpaces domestic","duration":0.9813750000000709,"failureMessages":[],"meta":{}},{"ancestorTitles":["calculateTerritorySplit"],"fullName":"calculateTerritorySplit skews domestic for Comedy genre even with balanced marketing","status":"passed","title":"skews domestic for Comedy genre even with balanced marketing","duration":0.3624999999999545,"failureMessages":[],"meta":{}}],"startTime":1774957046860,"endTime":1774957046861.3625,"status":"passed","message":"","name":"/Users/amauricia/Documents/GitHub/Studio-Boss/src/test/engine/systems/marketing/territoryDistributor.test.ts"},{"assertionResults":[],"startTime":1774957030191,"endTime":1774957030191,"status":"failed","message":"  x Expected ',', got ';'\n    ,-[/Users/amauricia/Documents/GitHub/Studio-Boss/src/test/engine/systems/television/platformEngine.test.ts:40:1]\n 37 |     culture: { genrePopularity: {} },\n 38 |     history: [],\n 39 |     eventHistory: []\n 40 |   } as unknown as GameState;\n    :                            ^\n 41 | \n 42 |   it('should calculate subscriber growth and churn correctly', () => {\n 43 |     const streamer: StreamerPlatform = {\n    `----\n\n\nCaused by:\n    Syntax Error","name":"/Users/amauricia/Documents/GitHub/Studio-Boss/src/test/engine/systems/television/platformEngine.test.ts"},{"assertionResults":[{"ancestorTitles":["Ratings Evaluator (Target B2)"],"fullName":"Ratings Evaluator (Target B2) should calculate viewership based on buzz and quality (0-10 scale)","status":"passed","title":"should calculate viewership based on buzz and quality (0-10 scale)","duration":3.1410000000000764,"failureMessages":[],"meta":{}},{"ancestorTitles":["Ratings Evaluator (Target B2)"],"fullName":"Ratings Evaluator (Target B2) should apply higher decay if the review score is low","status":"passed","title":"should apply higher decay if the review score is low","duration":2.059834000000137,"failureMessages":[],"meta":{}}],"startTime":1774957048865,"endTime":1774957048871.0598,"status":"passed","message":"","name":"/Users/amauricia/Documents/GitHub/Studio-Boss/src/test/engine/systems/television/ratingsEvaluator.test.ts"},{"assertionResults":[{"ancestorTitles":["Renewal Engine (Target B2)"],"fullName":"Renewal Engine (Target B2) should cancel a show if its average rating is below the threshold","status":"passed","title":"should cancel a show if its average rating is below the threshold","duration":0.7159580000000005,"failureMessages":[],"meta":{}},{"ancestorTitles":["Renewal Engine (Target B2)"],"fullName":"Renewal Engine (Target B2) should renew a show if its average rating is above the threshold","status":"passed","title":"should renew a show if its average rating is above the threshold","duration":2.6979579999999714,"failureMessages":[],"meta":{}},{"ancestorTitles":["Renewal Engine (Target B2)"],"fullName":"Renewal Engine (Target B2) should keep a show ON_AIR if season is not finished","status":"passed","title":"should keep a show ON_AIR if season is not finished","duration":0.4049999999999727,"failureMessages":[],"meta":{}}],"startTime":1774957055137,"endTime":1774957055140.405,"status":"passed","message":"","name":"/Users/amauricia/Documents/GitHub/Studio-Boss/src/test/engine/systems/television/renewalEngine.test.ts"}]}
